2023-11-02 02:38:43 [pool-3-thread-1] INFO  c.z.t.t.k.s.l.TwitterKafkaStatusListener - Twitter status with the text FuscepulvinaradipiscingposuereLoremdolorpuruselitMicroservicesmagnaposuereporttitorFuscemalesuadamagnamagna
2023-11-02 02:38:43 [pool-3-thread-1] INFO  c.z.k.p.c.s.TwitterKafkaProducer - Sending message='{"userId": 1886915219117943199, "id": 3861902715867165646, "text": "FuscepulvinaradipiscingposuereLoremdolorpuruselitMicroservicesmagnaposuereporttitorFuscemalesuadamagnamagna", "createdAt": 1698892723000}' to topic='twitter-topic'
2023-11-02 02:38:43 [kafka-producer-network-thread | producer-1] INFO  c.z.k.p.c.s.TwitterKafkaProducer - Received new metadata. Topic: twitter-topic; Partition 2; Offset 1576; Timestamp 1698892723590, at time 59547457783020
2023-11-02 02:38:53 [pool-3-thread-1] INFO  c.z.t.t.k.s.l.TwitterKafkaStatusListener - Twitter status with the text posueremagnaconsectetuerconsectetuerMicroservicesmalesuadaconsectetuer
2023-11-02 02:38:53 [pool-3-thread-1] INFO  c.z.k.p.c.s.TwitterKafkaProducer - Sending message='{"userId": 6778317912340858087, "id": 3730009372208948697, "text": "posueremagnaconsectetuerconsectetuerMicroservicesmalesuadaconsectetuer", "createdAt": 1698892733000}' to topic='twitter-topic'
2023-11-02 02:38:53 [kafka-producer-network-thread | producer-1] INFO  c.z.k.p.c.s.TwitterKafkaProducer - Received new metadata. Topic: twitter-topic; Partition 1; Offset 1520; Timestamp 1698892733591, at time 59557458004124
2023-11-02 02:39:03 [pool-3-thread-1] INFO  c.z.t.t.k.s.l.TwitterKafkaStatusListener - Twitter status with the text lectusmalesuadacongueposuerepurusMicroservicesporttitorconguepurusipsum
2023-11-02 02:39:03 [pool-3-thread-1] INFO  c.z.k.p.c.s.TwitterKafkaProducer - Sending message='{"userId": 208251447252374419, "id": 3083631857135159521, "text": "lectusmalesuadacongueposuerepurusMicroservicesporttitorconguepurusipsum", "createdAt": 1698892743000}' to topic='twitter-topic'
2023-11-02 02:39:03 [kafka-producer-network-thread | producer-1] INFO  c.z.k.p.c.s.TwitterKafkaProducer - Received new metadata. Topic: twitter-topic; Partition 1; Offset 1521; Timestamp 1698892743592, at time 59567459066955
2023-11-02 02:39:13 [pool-3-thread-1] INFO  c.z.t.t.k.s.l.TwitterKafkaStatusListener - Twitter status with the text congueelitMaecenasMaecenasipsumultriciesadipiscingmassaMicroservicesametmassapulvinarsedsedsitmassa
2023-11-02 02:39:13 [pool-3-thread-1] INFO  c.z.k.p.c.s.TwitterKafkaProducer - Sending message='{"userId": 5405739536097164284, "id": 4834430471488951542, "text": "congueelitMaecenasMaecenasipsumultriciesadipiscingmassaMicroservicesametmassapulvinarsedsedsitmassa", "createdAt": 1698892753000}' to topic='twitter-topic'
2023-11-02 02:39:13 [kafka-producer-network-thread | producer-1] INFO  c.z.k.p.c.s.TwitterKafkaProducer - Received new metadata. Topic: twitter-topic; Partition 2; Offset 1577; Timestamp 1698892753593, at time 59577463188218
2023-11-02 02:39:23 [pool-3-thread-1] INFO  c.z.t.t.k.s.l.TwitterKafkaStatusListener - Twitter status with the text ametlectusFusceMaecenasipsummassaadipiscingMicroserviceslectuspurussedLoremametipsum
2023-11-02 02:39:23 [pool-3-thread-1] INFO  c.z.k.p.c.s.TwitterKafkaProducer - Sending message='{"userId": 7720213795415874686, "id": 4523281133083210467, "text": "ametlectusFusceMaecenasipsummassaadipiscingMicroserviceslectuspurussedLoremametipsum", "createdAt": 1698892763000}' to topic='twitter-topic'
2023-11-02 02:39:23 [kafka-producer-network-thread | producer-1] INFO  c.z.k.p.c.s.TwitterKafkaProducer - Received new metadata. Topic: twitter-topic; Partition 2; Offset 1578; Timestamp 1698892763593, at time 59587462901471
2023-11-02 02:39:33 [pool-3-thread-1] INFO  c.z.t.t.k.s.l.TwitterKafkaStatusListener - Twitter status with the text elitsitelitconsectetueradipiscingmassaMicroservicesLoremmalesuadaelitporttitorelit
2023-11-02 02:39:33 [pool-3-thread-1] INFO  c.z.k.p.c.s.TwitterKafkaProducer - Sending message='{"userId": 6148246457512523129, "id": 653167553170738891, "text": "elitsitelitconsectetueradipiscingmassaMicroservicesLoremmalesuadaelitporttitorelit", "createdAt": 1698892773000}' to topic='twitter-topic'
2023-11-02 02:39:33 [kafka-producer-network-thread | producer-1] INFO  c.z.k.p.c.s.TwitterKafkaProducer - Received new metadata. Topic: twitter-topic; Partition 2; Offset 1579; Timestamp 1698892773594, at time 59597463362941
2023-11-02 02:39:43 [pool-3-thread-1] INFO  c.z.t.t.k.s.l.TwitterKafkaStatusListener - Twitter status with the text FuscepulvinarconsectetuerMicroserviceselitmagna
2023-11-02 02:39:43 [pool-3-thread-1] INFO  c.z.k.p.c.s.TwitterKafkaProducer - Sending message='{"userId": 4519861906416824866, "id": 4627028404012456443, "text": "FuscepulvinarconsectetuerMicroserviceselitmagna", "createdAt": 1698892783000}' to topic='twitter-topic'
2023-11-02 02:39:43 [kafka-producer-network-thread | producer-1] INFO  c.z.k.p.c.s.TwitterKafkaProducer - Received new metadata. Topic: twitter-topic; Partition 2; Offset 1580; Timestamp 1698892783595, at time 59607464201420
2023-11-02 02:39:53 [pool-3-thread-1] INFO  c.z.t.t.k.s.l.TwitterKafkaStatusListener - Twitter status with the text malesuadamassaadipiscingametsitMicroservicesMaecenasMaecenaslectus
2023-11-02 02:39:53 [pool-3-thread-1] INFO  c.z.k.p.c.s.TwitterKafkaProducer - Sending message='{"userId": 2252530072245286539, "id": 2714585122683705887, "text": "malesuadamassaadipiscingametsitMicroservicesMaecenasMaecenaslectus", "createdAt": 1698892793000}' to topic='twitter-topic'
2023-11-02 02:39:53 [kafka-producer-network-thread | producer-1] INFO  c.z.k.p.c.s.TwitterKafkaProducer - Received new metadata. Topic: twitter-topic; Partition 1; Offset 1522; Timestamp 1698892793596, at time 59617465370850
2023-11-02 02:40:03 [pool-3-thread-1] INFO  c.z.t.t.k.s.l.TwitterKafkaStatusListener - Twitter status with the text sitpurusporttitormassapulvinarLoremultriciesMicroservicesdolorpulvinarmalesuadaMaecenasmalesuadamassa
2023-11-02 02:40:03 [pool-3-thread-1] INFO  c.z.k.p.c.s.TwitterKafkaProducer - Sending message='{"userId": 1280173425131519515, "id": 2418460053820813350, "text": "sitpurusporttitormassapulvinarLoremultriciesMicroservicesdolorpulvinarmalesuadaMaecenasmalesuadamassa", "createdAt": 1698892803000}' to topic='twitter-topic'
2023-11-02 02:40:03 [kafka-producer-network-thread | producer-1] INFO  c.z.k.p.c.s.TwitterKafkaProducer - Received new metadata. Topic: twitter-topic; Partition 0; Offset 1547; Timestamp 1698892803596, at time 59627462995350
2023-11-02 02:40:13 [pool-3-thread-1] INFO  c.z.t.t.k.s.l.TwitterKafkaStatusListener - Twitter status with the text ipsummagnaliberoMaecenasultriciessedpurusMicroservicesconsectetuerposuereultriciessedconsectetuer
2023-11-02 02:40:13 [pool-3-thread-1] INFO  c.z.k.p.c.s.TwitterKafkaProducer - Sending message='{"userId": 2118570633500065308, "id": 3410202845322250010, "text": "ipsummagnaliberoMaecenasultriciessedpurusMicroservicesconsectetuerposuereultriciessedconsectetuer", "createdAt": 1698892813000}' to topic='twitter-topic'
2023-11-02 02:40:13 [kafka-producer-network-thread | producer-1] INFO  c.z.k.p.c.s.TwitterKafkaProducer - Received new metadata. Topic: twitter-topic; Partition 1; Offset 1523; Timestamp 1698892813597, at time 59637466105149
2023-11-02 02:40:23 [pool-3-thread-1] INFO  c.z.t.t.k.s.l.TwitterKafkaStatusListener - Twitter status with the text dolorMaecenasMaecenasconguesedipsumLoremMicroservicesposuerelectusLoremmalesuadamalesuadaadipiscing
2023-11-02 02:40:23 [pool-3-thread-1] INFO  c.z.k.p.c.s.TwitterKafkaProducer - Sending message='{"userId": 4996354336285735566, "id": 5537122414095220585, "text": "dolorMaecenasMaecenasconguesedipsumLoremMicroservicesposuerelectusLoremmalesuadamalesuadaadipiscing", "createdAt": 1698892823000}' to topic='twitter-topic'
2023-11-02 02:40:23 [kafka-producer-network-thread | producer-1] INFO  c.z.k.p.c.s.TwitterKafkaProducer - Received new metadata. Topic: twitter-topic; Partition 2; Offset 1581; Timestamp 1698892823597, at time 59647467421603
2023-11-02 02:40:33 [pool-3-thread-1] INFO  c.z.t.t.k.s.l.TwitterKafkaStatusListener - Twitter status with the text MaecenaspulvinarconsectetuerMicroserviceselitipsum
2023-11-02 02:40:33 [pool-3-thread-1] INFO  c.z.k.p.c.s.TwitterKafkaProducer - Sending message='{"userId": 1728117007874935205, "id": 4615989485393373010, "text": "MaecenaspulvinarconsectetuerMicroserviceselitipsum", "createdAt": 1698892833000}' to topic='twitter-topic'
2023-11-02 02:40:33 [kafka-producer-network-thread | producer-1] INFO  c.z.k.p.c.s.TwitterKafkaProducer - Received new metadata. Topic: twitter-topic; Partition 0; Offset 1548; Timestamp 1698892833598, at time 59657467644270
2023-11-02 02:40:43 [pool-3-thread-1] INFO  c.z.t.t.k.s.l.TwitterKafkaStatusListener - Twitter status with the text ametsitconguemassaMicroservicesliberoipsum
2023-11-02 02:40:43 [pool-3-thread-1] INFO  c.z.k.p.c.s.TwitterKafkaProducer - Sending message='{"userId": 5086770106863102742, "id": 1902307319330100984, "text": "ametsitconguemassaMicroservicesliberoipsum", "createdAt": 1698892843000}' to topic='twitter-topic'
2023-11-02 02:40:43 [kafka-producer-network-thread | producer-1] INFO  c.z.k.p.c.s.TwitterKafkaProducer - Received new metadata. Topic: twitter-topic; Partition 0; Offset 1549; Timestamp 1698892843599, at time 59667467070164
2023-11-02 02:40:53 [pool-3-thread-1] INFO  c.z.t.t.k.s.l.TwitterKafkaStatusListener - Twitter status with the text posuereconsectetuerpulvinarpurusMicroservicesametporttitor
2023-11-02 02:40:53 [pool-3-thread-1] INFO  c.z.k.p.c.s.TwitterKafkaProducer - Sending message='{"userId": 7618294613937433826, "id": 4400779549362113149, "text": "posuereconsectetuerpulvinarpurusMicroservicesametporttitor", "createdAt": 1698892853000}' to topic='twitter-topic'
2023-11-02 02:40:53 [kafka-producer-network-thread | producer-1] INFO  c.z.k.p.c.s.TwitterKafkaProducer - Received new metadata. Topic: twitter-topic; Partition 2; Offset 1582; Timestamp 1698892853600, at time 59677469175437
2023-11-02 02:41:03 [pool-3-thread-1] INFO  c.z.t.t.k.s.l.TwitterKafkaStatusListener - Twitter status with the text sedipsumelitcongueFuscepulvinarMicroservicespulvinarmagnaelitultricies
2023-11-02 02:41:03 [pool-3-thread-1] INFO  c.z.k.p.c.s.TwitterKafkaProducer - Sending message='{"userId": 8605565993975130842, "id": 6949267252781153870, "text": "sedipsumelitcongueFuscepulvinarMicroservicespulvinarmagnaelitultricies", "createdAt": 1698892863000}' to topic='twitter-topic'
2023-11-02 02:41:03 [kafka-producer-network-thread | producer-1] INFO  c.z.k.p.c.s.TwitterKafkaProducer - Received new metadata. Topic: twitter-topic; Partition 0; Offset 1550; Timestamp 1698892863600, at time 59687468406011
2023-11-02 02:41:13 [pool-3-thread-1] INFO  c.z.t.t.k.s.l.TwitterKafkaStatusListener - Twitter status with the text sitmassaporttitormalesuadaMicroservicesliberoporttitor
2023-11-02 02:41:13 [pool-3-thread-1] INFO  c.z.k.p.c.s.TwitterKafkaProducer - Sending message='{"userId": 7195905153500007540, "id": 6276494924685700416, "text": "sitmassaporttitormalesuadaMicroservicesliberoporttitor", "createdAt": 1698892873000}' to topic='twitter-topic'
2023-11-02 02:41:13 [kafka-producer-network-thread | producer-1] INFO  c.z.k.p.c.s.TwitterKafkaProducer - Received new metadata. Topic: twitter-topic; Partition 1; Offset 1524; Timestamp 1698892873601, at time 59697470357042
2023-11-02 02:41:23 [pool-3-thread-1] INFO  c.z.t.t.k.s.l.TwitterKafkaStatusListener - Twitter status with the text sedsitdolorconsectetuerdolorcongueliberoMicroserviceselitsedipsumpurusporttitormalesuada
2023-11-02 02:41:23 [pool-3-thread-1] INFO  c.z.k.p.c.s.TwitterKafkaProducer - Sending message='{"userId": 781256322402502892, "id": 5083243539414898949, "text": "sedsitdolorconsectetuerdolorcongueliberoMicroserviceselitsedipsumpurusporttitormalesuada", "createdAt": 1698892883000}' to topic='twitter-topic'
2023-11-02 02:41:23 [kafka-producer-network-thread | producer-1] INFO  c.z.k.p.c.s.TwitterKafkaProducer - Received new metadata. Topic: twitter-topic; Partition 1; Offset 1525; Timestamp 1698892883602, at time 59707471271105
2023-11-02 02:41:33 [pool-3-thread-1] INFO  c.z.t.t.k.s.l.TwitterKafkaStatusListener - Twitter status with the text magnaMaecenassedporttitordolorliberoipsumMicroservicessitelitMaecenasMaecenasamet
2023-11-02 02:41:33 [pool-3-thread-1] INFO  c.z.k.p.c.s.TwitterKafkaProducer - Sending message='{"userId": 5524763772520410095, "id": 1206052814766500569, "text": "magnaMaecenassedporttitordolorliberoipsumMicroservicessitelitMaecenasMaecenasamet", "createdAt": 1698892893000}' to topic='twitter-topic'
2023-11-02 02:41:33 [kafka-producer-network-thread | producer-1] INFO  c.z.k.p.c.s.TwitterKafkaProducer - Received new metadata. Topic: twitter-topic; Partition 1; Offset 1526; Timestamp 1698892893603, at time 59717471868530
2023-11-02 02:41:43 [pool-3-thread-1] INFO  c.z.t.t.k.s.l.TwitterKafkaStatusListener - Twitter status with the text sitMaecenassitadipiscinglectuslectusposuereMicroserviceslectuspurusliberoconguecongue
2023-11-02 02:41:43 [pool-3-thread-1] INFO  c.z.k.p.c.s.TwitterKafkaProducer - Sending message='{"userId": 6957728996309400489, "id": 5240412329207052799, "text": "sitMaecenassitadipiscinglectuslectusposuereMicroserviceslectuspurusliberoconguecongue", "createdAt": 1698892903000}' to topic='twitter-topic'
2023-11-02 02:41:43 [kafka-producer-network-thread | producer-1] INFO  c.z.k.p.c.s.TwitterKafkaProducer - Received new metadata. Topic: twitter-topic; Partition 0; Offset 1551; Timestamp 1698892903604, at time 59727473226477
2023-11-02 02:41:53 [pool-3-thread-1] INFO  c.z.t.t.k.s.l.TwitterKafkaStatusListener - Twitter status with the text massaadipiscingdolorFuscecongueMicroservicesporttitorultriciesFusce
2023-11-02 02:41:53 [pool-3-thread-1] INFO  c.z.k.p.c.s.TwitterKafkaProducer - Sending message='{"userId": 4238697565315579222, "id": 619600340973017609, "text": "massaadipiscingdolorFuscecongueMicroservicesporttitorultriciesFusce", "createdAt": 1698892913000}' to topic='twitter-topic'
2023-11-02 02:41:53 [kafka-producer-network-thread | producer-1] INFO  c.z.k.p.c.s.TwitterKafkaProducer - Received new metadata. Topic: twitter-topic; Partition 2; Offset 1583; Timestamp 1698892913604, at time 59737470895313
2023-11-02 02:42:03 [pool-3-thread-1] INFO  c.z.t.t.k.s.l.TwitterKafkaStatusListener - Twitter status with the text FusceposuereelitMicroservicesultriciesdolor
2023-11-02 02:42:03 [pool-3-thread-1] INFO  c.z.k.p.c.s.TwitterKafkaProducer - Sending message='{"userId": 6799315318171817320, "id": 8980832109182757585, "text": "FusceposuereelitMicroservicesultriciesdolor", "createdAt": 1698892923000}' to topic='twitter-topic'
2023-11-02 02:42:03 [kafka-producer-network-thread | producer-1] INFO  c.z.k.p.c.s.TwitterKafkaProducer - Received new metadata. Topic: twitter-topic; Partition 0; Offset 1552; Timestamp 1698892923605, at time 59747474067281
2023-11-02 02:42:13 [pool-3-thread-1] INFO  c.z.t.t.k.s.l.TwitterKafkaStatusListener - Twitter status with the text situltriciessitFuscepurusliberoametMicroservicesipsumMaecenasposuereametlectus
2023-11-02 02:42:13 [pool-3-thread-1] INFO  c.z.k.p.c.s.TwitterKafkaProducer - Sending message='{"userId": 1617199295006602302, "id": 147515583658556191, "text": "situltriciessitFuscepurusliberoametMicroservicesipsumMaecenasposuereametlectus", "createdAt": 1698892933000}' to topic='twitter-topic'
2023-11-02 02:42:13 [kafka-producer-network-thread | producer-1] INFO  c.z.k.p.c.s.TwitterKafkaProducer - Received new metadata. Topic: twitter-topic; Partition 0; Offset 1553; Timestamp 1698892933605, at time 59757473853735
2023-11-02 02:42:23 [pool-3-thread-1] INFO  c.z.t.t.k.s.l.TwitterKafkaStatusListener - Twitter status with the text ipsumsitporttitormassaultriciesipsumpulvinarMaecenasMicroservicesMaecenaslectusultriciesLoremdolorLoremsit
2023-11-02 02:42:23 [pool-3-thread-1] INFO  c.z.k.p.c.s.TwitterKafkaProducer - Sending message='{"userId": 8034023549245541630, "id": 2129531461713841457, "text": "ipsumsitporttitormassaultriciesipsumpulvinarMaecenasMicroservicesMaecenaslectusultriciesLoremdolorLoremsit", "createdAt": 1698892943000}' to topic='twitter-topic'
2023-11-02 02:42:23 [kafka-producer-network-thread | producer-1] INFO  c.z.k.p.c.s.TwitterKafkaProducer - Received new metadata. Topic: twitter-topic; Partition 2; Offset 1584; Timestamp 1698892943606, at time 59767475766431
2023-11-02 02:42:33 [pool-3-thread-1] INFO  c.z.t.t.k.s.l.TwitterKafkaStatusListener - Twitter status with the text ametMaecenasliberoultriciescongueelitMicroservicesposuerelectusultriciescongue
2023-11-02 02:42:33 [pool-3-thread-1] INFO  c.z.k.p.c.s.TwitterKafkaProducer - Sending message='{"userId": 6267843401031422972, "id": 2368550164733450237, "text": "ametMaecenasliberoultriciescongueelitMicroservicesposuerelectusultriciescongue", "createdAt": 1698892953000}' to topic='twitter-topic'
2023-11-02 02:42:33 [kafka-producer-network-thread | producer-1] INFO  c.z.k.p.c.s.TwitterKafkaProducer - Received new metadata. Topic: twitter-topic; Partition 1; Offset 1527; Timestamp 1698892953607, at time 59777476335996
2023-11-02 02:42:43 [pool-3-thread-1] INFO  c.z.t.t.k.s.l.TwitterKafkaStatusListener - Twitter status with the text ametsitporttitorposuereMaecenasliberoultriciesMicroservicesadipiscingmalesuadaconguemassapulvinaradipiscing
2023-11-02 02:42:43 [pool-3-thread-1] INFO  c.z.k.p.c.s.TwitterKafkaProducer - Sending message='{"userId": 4482972085974192456, "id": 6732299442750303956, "text": "ametsitporttitorposuereMaecenasliberoultriciesMicroservicesadipiscingmalesuadaconguemassapulvinaradipiscing", "createdAt": 1698892963000}' to topic='twitter-topic'
2023-11-02 02:42:43 [kafka-producer-network-thread | producer-1] INFO  c.z.k.p.c.s.TwitterKafkaProducer - Received new metadata. Topic: twitter-topic; Partition 2; Offset 1585; Timestamp 1698892963608, at time 59787477474663
2023-11-02 02:42:53 [pool-3-thread-1] INFO  c.z.t.t.k.s.l.TwitterKafkaStatusListener - Twitter status with the text conguecongueultriciesLoremmagnamassamagnaMicroservicesmassapurusadipiscinglectusporttitorcongue
2023-11-02 02:42:53 [pool-3-thread-1] INFO  c.z.k.p.c.s.TwitterKafkaProducer - Sending message='{"userId": 7137267763980121051, "id": 4922448607881147911, "text": "conguecongueultriciesLoremmagnamassamagnaMicroservicesmassapurusadipiscinglectusporttitorcongue", "createdAt": 1698892973000}' to topic='twitter-topic'
2023-11-02 02:42:53 [kafka-producer-network-thread | producer-1] INFO  c.z.k.p.c.s.TwitterKafkaProducer - Received new metadata. Topic: twitter-topic; Partition 1; Offset 1528; Timestamp 1698892973609, at time 59797478238395
2023-11-02 02:43:03 [pool-3-thread-1] INFO  c.z.t.t.k.s.l.TwitterKafkaStatusListener - Twitter status with the text purusultriciespurusadipiscingconsectetuerconsectetuerMaecenasconsectetuerMicroservicespulvinarmalesuadaadipiscingipsumadipiscingporttitormassa
2023-11-02 02:43:03 [pool-3-thread-1] INFO  c.z.k.p.c.s.TwitterKafkaProducer - Sending message='{"userId": 7365535134833066837, "id": 3609777729406919909, "text": "purusultriciespurusadipiscingconsectetuerconsectetuerMaecenasconsectetuerMicroservicespulvinarmalesuadaadipiscingipsumadipiscingporttitormassa", "createdAt": 1698892983000}' to topic='twitter-topic'
2023-11-02 02:43:03 [kafka-producer-network-thread | producer-1] INFO  c.z.k.p.c.s.TwitterKafkaProducer - Received new metadata. Topic: twitter-topic; Partition 0; Offset 1554; Timestamp 1698892983610, at time 59807479193365
2023-11-02 02:43:13 [pool-3-thread-1] INFO  c.z.t.t.k.s.l.TwitterKafkaStatusListener - Twitter status with the text LoremmagnasedadipiscingmagnaultriciesametmassaMicroservicesmalesuadamagnaametmagnasitFuscedolor
2023-11-02 02:43:13 [pool-3-thread-1] INFO  c.z.k.p.c.s.TwitterKafkaProducer - Sending message='{"userId": 1309588241753758626, "id": 5490342778130888272, "text": "LoremmagnasedadipiscingmagnaultriciesametmassaMicroservicesmalesuadamagnaametmagnasitFuscedolor", "createdAt": 1698892993000}' to topic='twitter-topic'
2023-11-02 02:43:13 [kafka-producer-network-thread | producer-1] INFO  c.z.k.p.c.s.TwitterKafkaProducer - Received new metadata. Topic: twitter-topic; Partition 0; Offset 1555; Timestamp 1698892993611, at time 59817479932496
