2022-10-31 21:17:42 [main] INFO  c.z.t.t.k.s.TwitterToKafkaService - Starting TwitterToKafkaService using Java 17.0.3.1 on DESKTOP-SSKB1PM with PID 15700 (C:\Users\Zack Ogoma\Documents\ZACK ilabs\udemy-event-driven-microservices\twitter-to-kafka-service\target\classes started by Zack Ogoma in C:\Users\Zack Ogoma\Documents\ZACK ilabs\udemy-event-driven-microservices)
2022-10-31 21:17:42 [main] INFO  c.z.t.t.k.s.TwitterToKafkaService - No active profile set, falling back to 1 default profile: "default"
2022-10-31 21:17:44 [main] INFO  c.z.t.t.k.s.TwitterToKafkaService - Started TwitterToKafkaService in 2.563 seconds (JVM running for 5.248)
2022-10-31 21:17:44 [main] INFO  c.z.t.t.k.s.TwitterToKafkaService - Application has started
2022-10-31 21:17:44 [main] INFO  c.z.t.t.k.s.TwitterToKafkaService - [Microservices]
2022-10-31 21:17:44 [main] INFO  c.z.t.t.k.s.TwitterToKafkaService - Welcome Home
2022-10-31 21:17:44 [main] INFO  c.z.t.t.k.s.r.I.MockKafkaStreamRunner - Starting mock filtering twitter streams for keywords [Microservices]
2022-10-31 21:17:44 [pool-1-thread-1] INFO  c.z.t.t.k.s.l.TwitterKafkaStatusListener - Twitter status with the text dolorporttitorMaecenasMaecenaslectuslectusametMicroservicespulvinarMaecenasporttitormassaelit
2022-10-31 21:17:54 [pool-1-thread-1] INFO  c.z.t.t.k.s.l.TwitterKafkaStatusListener - Twitter status with the text malesuadasedLoremMicroservicesFuscelectus
2022-10-31 21:18:04 [pool-1-thread-1] INFO  c.z.t.t.k.s.l.TwitterKafkaStatusListener - Twitter status with the text congueporttitormagnaMaecenasLoremMicroservicesconsectetuerpulvinarconsectetuer
2022-10-31 21:18:14 [pool-1-thread-1] INFO  c.z.t.t.k.s.l.TwitterKafkaStatusListener - Twitter status with the text liberolectusporttitorFuscesitdolorMicroservicesadipiscingsedporttitorsitipsum
2022-10-31 21:18:24 [pool-1-thread-1] INFO  c.z.t.t.k.s.l.TwitterKafkaStatusListener - Twitter status with the text massapulvinarpulvinarelitpuruspulvinarMicroservicessitipsumcongueporttitorLorem
2022-10-31 21:18:34 [pool-1-thread-1] INFO  c.z.t.t.k.s.l.TwitterKafkaStatusListener - Twitter status with the text sitliberomagnasedsitFusceMicroservicespulvinarporttitorpulvinardolor
2022-10-31 21:18:44 [pool-1-thread-1] INFO  c.z.t.t.k.s.l.TwitterKafkaStatusListener - Twitter status with the text liberoipsummalesuadaposuereadipiscingMicroservicesconsectetuerliberoposuere
2022-10-31 21:18:54 [pool-1-thread-1] INFO  c.z.t.t.k.s.l.TwitterKafkaStatusListener - Twitter status with the text sitLorempurussedadipiscingipsumporttitorliberoMicroservicesconguepurusLoremLoremcongueelit
2022-10-31 21:19:04 [pool-1-thread-1] INFO  c.z.t.t.k.s.l.TwitterKafkaStatusListener - Twitter status with the text adipiscingLoremposueresitipsumMicroserviceselitMaecenasamet
2022-10-31 21:19:14 [pool-1-thread-1] INFO  c.z.t.t.k.s.l.TwitterKafkaStatusListener - Twitter status with the text sedsitsitsedFuscesitMicroservicesipsumelitporttitormassa
2022-10-31 21:19:24 [pool-1-thread-1] INFO  c.z.t.t.k.s.l.TwitterKafkaStatusListener - Twitter status with the text consectetuerpurusporttitoripsumsedLoremMicroservicesmassaametporttitorporttitorporttitor
2022-10-31 21:19:34 [pool-1-thread-1] INFO  c.z.t.t.k.s.l.TwitterKafkaStatusListener - Twitter status with the text elitlectusFuscedolorporttitordolorMicroservicessedadipiscingadipiscingpulvinar
2022-10-31 21:19:44 [pool-1-thread-1] INFO  c.z.t.t.k.s.l.TwitterKafkaStatusListener - Twitter status with the text ipsumporttitormalesuadaipsumadipiscingelitposuereMicroservicespurusFusceliberoametporttitor
2022-10-31 21:19:54 [pool-1-thread-1] INFO  c.z.t.t.k.s.l.TwitterKafkaStatusListener - Twitter status with the text elitametliberolectusametelitMicroservicespurussitMaecenasdolor
2022-10-31 21:20:04 [pool-1-thread-1] INFO  c.z.t.t.k.s.l.TwitterKafkaStatusListener - Twitter status with the text adipiscingipsumlectuspurussedMicroservicesmassamassaamet
2022-10-31 21:20:14 [pool-1-thread-1] INFO  c.z.t.t.k.s.l.TwitterKafkaStatusListener - Twitter status with the text lectusmalesuadapulvinarultriciesMicroservicesultriciesdolor
2022-10-31 21:20:24 [pool-1-thread-1] INFO  c.z.t.t.k.s.l.TwitterKafkaStatusListener - Twitter status with the text malesuadaliberomassaposuereporttitorLorempulvinarsedMicroservicesporttitorlectusmagnaelitipsumsit
2022-10-31 21:20:34 [pool-1-thread-1] INFO  c.z.t.t.k.s.l.TwitterKafkaStatusListener - Twitter status with the text FusceconguecongueconsectetuerporttitorsitMicroservicesdolorpulvinarelitlectuspulvinar
2022-10-31 21:20:44 [pool-1-thread-1] INFO  c.z.t.t.k.s.l.TwitterKafkaStatusListener - Twitter status with the text adipiscingultriciespulvinarmagnaipsumipsumporttitorMicroservicessitdolormalesuadadolorsitLorem
2022-10-31 21:20:54 [pool-1-thread-1] INFO  c.z.t.t.k.s.l.TwitterKafkaStatusListener - Twitter status with the text elitipsumlectuspulvinarconsectetuerporttitorMicroserviceslectusipsumporttitorpulvinarsed
2022-10-31 21:21:04 [pool-1-thread-1] INFO  c.z.t.t.k.s.l.TwitterKafkaStatusListener - Twitter status with the text LoremconguemassaMicroservicespurusdolor
2022-10-31 21:21:14 [pool-1-thread-1] INFO  c.z.t.t.k.s.l.TwitterKafkaStatusListener - Twitter status with the text pulvinarmassapulvinaripsumultriciesMicroservicesliberositdolor
2022-10-31 21:21:24 [pool-1-thread-1] INFO  c.z.t.t.k.s.l.TwitterKafkaStatusListener - Twitter status with the text pulvinarFusceultriciesconsectetuerMicroservicessedcongue
2022-10-31 21:21:34 [pool-1-thread-1] INFO  c.z.t.t.k.s.l.TwitterKafkaStatusListener - Twitter status with the text sedelitdolorconguepulvinarpurusMicroservicesdolorlectusametFuscepurus
2022-10-31 21:21:44 [pool-1-thread-1] INFO  c.z.t.t.k.s.l.TwitterKafkaStatusListener - Twitter status with the text elitcongueMaecenasliberopurusMicroservicesLoremposueresedconsectetuer
2022-10-31 21:21:54 [pool-1-thread-1] INFO  c.z.t.t.k.s.l.TwitterKafkaStatusListener - Twitter status with the text congueposuerepulvinarsedmassapulvinarmassaMicroservicesmagnaporttitorametmalesuadamagnalibero
2022-10-31 21:22:04 [pool-1-thread-1] INFO  c.z.t.t.k.s.l.TwitterKafkaStatusListener - Twitter status with the text ultriciesconsectetuerconsectetuerametpulvinarmagnamalesuadamassaMicroservicesLoremMaecenasFuscesedipsumpurus
2022-10-31 21:22:14 [pool-1-thread-1] INFO  c.z.t.t.k.s.l.TwitterKafkaStatusListener - Twitter status with the text ipsumpuruscongueametlectusmalesuadaLoremLoremMicroservicesporttitorultriciesliberopulvinarposuereconsectetuerdolor
2022-10-31 21:22:24 [pool-1-thread-1] INFO  c.z.t.t.k.s.l.TwitterKafkaStatusListener - Twitter status with the text MaecenasmalesuadaipsumipsumpulvinarconsectetuerMicroservicesconsectetuercongueporttitorelitdolor
2022-10-31 21:22:34 [pool-1-thread-1] INFO  c.z.t.t.k.s.l.TwitterKafkaStatusListener - Twitter status with the text malesuadaliberosedcongueMicroservicesLoremposuereporttitor
2022-10-31 21:22:45 [pool-1-thread-1] INFO  c.z.t.t.k.s.l.TwitterKafkaStatusListener - Twitter status with the text posuereipsumsitMicroservicesliberomagna
2022-10-31 21:22:55 [pool-1-thread-1] INFO  c.z.t.t.k.s.l.TwitterKafkaStatusListener - Twitter status with the text posuereliberomassaadipiscingmagnaipsumdolorconsectetuerMicroservicesultriciesultriciesmagnaadipiscingelitlibero
2022-10-31 21:23:05 [pool-1-thread-1] INFO  c.z.t.t.k.s.l.TwitterKafkaStatusListener - Twitter status with the text magnamagnasitMaecenaspulvinarporttitorMicroservicesmagnaposuerelectusadipiscing
2022-10-31 21:23:15 [pool-1-thread-1] INFO  c.z.t.t.k.s.l.TwitterKafkaStatusListener - Twitter status with the text ultricieselitsedipsumliberodolorMicroservicessedmalesuadamassaconsectetuerLorem
2022-10-31 21:23:25 [pool-1-thread-1] INFO  c.z.t.t.k.s.l.TwitterKafkaStatusListener - Twitter status with the text massaposueremalesuadaMaecenasliberoMicroserviceselitadipiscingconguemagna
2022-10-31 21:23:35 [pool-1-thread-1] INFO  c.z.t.t.k.s.l.TwitterKafkaStatusListener - Twitter status with the text liberoliberoconsectetuermagnaMicroservicessitamet
2022-10-31 21:23:45 [pool-1-thread-1] INFO  c.z.t.t.k.s.l.TwitterKafkaStatusListener - Twitter status with the text MaecenasmassaelitMaecenasipsumMicroservicesmagnaultriciespulvinarultricies
2022-10-31 21:23:55 [pool-1-thread-1] INFO  c.z.t.t.k.s.l.TwitterKafkaStatusListener - Twitter status with the text malesuadaadipiscingmassaelitadipiscingMicroservicesametmagnadolor
2022-10-31 21:24:05 [pool-1-thread-1] INFO  c.z.t.t.k.s.l.TwitterKafkaStatusListener - Twitter status with the text porttitorlectuspulvinarsedFusceLoremelitMicroservicesliberoipsumliberoametporttitor
2022-10-31 21:24:15 [pool-1-thread-1] INFO  c.z.t.t.k.s.l.TwitterKafkaStatusListener - Twitter status with the text porttitorporttitormalesuadaliberoliberoMicroserviceselitsedconguemagna
2022-10-31 21:24:25 [pool-1-thread-1] INFO  c.z.t.t.k.s.l.TwitterKafkaStatusListener - Twitter status with the text adipiscingMaecenasposueremalesuadaconsectetuermassaMicroservicessitelitdolorelit
2022-10-31 21:24:35 [pool-1-thread-1] INFO  c.z.t.t.k.s.l.TwitterKafkaStatusListener - Twitter status with the text sitdoloripsumpuruspulvinarMicroservicesmassapulvinarMaecenasporttitor
2022-10-31 21:24:45 [pool-1-thread-1] INFO  c.z.t.t.k.s.l.TwitterKafkaStatusListener - Twitter status with the text LoremconsectetuerultriciesconsectetuerlectusmalesuadaMicroservicesametpuruscongueMaecenas
2022-10-31 21:24:55 [pool-1-thread-1] INFO  c.z.t.t.k.s.l.TwitterKafkaStatusListener - Twitter status with the text elitdolorsedliberoFusceconguemassalectusMicroservicespurusconsectetuermagnamalesuadalectusporttitormalesuada
2022-10-31 21:25:05 [pool-1-thread-1] INFO  c.z.t.t.k.s.l.TwitterKafkaStatusListener - Twitter status with the text purusFusceipsumMicroservicesposuerelibero
2022-10-31 21:25:15 [pool-1-thread-1] INFO  c.z.t.t.k.s.l.TwitterKafkaStatusListener - Twitter status with the text FusceelitultriciesposuereFusceelitsedMicroservicesposuereporttitorporttitorsitadipiscingposuere
2022-10-31 21:25:25 [pool-1-thread-1] INFO  c.z.t.t.k.s.l.TwitterKafkaStatusListener - Twitter status with the text liberoliberosedmagnaMaecenasMicroservicespulvinarmalesuadalectus
2022-10-31 21:25:35 [pool-1-thread-1] INFO  c.z.t.t.k.s.l.TwitterKafkaStatusListener - Twitter status with the text posuereposuerepurusFuscepulvinarelitLoremMicroservicesLoremposuereLoremelitmalesuada
2022-10-31 21:25:45 [pool-1-thread-1] INFO  c.z.t.t.k.s.l.TwitterKafkaStatusListener - Twitter status with the text elitdolorametpulvinarMicroservicesmassaamet
2022-10-31 21:25:55 [pool-1-thread-1] INFO  c.z.t.t.k.s.l.TwitterKafkaStatusListener - Twitter status with the text FuscemalesuadaliberopulvinarmassaporttitorultriciespulvinarMicroservicesmalesuadaultriciesporttitorsitmassaconsectetuer
2022-10-31 21:26:05 [pool-1-thread-1] INFO  c.z.t.t.k.s.l.TwitterKafkaStatusListener - Twitter status with the text porttitorliberocongueMicroservicesadipiscingelit
2022-10-31 21:26:15 [pool-1-thread-1] INFO  c.z.t.t.k.s.l.TwitterKafkaStatusListener - Twitter status with the text malesuadaametadipiscingsedpulvinarpuruselitMicroservicesliberoultricieslectusporttitorconsectetuerlectus
2022-10-31 21:26:25 [pool-1-thread-1] INFO  c.z.t.t.k.s.l.TwitterKafkaStatusListener - Twitter status with the text conguedolorlectusliberoLoremipsumametporttitorMicroservicesliberositLoremdolorposuereporttitormalesuada
2022-10-31 21:26:35 [pool-1-thread-1] INFO  c.z.t.t.k.s.l.TwitterKafkaStatusListener - Twitter status with the text conguepulvinarMaecenasFusceMicroservicesMaecenasadipiscingporttitor
2022-10-31 21:26:45 [pool-1-thread-1] INFO  c.z.t.t.k.s.l.TwitterKafkaStatusListener - Twitter status with the text FusceposuereconsectetuermalesuadamagnaipsumMicroservicespulvinarFusceametmassa
2022-10-31 21:26:55 [pool-1-thread-1] INFO  c.z.t.t.k.s.l.TwitterKafkaStatusListener - Twitter status with the text sitelitipsumposuereMicroserviceselitpulvinarlectus
2022-10-31 21:27:05 [pool-1-thread-1] INFO  c.z.t.t.k.s.l.TwitterKafkaStatusListener - Twitter status with the text elitsedMaecenasmalesuadaposuereliberoposuereMicroservicespulvinarMaecenasFusceseddolor
2022-10-31 21:27:15 [pool-1-thread-1] INFO  c.z.t.t.k.s.l.TwitterKafkaStatusListener - Twitter status with the text sitmalesuadaadipiscingelitMicroservicesipsumpulvinarsit
2022-10-31 21:27:25 [pool-1-thread-1] INFO  c.z.t.t.k.s.l.TwitterKafkaStatusListener - Twitter status with the text sedposuereLoremMaecenasMicroservicespulvinarposuereadipiscing
2022-10-31 21:27:35 [pool-1-thread-1] INFO  c.z.t.t.k.s.l.TwitterKafkaStatusListener - Twitter status with the text pulvinarametametMaecenaslectuspurusmagnaMicroservicesposuereadipiscinglectusametametcongue
2022-10-31 21:27:45 [pool-1-thread-1] INFO  c.z.t.t.k.s.l.TwitterKafkaStatusListener - Twitter status with the text ultriciessitelitMicroservicescongueporttitor
2022-10-31 21:27:55 [pool-1-thread-1] INFO  c.z.t.t.k.s.l.TwitterKafkaStatusListener - Twitter status with the text pulvinarelitpurusMicroservicesipsumdolor
2022-10-31 21:28:05 [pool-1-thread-1] INFO  c.z.t.t.k.s.l.TwitterKafkaStatusListener - Twitter status with the text ultriciesmassamagnaultricieselitsedMicroservicespurusmagnacongueipsumlibero
2022-10-31 21:28:15 [pool-1-thread-1] INFO  c.z.t.t.k.s.l.TwitterKafkaStatusListener - Twitter status with the text massaametpurusametsedpurusmassaMicroserviceslectusmagnaipsummalesuadamagnapurus
2022-10-31 21:28:25 [pool-1-thread-1] INFO  c.z.t.t.k.s.l.TwitterKafkaStatusListener - Twitter status with the text adipiscingipsumLoremMicroservicessitconsectetuer
2022-10-31 21:28:35 [pool-1-thread-1] INFO  c.z.t.t.k.s.l.TwitterKafkaStatusListener - Twitter status with the text malesuadaposueremalesuadaultriciesMaecenasMicroservicesposuereFusceFuscelibero
2022-10-31 21:28:45 [pool-1-thread-1] INFO  c.z.t.t.k.s.l.TwitterKafkaStatusListener - Twitter status with the text dolorpurusMaecenasMicroservicesametmalesuada
2022-10-31 21:28:55 [pool-1-thread-1] INFO  c.z.t.t.k.s.l.TwitterKafkaStatusListener - Twitter status with the text magnadolordolorconsectetuerpulvinarMicroservicespulvinarMaecenasMaecenas
2022-10-31 21:29:05 [pool-1-thread-1] INFO  c.z.t.t.k.s.l.TwitterKafkaStatusListener - Twitter status with the text ipsumlectusporttitormalesuadaipsumMicroservicesultriciesFuscesit
2022-10-31 21:29:15 [pool-1-thread-1] INFO  c.z.t.t.k.s.l.TwitterKafkaStatusListener - Twitter status with the text malesuadaipsumLorempurusliberoMicroserviceselitipsumLorem
2022-10-31 21:29:25 [pool-1-thread-1] INFO  c.z.t.t.k.s.l.TwitterKafkaStatusListener - Twitter status with the text purussedlectusliberoelitmagnamagnaMicroservicesdolorconsectetuerliberoLoremporttitor
2022-10-31 21:29:35 [pool-1-thread-1] INFO  c.z.t.t.k.s.l.TwitterKafkaStatusListener - Twitter status with the text pulvinaripsummagnapulvinaradipiscingporttitorMicroserviceselitporttitoradipiscingposuereLorem
2022-10-31 21:29:45 [pool-1-thread-1] INFO  c.z.t.t.k.s.l.TwitterKafkaStatusListener - Twitter status with the text ametmassasitsedMicroservicesadipiscingpurus
2022-10-31 21:29:55 [pool-1-thread-1] INFO  c.z.t.t.k.s.l.TwitterKafkaStatusListener - Twitter status with the text LoremFusceipsumMicroservicesametpulvinar
2022-10-31 21:30:05 [pool-1-thread-1] INFO  c.z.t.t.k.s.l.TwitterKafkaStatusListener - Twitter status with the text adipiscingLoremmassapurusMicroservicessedelitipsum
2022-10-31 21:30:15 [pool-1-thread-1] INFO  c.z.t.t.k.s.l.TwitterKafkaStatusListener - Twitter status with the text conguepulvinarposuereconguemassaposuereMicroservicesadipiscingposuereametmagna
2022-10-31 21:30:25 [pool-1-thread-1] INFO  c.z.t.t.k.s.l.TwitterKafkaStatusListener - Twitter status with the text liberoipsumMaecenasFuscecongueposuereMicroservicesposueredolordoloripsum
2022-10-31 21:30:35 [pool-1-thread-1] INFO  c.z.t.t.k.s.l.TwitterKafkaStatusListener - Twitter status with the text LoremsedipsumdolorametdolorlectusconsectetuerMicroservicessitdolorsitconsectetueripsumconsectetuer
2022-10-31 21:30:45 [pool-1-thread-1] INFO  c.z.t.t.k.s.l.TwitterKafkaStatusListener - Twitter status with the text ipsumelitpulvinarMicroservicesLoremLorem
2022-10-31 21:30:55 [pool-1-thread-1] INFO  c.z.t.t.k.s.l.TwitterKafkaStatusListener - Twitter status with the text sitlectuslectusadipiscingMicroservicessedipsumsit
2022-10-31 21:31:05 [pool-1-thread-1] INFO  c.z.t.t.k.s.l.TwitterKafkaStatusListener - Twitter status with the text posueremalesuadaultriciesMicroserviceslectusconsectetuer
2022-10-31 21:31:15 [pool-1-thread-1] INFO  c.z.t.t.k.s.l.TwitterKafkaStatusListener - Twitter status with the text sedpuruslectusMicroservicespulvinarcongue
2022-10-31 21:31:25 [pool-1-thread-1] INFO  c.z.t.t.k.s.l.TwitterKafkaStatusListener - Twitter status with the text LoremipsumametipsumsedlectusMicroservicesadipiscingmassalectusipsumpulvinar
2022-10-31 21:31:35 [pool-1-thread-1] INFO  c.z.t.t.k.s.l.TwitterKafkaStatusListener - Twitter status with the text ultriciesLoremFusceliberoliberoMicroservicesLorempulvinarmalesuadaelit
2022-10-31 21:31:45 [pool-1-thread-1] INFO  c.z.t.t.k.s.l.TwitterKafkaStatusListener - Twitter status with the text ametMaecenasLoremadipiscingMicroservicespulvinarmassa
2022-10-31 21:31:55 [pool-1-thread-1] INFO  c.z.t.t.k.s.l.TwitterKafkaStatusListener - Twitter status with the text FusceconsectetueripsumsitmassaMaecenasdolorMicroservicesmalesuadaMaecenaselitdoloradipiscing
2022-10-31 21:32:05 [pool-1-thread-1] INFO  c.z.t.t.k.s.l.TwitterKafkaStatusListener - Twitter status with the text ipsumadipiscingpurusametcongueipsumMicroserviceslectusadipiscingliberoposueremagna
2022-10-31 21:32:15 [pool-1-thread-1] INFO  c.z.t.t.k.s.l.TwitterKafkaStatusListener - Twitter status with the text ametametmassaliberomagnaultriciesMicroserviceselitMaecenasMaecenasconguelectus
2022-10-31 21:32:25 [pool-1-thread-1] INFO  c.z.t.t.k.s.l.TwitterKafkaStatusListener - Twitter status with the text congueMaecenasdolorLoremsedMicroservicespulvinarcongueconsectetuercongue
2022-10-31 21:32:35 [pool-1-thread-1] INFO  c.z.t.t.k.s.l.TwitterKafkaStatusListener - Twitter status with the text ametmassaLoremipsumMicroservicesmagnaconguesed
2022-10-31 21:32:45 [pool-1-thread-1] INFO  c.z.t.t.k.s.l.TwitterKafkaStatusListener - Twitter status with the text doloradipiscingdolorpurusMaecenaslectusMaecenasconsectetuerMicroservicesporttitorultriciesametconsectetuerLoremFuscemalesuada
2022-10-31 21:32:55 [pool-1-thread-1] INFO  c.z.t.t.k.s.l.TwitterKafkaStatusListener - Twitter status with the text LoremporttitormalesuadaporttitorliberoMaecenasmassaposuereMicroservicesmalesuadaconguedolorpurusultriciesdolor
2022-10-31 21:33:05 [pool-1-thread-1] INFO  c.z.t.t.k.s.l.TwitterKafkaStatusListener - Twitter status with the text magnaposuereliberoultricieselitpuruslectusconsectetuerMicroservicessedipsumelitmalesuadaconsectetuerFusce
2022-10-31 21:33:15 [pool-1-thread-1] INFO  c.z.t.t.k.s.l.TwitterKafkaStatusListener - Twitter status with the text pulvinarpulvinarMaecenasMicroserviceslectusipsum
2022-10-31 21:33:26 [pool-1-thread-1] INFO  c.z.t.t.k.s.l.TwitterKafkaStatusListener - Twitter status with the text FusceliberopuruspulvinarporttitorMicroservicesconguepulvinarMaecenasadipiscing
2022-10-31 21:33:36 [pool-1-thread-1] INFO  c.z.t.t.k.s.l.TwitterKafkaStatusListener - Twitter status with the text ametelitliberoFuscepulvinaripsumpuruselitMicroservicesdolorconguemagnamassaametmagnaporttitor
2022-10-31 21:33:46 [pool-1-thread-1] INFO  c.z.t.t.k.s.l.TwitterKafkaStatusListener - Twitter status with the text dolorametpurusposuereadipiscinglectusMicroservicesLoremmalesuadaFusceelitconsectetuer
2022-10-31 21:33:56 [pool-1-thread-1] INFO  c.z.t.t.k.s.l.TwitterKafkaStatusListener - Twitter status with the text sedposuerecongueLoremelitMicroservicesmalesuadaLoremipsumposuere
2022-10-31 21:34:06 [pool-1-thread-1] INFO  c.z.t.t.k.s.l.TwitterKafkaStatusListener - Twitter status with the text malesuadaFusceultriciesipsumlectusposueresitMicroservicessitmalesuadamalesuadaporttitordolormalesuada
2022-10-31 21:34:16 [pool-1-thread-1] INFO  c.z.t.t.k.s.l.TwitterKafkaStatusListener - Twitter status with the text elitelitametMicroserviceselitcongue
2022-10-31 21:34:26 [pool-1-thread-1] INFO  c.z.t.t.k.s.l.TwitterKafkaStatusListener - Twitter status with the text purusadipiscingsitporttitorconsectetuermagnasitcongueMicroservicesliberomagnapuruspulvinarametLoremmagna
2022-10-31 21:34:36 [pool-1-thread-1] INFO  c.z.t.t.k.s.l.TwitterKafkaStatusListener - Twitter status with the text MaecenasLorempurusFuscemalesuadaadipiscingliberoMicroservicesdolorsitMaecenasMaecenasmagna
2022-10-31 21:34:46 [pool-1-thread-1] INFO  c.z.t.t.k.s.l.TwitterKafkaStatusListener - Twitter status with the text ipsumporttitorpurusMicroservicesmalesuadadolor
2022-10-31 21:34:56 [pool-1-thread-1] INFO  c.z.t.t.k.s.l.TwitterKafkaStatusListener - Twitter status with the text malesuadaFuscesitelitliberoipsumpuruspulvinarMicroservicesultriciescongueconsectetuermassapuruselit
2022-10-31 21:35:06 [pool-1-thread-1] INFO  c.z.t.t.k.s.l.TwitterKafkaStatusListener - Twitter status with the text lectusdolorlectusMicroservicessitdolor
2022-10-31 21:35:16 [pool-1-thread-1] INFO  c.z.t.t.k.s.l.TwitterKafkaStatusListener - Twitter status with the text elitultriciespurusdoloradipiscingelitMicroservicesipsumconsectetuercongueLoremconsectetuer
2022-10-31 21:35:26 [pool-1-thread-1] INFO  c.z.t.t.k.s.l.TwitterKafkaStatusListener - Twitter status with the text magnasedFusceMicroservicesLoremsed
2022-10-31 21:35:36 [pool-1-thread-1] INFO  c.z.t.t.k.s.l.TwitterKafkaStatusListener - Twitter status with the text FusceultriciesametMaecenaspulvinarporttitorMicroservicesMaecenasconsectetuerdoloripsum
2022-10-31 21:35:46 [pool-1-thread-1] INFO  c.z.t.t.k.s.l.TwitterKafkaStatusListener - Twitter status with the text FusceMaecenasametmalesuadaipsumametsedMicroservicesultriciessedipsumdolorlectussed
2022-10-31 21:35:56 [pool-1-thread-1] INFO  c.z.t.t.k.s.l.TwitterKafkaStatusListener - Twitter status with the text conguelectusdoloripsumliberoMicroservicesposuerepurusLoremamet
2022-10-31 21:36:06 [pool-1-thread-1] INFO  c.z.t.t.k.s.l.TwitterKafkaStatusListener - Twitter status with the text conguelectusipsumporttitorseddolorMicroservicesdolordolormalesuadaFusceporttitor
2022-10-31 21:36:16 [pool-1-thread-1] INFO  c.z.t.t.k.s.l.TwitterKafkaStatusListener - Twitter status with the text lectusMaecenaspulvinarpulvinarmalesuadaMicroservicespurusconguepurus
2022-10-31 21:36:26 [pool-1-thread-1] INFO  c.z.t.t.k.s.l.TwitterKafkaStatusListener - Twitter status with the text elitmagnaametliberomagnaadipiscingMicroservicesametelitliberopulvinar
2022-10-31 21:36:36 [pool-1-thread-1] INFO  c.z.t.t.k.s.l.TwitterKafkaStatusListener - Twitter status with the text ultriciesdoloradipiscingelitdolorFuscesitMicroservicesconsectetuermagnaipsumsedlibero
2022-10-31 21:36:46 [pool-1-thread-1] INFO  c.z.t.t.k.s.l.TwitterKafkaStatusListener - Twitter status with the text magnaelitMaecenasipsumMicroserviceselitmalesuadaconsectetuer
2022-10-31 21:36:56 [pool-1-thread-1] INFO  c.z.t.t.k.s.l.TwitterKafkaStatusListener - Twitter status with the text MaecenaspulvinarultriciespurusMicroservicesdolorpurusadipiscing
2022-10-31 21:37:06 [pool-1-thread-1] INFO  c.z.t.t.k.s.l.TwitterKafkaStatusListener - Twitter status with the text posuereposuereposuereMicroservicesmalesuadaporttitor
2022-10-31 21:37:16 [pool-1-thread-1] INFO  c.z.t.t.k.s.l.TwitterKafkaStatusListener - Twitter status with the text LoremposueresedMicroservicesametlibero
2022-10-31 21:37:26 [pool-1-thread-1] INFO  c.z.t.t.k.s.l.TwitterKafkaStatusListener - Twitter status with the text ultriciessedconsectetueripsumseddolorMicroservicesliberoelitconguemalesuada
2022-10-31 21:37:36 [pool-1-thread-1] INFO  c.z.t.t.k.s.l.TwitterKafkaStatusListener - Twitter status with the text liberoipsumultriciesadipiscingMicroservicessitMaecenasmagna
2022-10-31 21:37:46 [pool-1-thread-1] INFO  c.z.t.t.k.s.l.TwitterKafkaStatusListener - Twitter status with the text pulvinarsitultriciesMicroservicesmagnacongue
2022-10-31 21:37:56 [pool-1-thread-1] INFO  c.z.t.t.k.s.l.TwitterKafkaStatusListener - Twitter status with the text malesuadamassaipsumipsumadipiscinglectusFuscesedMicroservicesposuereporttitorpulvinarelitdolormalesuadaMaecenas
2022-10-31 21:38:06 [pool-1-thread-1] INFO  c.z.t.t.k.s.l.TwitterKafkaStatusListener - Twitter status with the text congueadipiscingsedliberoMicroservicessitcongue
2022-10-31 21:38:16 [pool-1-thread-1] INFO  c.z.t.t.k.s.l.TwitterKafkaStatusListener - Twitter status with the text MaecenasconsectetuercongueposuerelectussitliberoposuereMicroservicesporttitorLoremporttitorconsectetuermagnaporttitorconsectetuer
2022-10-31 21:38:26 [pool-1-thread-1] INFO  c.z.t.t.k.s.l.TwitterKafkaStatusListener - Twitter status with the text MaecenasipsumporttitorMicroservicesdolormagna
2022-10-31 21:38:36 [pool-1-thread-1] INFO  c.z.t.t.k.s.l.TwitterKafkaStatusListener - Twitter status with the text porttitorporttitorpurusliberocongueMicroservicesadipiscingmagnaLoremlectus
2022-10-31 21:38:46 [pool-1-thread-1] INFO  c.z.t.t.k.s.l.TwitterKafkaStatusListener - Twitter status with the text LorempulvinarposuereametelitametconsectetuerposuereMicroservicesposuereipsumipsumlectusultriciessed
2022-10-31 21:38:56 [pool-1-thread-1] INFO  c.z.t.t.k.s.l.TwitterKafkaStatusListener - Twitter status with the text purusultriciesultriciesposuereelitFusceLoremLoremMicroservicespurusporttitorpuruscongueadipiscingipsumpurus
2022-10-31 21:39:06 [pool-1-thread-1] INFO  c.z.t.t.k.s.l.TwitterKafkaStatusListener - Twitter status with the text posueremassapurusMicroservicesposuerelibero
2022-10-31 21:39:16 [pool-1-thread-1] INFO  c.z.t.t.k.s.l.TwitterKafkaStatusListener - Twitter status with the text massapurusmassaultriciesmagnamagnaMicroserviceselitcongueadipiscinglectus
2022-10-31 21:39:26 [pool-1-thread-1] INFO  c.z.t.t.k.s.l.TwitterKafkaStatusListener - Twitter status with the text adipiscingconsectetueripsumconsectetuerLoremMaecenasametametMicroserviceslectusmassamalesuadadolorFusceametsit
2022-10-31 21:39:36 [pool-1-thread-1] INFO  c.z.t.t.k.s.l.TwitterKafkaStatusListener - Twitter status with the text ultriciesconsectetuerdolorposueremalesuadaposuereipsumlectusMicroservicesconguemagnapulvinarmassapulvinaripsumadipiscing
2022-10-31 21:39:46 [pool-1-thread-1] INFO  c.z.t.t.k.s.l.TwitterKafkaStatusListener - Twitter status with the text ametmassaipsumipsumlectusMicroservicesultriciesultriciessed
2022-10-31 21:39:56 [pool-1-thread-1] INFO  c.z.t.t.k.s.l.TwitterKafkaStatusListener - Twitter status with the text pulvinarmalesuadaFusceLoremFuscesedsitMicroservicesultriciesporttitordolorFusceametconsectetuer
2022-10-31 21:40:06 [pool-1-thread-1] INFO  c.z.t.t.k.s.l.TwitterKafkaStatusListener - Twitter status with the text pulvinarporttitoradipiscingconsectetuerpurusFusceMicroserviceslectusultriciessitamet
2022-10-31 21:40:16 [pool-1-thread-1] INFO  c.z.t.t.k.s.l.TwitterKafkaStatusListener - Twitter status with the text ipsumultriciesametipsumelitMicroservicesipsumcongueLoremipsum
2022-10-31 21:40:26 [pool-1-thread-1] INFO  c.z.t.t.k.s.l.TwitterKafkaStatusListener - Twitter status with the text ultricieselitmalesuadaMicroserviceselitpurus
2022-10-31 21:40:36 [pool-1-thread-1] INFO  c.z.t.t.k.s.l.TwitterKafkaStatusListener - Twitter status with the text elitultriciesMaecenasporttitorMicroservicesmassaultricies
2022-10-31 21:40:46 [pool-1-thread-1] INFO  c.z.t.t.k.s.l.TwitterKafkaStatusListener - Twitter status with the text massaconguelectussedLoremmalesuadapurusadipiscingMicroservicesconsectetuermagnaliberoconsectetuermalesuadaMaecenas
2022-10-31 21:40:56 [pool-1-thread-1] INFO  c.z.t.t.k.s.l.TwitterKafkaStatusListener - Twitter status with the text consectetuermalesuadamalesuadamassaLoremultriciesMicroservicesliberoconguelectusFusce
2022-10-31 21:41:06 [pool-1-thread-1] INFO  c.z.t.t.k.s.l.TwitterKafkaStatusListener - Twitter status with the text sedelitMaecenascongueultriciesipsumpulvinarultriciesMicroservicesFusceMaecenasmagnaFusceposuerelibero
2022-10-31 21:41:16 [pool-1-thread-1] INFO  c.z.t.t.k.s.l.TwitterKafkaStatusListener - Twitter status with the text LoremconsectetueripsumMicroservicesdolorporttitor
2022-10-31 21:41:26 [pool-1-thread-1] INFO  c.z.t.t.k.s.l.TwitterKafkaStatusListener - Twitter status with the text malesuadaposuereliberoposuereMaecenasMicroservicesmagnacongueultriciesipsum
2022-10-31 21:41:36 [pool-1-thread-1] INFO  c.z.t.t.k.s.l.TwitterKafkaStatusListener - Twitter status with the text ultriciesmagnamassasitultriciesFuscemagnaconsectetuerMicroserviceselitpulvinarlectuspulvinarultriciespulvinar
2022-10-31 21:41:46 [pool-1-thread-1] INFO  c.z.t.t.k.s.l.TwitterKafkaStatusListener - Twitter status with the text sitLoremMaecenasametsedipsumLorempulvinarMicroservicessitmagnaMaecenasconguesitpulvinar
2022-10-31 21:41:56 [pool-1-thread-1] INFO  c.z.t.t.k.s.l.TwitterKafkaStatusListener - Twitter status with the text porttitorporttitorsedmagnaporttitorelitametipsumMicroservicesametmalesuadasitmagnasedposueremassa
2022-10-31 21:42:06 [pool-1-thread-1] INFO  c.z.t.t.k.s.l.TwitterKafkaStatusListener - Twitter status with the text sedsedpulvinarultriciesMicroservicesFuscedolorFusce
2022-10-31 21:42:16 [pool-1-thread-1] INFO  c.z.t.t.k.s.l.TwitterKafkaStatusListener - Twitter status with the text elitconsectetuerMaecenasadipiscingmalesuadaMaecenasMicroservicesametlectusultriciesposuere
2022-10-31 21:42:26 [pool-1-thread-1] INFO  c.z.t.t.k.s.l.TwitterKafkaStatusListener - Twitter status with the text sedsitconsectetuerelitporttitorMicroservicesmalesuadalectusultriciespurus
2022-10-31 21:42:36 [pool-1-thread-1] INFO  c.z.t.t.k.s.l.TwitterKafkaStatusListener - Twitter status with the text porttitormalesuadasedadipiscingMicroservicesLoremmassacongue
2022-10-31 21:42:46 [pool-1-thread-1] INFO  c.z.t.t.k.s.l.TwitterKafkaStatusListener - Twitter status with the text porttitorlectussedadipiscingultriciesadipiscingconguesitMicroservicescongueconsectetuermagnapuruslectusporttitor
2022-10-31 21:42:56 [pool-1-thread-1] INFO  c.z.t.t.k.s.l.TwitterKafkaStatusListener - Twitter status with the text elitsitsitposueredolorlectuselitMicroservicesipsummagnaliberopurusconsectetueradipiscing
2022-10-31 21:43:06 [pool-1-thread-1] INFO  c.z.t.t.k.s.l.TwitterKafkaStatusListener - Twitter status with the text massaposuereelitsedLoremMicroservicesliberolectusFusce
2022-10-31 21:43:16 [pool-1-thread-1] INFO  c.z.t.t.k.s.l.TwitterKafkaStatusListener - Twitter status with the text malesuadaFuscesitMicroservicesLoremmassa
2022-10-31 21:43:26 [pool-1-thread-1] INFO  c.z.t.t.k.s.l.TwitterKafkaStatusListener - Twitter status with the text dolorpulvinarlectusposuereMicroservicesipsumelitFusce
2022-10-31 21:43:36 [pool-1-thread-1] INFO  c.z.t.t.k.s.l.TwitterKafkaStatusListener - Twitter status with the text consectetuerMaecenaselitMicroservicesultriciesMaecenas
2022-10-31 21:43:46 [pool-1-thread-1] INFO  c.z.t.t.k.s.l.TwitterKafkaStatusListener - Twitter status with the text posueredolorultriciesliberoametMaecenaselitMicroserviceselitsedlectuselitlectus
2022-10-31 21:43:56 [pool-1-thread-1] INFO  c.z.t.t.k.s.l.TwitterKafkaStatusListener - Twitter status with the text ipsumpulvinarsedFusceMicroservicesposuereconsectetuer
2022-10-31 21:44:06 [pool-1-thread-1] INFO  c.z.t.t.k.s.l.TwitterKafkaStatusListener - Twitter status with the text LoremMaecenaselitporttitoradipiscingporttitorMicroservicessitconsectetuerultriciesamet
2022-10-31 21:44:16 [pool-1-thread-1] INFO  c.z.t.t.k.s.l.TwitterKafkaStatusListener - Twitter status with the text adipiscingMaecenaselitconsectetuerlectusliberopulvinarMicroservicesdolorFuscemagnaporttitormassaipsum
2022-10-31 21:44:26 [pool-1-thread-1] INFO  c.z.t.t.k.s.l.TwitterKafkaStatusListener - Twitter status with the text malesuadaFusceipsumposuereMaecenasmalesuadaMicroservicesmassacongueMaecenasdolorultricies
2022-10-31 21:44:36 [pool-1-thread-1] INFO  c.z.t.t.k.s.l.TwitterKafkaStatusListener - Twitter status with the text ametliberoporttitorLoremmalesuadaMicroservicesMaecenasconsectetuermassa
2022-10-31 21:44:46 [pool-1-thread-1] INFO  c.z.t.t.k.s.l.TwitterKafkaStatusListener - Twitter status with the text sedadipiscingmalesuadapulvinardolorelitFuscecongueMicroservicescongueporttitorsedconsectetueripsumLorem
2022-10-31 21:44:56 [pool-1-thread-1] INFO  c.z.t.t.k.s.l.TwitterKafkaStatusListener - Twitter status with the text adipiscingametporttitoradipiscingporttitorMicroservicesultriciesFuscemassa
2022-10-31 21:45:06 [pool-1-thread-1] INFO  c.z.t.t.k.s.l.TwitterKafkaStatusListener - Twitter status with the text FusceMaecenassedpurusultriciessitdolorMicroservicesliberolectuslectusliberocongue
2022-10-31 21:45:16 [pool-1-thread-1] INFO  c.z.t.t.k.s.l.TwitterKafkaStatusListener - Twitter status with the text lectusporttitorsedFuscesitmassasitpulvinarMicroservicesipsumMaecenassitposuereMaecenaslectusFusce
2022-10-31 21:45:26 [pool-1-thread-1] INFO  c.z.t.t.k.s.l.TwitterKafkaStatusListener - Twitter status with the text malesuadamassaipsumMicroservicesmagnaposuere
2022-10-31 21:45:36 [pool-1-thread-1] INFO  c.z.t.t.k.s.l.TwitterKafkaStatusListener - Twitter status with the text conguepulvinarsedcongueLoremMicroserviceslectuspulvinarpulvinarelit
2022-10-31 21:45:46 [pool-1-thread-1] INFO  c.z.t.t.k.s.l.TwitterKafkaStatusListener - Twitter status with the text magnaelitultriciescongueametpurusliberoadipiscingMicroservicesFusceFusceMaecenasultriciesconguelectusamet
2022-10-31 21:45:56 [pool-1-thread-1] INFO  c.z.t.t.k.s.l.TwitterKafkaStatusListener - Twitter status with the text massapuruselitadipiscingMicroservicesmalesuadamassaLorem
2022-10-31 21:46:06 [pool-1-thread-1] INFO  c.z.t.t.k.s.l.TwitterKafkaStatusListener - Twitter status with the text pulvinarliberoposuereametultriciesMaecenasMicroservicescongueametLoremmagna
2022-10-31 21:46:16 [pool-1-thread-1] INFO  c.z.t.t.k.s.l.TwitterKafkaStatusListener - Twitter status with the text FusceporttitormassaadipiscingametMicroservicesmagnaultricieslectuspulvinar
2022-10-31 21:46:26 [pool-1-thread-1] INFO  c.z.t.t.k.s.l.TwitterKafkaStatusListener - Twitter status with the text liberoposueresitporttitorconsectetuermassadolorMicroservicessitadipiscingFuscepurusmassa
2022-10-31 21:46:36 [pool-1-thread-1] INFO  c.z.t.t.k.s.l.TwitterKafkaStatusListener - Twitter status with the text malesuadaliberositmalesuadaMicroservicesconsectetuerMaecenascongue
2022-10-31 21:46:46 [pool-1-thread-1] INFO  c.z.t.t.k.s.l.TwitterKafkaStatusListener - Twitter status with the text liberoLoremipsumadipiscingmalesuadaipsumlectusMicroserviceselitcongueMaecenaspulvinarpulvinarmassa
2022-10-31 21:46:56 [pool-1-thread-1] INFO  c.z.t.t.k.s.l.TwitterKafkaStatusListener - Twitter status with the text MaecenasultriciescongueipsumametmagnamalesuadaMicroservicesdolorsitpulvinarpurusmalesuada
2022-10-31 21:47:06 [pool-1-thread-1] INFO  c.z.t.t.k.s.l.TwitterKafkaStatusListener - Twitter status with the text elitelitcongueametMicroservicesMaecenasadipiscingsed
2022-10-31 21:47:16 [pool-1-thread-1] INFO  c.z.t.t.k.s.l.TwitterKafkaStatusListener - Twitter status with the text lectusipsumpulvinarlectusMaecenasconguemassaMicroservicesipsumconsectetuerconguepuruspurus
2022-10-31 21:47:26 [pool-1-thread-1] INFO  c.z.t.t.k.s.l.TwitterKafkaStatusListener - Twitter status with the text ipsumelitlectusposuereipsumFusceMicroservicesipsumcongueconsectetuerultricies
2022-10-31 21:47:36 [pool-1-thread-1] INFO  c.z.t.t.k.s.l.TwitterKafkaStatusListener - Twitter status with the text lectusporttitorcongueipsumsitpurusliberomassaMicroservicesposuereFusceconsectetuerametultriciesporttitor
2022-10-31 21:47:46 [pool-1-thread-1] INFO  c.z.t.t.k.s.l.TwitterKafkaStatusListener - Twitter status with the text conguepurusposuereMicroservicesliberocongue
2022-10-31 21:47:56 [pool-1-thread-1] INFO  c.z.t.t.k.s.l.TwitterKafkaStatusListener - Twitter status with the text sedsedadipiscingconsectetuercongueipsumMaecenasadipiscingMicroservicesMaecenaspuruspulvinarmalesuadapurusmagna
2022-10-31 21:48:06 [pool-1-thread-1] INFO  c.z.t.t.k.s.l.TwitterKafkaStatusListener - Twitter status with the text ultriciessitporttitormassaMicroservicesmalesuadaultriciesamet
2022-10-31 21:48:16 [pool-1-thread-1] INFO  c.z.t.t.k.s.l.TwitterKafkaStatusListener - Twitter status with the text lectusmalesuadaultriciesLoremMicroservicesLoremmalesuadaelit
2022-10-31 21:48:26 [pool-1-thread-1] INFO  c.z.t.t.k.s.l.TwitterKafkaStatusListener - Twitter status with the text posuereelitMaecenasdolorMicroservicesFusceposuere
2022-10-31 21:48:36 [pool-1-thread-1] INFO  c.z.t.t.k.s.l.TwitterKafkaStatusListener - Twitter status with the text massaultriciesadipiscingliberomassaMicroservicesadipiscingconguesit
2022-10-31 21:48:46 [pool-1-thread-1] INFO  c.z.t.t.k.s.l.TwitterKafkaStatusListener - Twitter status with the text ametmalesuadaadipiscingLoremMicroservicesMaecenassitMaecenas
2022-10-31 21:48:56 [pool-1-thread-1] INFO  c.z.t.t.k.s.l.TwitterKafkaStatusListener - Twitter status with the text purusipsummalesuadamassasitcongueipsumMicroservicespulvinarmalesuadapulvinarliberoadipiscingdolor
2022-10-31 21:49:06 [pool-1-thread-1] INFO  c.z.t.t.k.s.l.TwitterKafkaStatusListener - Twitter status with the text purusposuereconsectetuerMicroservicesdolorpulvinar
2022-10-31 21:49:16 [pool-1-thread-1] INFO  c.z.t.t.k.s.l.TwitterKafkaStatusListener - Twitter status with the text pulvinarelitFusceconguesedLoremdolorMicroservicescongueadipiscingLoremconguesitporttitor
2022-10-31 21:49:26 [pool-1-thread-1] INFO  c.z.t.t.k.s.l.TwitterKafkaStatusListener - Twitter status with the text ipsumporttitorpuruspulvinarmassaametadipiscingmagnaMicroservicesFusceadipiscingFuscemalesuadalectuspulvinar
2022-10-31 21:49:36 [pool-1-thread-1] INFO  c.z.t.t.k.s.l.TwitterKafkaStatusListener - Twitter status with the text LoremLorempuruspurusMicroservicespurusipsumconsectetuer
2022-10-31 21:49:46 [pool-1-thread-1] INFO  c.z.t.t.k.s.l.TwitterKafkaStatusListener - Twitter status with the text purusipsumultriciesmassaLoremLoremMicroservicesmagnaconsectetuerMaecenasmassadolor
2022-10-31 21:49:56 [pool-1-thread-1] INFO  c.z.t.t.k.s.l.TwitterKafkaStatusListener - Twitter status with the text sedpuruspulvinarpulvinarMicroservicescongueliberodolor
2022-10-31 21:50:06 [pool-1-thread-1] INFO  c.z.t.t.k.s.l.TwitterKafkaStatusListener - Twitter status with the text sitliberoelitconsectetuersitmalesuadaposuereMicroservicessedconsectetueradipiscingporttitorconsectetuer
2022-10-31 21:50:16 [pool-1-thread-1] INFO  c.z.t.t.k.s.l.TwitterKafkaStatusListener - Twitter status with the text MaecenassedpurusdolorFusceipsumLorempurusMicroservicesmassaultriciesposuereametmassapurusMaecenas
2022-10-31 21:50:27 [pool-1-thread-1] INFO  c.z.t.t.k.s.l.TwitterKafkaStatusListener - Twitter status with the text consectetuerpulvinarlectussitametMicroservicesliberoliberoporttitor
2022-10-31 21:50:37 [pool-1-thread-1] INFO  c.z.t.t.k.s.l.TwitterKafkaStatusListener - Twitter status with the text conguedolorconguesedsedMicroservicespurussitpurus
2022-10-31 21:50:47 [pool-1-thread-1] INFO  c.z.t.t.k.s.l.TwitterKafkaStatusListener - Twitter status with the text elitpulvinarpurusMicroservicesporttitorlibero
2022-10-31 21:50:57 [pool-1-thread-1] INFO  c.z.t.t.k.s.l.TwitterKafkaStatusListener - Twitter status with the text posueredolorlectusliberoMicroservicesconsectetuerlibero
2022-10-31 21:51:07 [pool-1-thread-1] INFO  c.z.t.t.k.s.l.TwitterKafkaStatusListener - Twitter status with the text elitpulvinarmalesuadaadipiscingpurusMicroservicespulvinaripsumlectus
2022-10-31 21:51:17 [pool-1-thread-1] INFO  c.z.t.t.k.s.l.TwitterKafkaStatusListener - Twitter status with the text pulvinarMaecenasdolorlectussitMicroservicesporttitorsedelitlectus
2022-10-31 21:51:27 [pool-1-thread-1] INFO  c.z.t.t.k.s.l.TwitterKafkaStatusListener - Twitter status with the text elitipsumporttitorMicroservicesmagnased
2022-10-31 21:51:37 [pool-1-thread-1] INFO  c.z.t.t.k.s.l.TwitterKafkaStatusListener - Twitter status with the text adipiscingFusceFuscesitsedMicroservicesLoremmagnaelit
2022-10-31 21:51:47 [pool-1-thread-1] INFO  c.z.t.t.k.s.l.TwitterKafkaStatusListener - Twitter status with the text elitultriciesdolorsitadipiscingametMicroservicesametMaecenaspurusposuerelibero
2022-10-31 21:51:57 [pool-1-thread-1] INFO  c.z.t.t.k.s.l.TwitterKafkaStatusListener - Twitter status with the text sitadipiscingdolormalesuadaadipiscingMicroservicessitpurusametpulvinar
2022-10-31 21:52:07 [pool-1-thread-1] INFO  c.z.t.t.k.s.l.TwitterKafkaStatusListener - Twitter status with the text magnapulvinarFusceMaecenasliberoMicroservicesmalesuadaipsummalesuada
2022-10-31 21:52:17 [pool-1-thread-1] INFO  c.z.t.t.k.s.l.TwitterKafkaStatusListener - Twitter status with the text magnaametmalesuadapurusMicroservicespulvinarLorem
2022-10-31 21:52:27 [pool-1-thread-1] INFO  c.z.t.t.k.s.l.TwitterKafkaStatusListener - Twitter status with the text LoremsedpulvinarelitporttitorelitMicroservicesipsumliberoMaecenasadipiscinglibero
2022-10-31 21:52:37 [pool-1-thread-1] INFO  c.z.t.t.k.s.l.TwitterKafkaStatusListener - Twitter status with the text MaecenasdolormalesuadaadipiscingametultriciesMicroserviceselitpurusLoremmagna
2022-10-31 21:52:47 [pool-1-thread-1] INFO  c.z.t.t.k.s.l.TwitterKafkaStatusListener - Twitter status with the text ultriciesdolorFuscedolorLoremametMicroservicesliberositdolorametpulvinar
2022-10-31 21:52:57 [pool-1-thread-1] INFO  c.z.t.t.k.s.l.TwitterKafkaStatusListener - Twitter status with the text dolorpulvinarmalesuadaliberodolormagnaultriciesMicroservicesadipiscingadipiscingFuscelectusLorem
2022-10-31 21:53:07 [pool-1-thread-1] INFO  c.z.t.t.k.s.l.TwitterKafkaStatusListener - Twitter status with the text pulvinarsedultriciesMaecenasMicroservicesdolormalesuada
2022-10-31 21:53:17 [pool-1-thread-1] INFO  c.z.t.t.k.s.l.TwitterKafkaStatusListener - Twitter status with the text massaFusceLoremMicroservicesFuscelectus
2022-10-31 21:53:27 [pool-1-thread-1] INFO  c.z.t.t.k.s.l.TwitterKafkaStatusListener - Twitter status with the text MaecenassitsitMicroservicesporttitorpurus
2022-10-31 21:53:37 [pool-1-thread-1] INFO  c.z.t.t.k.s.l.TwitterKafkaStatusListener - Twitter status with the text elitsitelitultriciesdolorsitlectusMicroservicessedelitlectussedsedcongue
2022-10-31 21:53:47 [pool-1-thread-1] INFO  c.z.t.t.k.s.l.TwitterKafkaStatusListener - Twitter status with the text porttitoripsumametMicroservicespulvinarsed
2022-10-31 21:53:57 [pool-1-thread-1] INFO  c.z.t.t.k.s.l.TwitterKafkaStatusListener - Twitter status with the text liberoliberoipsumposuereMaecenasMicroservicesposuereadipiscinglectuspulvinar
2022-10-31 21:54:07 [pool-1-thread-1] INFO  c.z.t.t.k.s.l.TwitterKafkaStatusListener - Twitter status with the text ametadipiscingmassapurusultriciesMicroserviceselitsedsedcongue
2022-10-31 21:54:17 [pool-1-thread-1] INFO  c.z.t.t.k.s.l.TwitterKafkaStatusListener - Twitter status with the text posuereconsectetuersitconguesedMicroserviceslectusadipiscingMaecenas
2022-10-31 21:54:27 [pool-1-thread-1] INFO  c.z.t.t.k.s.l.TwitterKafkaStatusListener - Twitter status with the text liberomagnaporttitorcongueultriciesMicroservicespulvinarsitmalesuadadolor
2022-10-31 21:54:37 [pool-1-thread-1] INFO  c.z.t.t.k.s.l.TwitterKafkaStatusListener - Twitter status with the text ipsumpuruslectusMicroservicespulvinarsit
2022-10-31 21:54:47 [pool-1-thread-1] INFO  c.z.t.t.k.s.l.TwitterKafkaStatusListener - Twitter status with the text porttitorsedporttitorpulvinarametliberomassaMicroservicespurussedpulvinarconsectetuerlectus
2022-10-31 21:54:57 [pool-1-thread-1] INFO  c.z.t.t.k.s.l.TwitterKafkaStatusListener - Twitter status with the text pulvinarmagnaultriciesmalesuadaMicroservicesporttitorultriciesmalesuada
2022-10-31 21:55:07 [pool-1-thread-1] INFO  c.z.t.t.k.s.l.TwitterKafkaStatusListener - Twitter status with the text MaecenasliberoultriciesposuereMicroservicesmalesuadaFusce
2022-10-31 21:55:17 [pool-1-thread-1] INFO  c.z.t.t.k.s.l.TwitterKafkaStatusListener - Twitter status with the text lectusametpulvinarmalesuadaametMicroservicesametliberoelit
2022-10-31 21:55:27 [pool-1-thread-1] INFO  c.z.t.t.k.s.l.TwitterKafkaStatusListener - Twitter status with the text porttitorconsectetuerconguesitametconsectetuerporttitorelitMicroservicesultriciesmassaametadipiscingpulvinarsedlectus
2022-10-31 21:55:37 [pool-1-thread-1] INFO  c.z.t.t.k.s.l.TwitterKafkaStatusListener - Twitter status with the text sitFusceipsumipsumsedMicroserviceselitMaecenasposuere
2022-10-31 21:55:47 [pool-1-thread-1] INFO  c.z.t.t.k.s.l.TwitterKafkaStatusListener - Twitter status with the text dolorsedametelitporttitorametpulvinarMicroservicesdolorconsectetuermagnasitadipiscingmassa
2022-10-31 21:55:57 [pool-1-thread-1] INFO  c.z.t.t.k.s.l.TwitterKafkaStatusListener - Twitter status with the text ultriciesconguemassaposuereconsectetuermagnasedMicroservicesFuscemalesuadaconguemalesuadaelit
2022-10-31 21:56:07 [pool-1-thread-1] INFO  c.z.t.t.k.s.l.TwitterKafkaStatusListener - Twitter status with the text posueremassasedconsectetuermagnapurusMaecenasMicroservicesliberoporttitorMaecenasadipiscingsit
2022-10-31 21:56:17 [pool-1-thread-1] INFO  c.z.t.t.k.s.l.TwitterKafkaStatusListener - Twitter status with the text pulvinarLoremFusceposuereliberoMaecenaslectusMicroservicespurusmalesuadaipsumcongueconsectetuer
2022-10-31 21:56:27 [pool-1-thread-1] INFO  c.z.t.t.k.s.l.TwitterKafkaStatusListener - Twitter status with the text ametpulvinarporttitorelitMicroservicesultriciesmagnasit
2022-10-31 21:56:37 [pool-1-thread-1] INFO  c.z.t.t.k.s.l.TwitterKafkaStatusListener - Twitter status with the text magnamalesuadapurusmagnaFusceFuscemagnaMicroservicesmassaliberomassamalesuadaposuereFusce
2022-10-31 21:56:47 [pool-1-thread-1] INFO  c.z.t.t.k.s.l.TwitterKafkaStatusListener - Twitter status with the text ultriciesconguepulvinaripsumMicroservicessedultricies
2022-10-31 21:56:57 [pool-1-thread-1] INFO  c.z.t.t.k.s.l.TwitterKafkaStatusListener - Twitter status with the text pulvinarametMaecenasipsumMicroservicesmassaamet
2022-10-31 21:57:07 [pool-1-thread-1] INFO  c.z.t.t.k.s.l.TwitterKafkaStatusListener - Twitter status with the text malesuadamalesuadaelitFuscesitsedMicroservicesliberopulvinarpurusmagna
2022-10-31 21:57:17 [pool-1-thread-1] INFO  c.z.t.t.k.s.l.TwitterKafkaStatusListener - Twitter status with the text lectusadipiscingmassaelitMicroservicesposuerecongue
2022-10-31 21:57:27 [pool-1-thread-1] INFO  c.z.t.t.k.s.l.TwitterKafkaStatusListener - Twitter status with the text sitadipiscingipsumFusceMicroservicesmassaadipiscing
2022-10-31 21:57:37 [pool-1-thread-1] INFO  c.z.t.t.k.s.l.TwitterKafkaStatusListener - Twitter status with the text congueMaecenasliberoliberoMicroservicesconsectetuerMaecenas
2022-10-31 21:57:47 [pool-1-thread-1] INFO  c.z.t.t.k.s.l.TwitterKafkaStatusListener - Twitter status with the text elitadipiscingpurusMicroservicesmassamalesuada
2022-10-31 21:57:57 [pool-1-thread-1] INFO  c.z.t.t.k.s.l.TwitterKafkaStatusListener - Twitter status with the text adipiscingsitelitconsectetuermalesuadaMicroservicesconsectetuermagnapulvinaradipiscing
2022-10-31 21:58:07 [pool-1-thread-1] INFO  c.z.t.t.k.s.l.TwitterKafkaStatusListener - Twitter status with the text ultriciesLoremsedFusceposuereMicroservicesdolorFuscedolor
2022-10-31 21:58:17 [pool-1-thread-1] INFO  c.z.t.t.k.s.l.TwitterKafkaStatusListener - Twitter status with the text pulvinarmagnasitlectusametipsumMicroservicesporttitorsitMaecenasadipiscingMaecenas
2022-10-31 21:58:27 [pool-1-thread-1] INFO  c.z.t.t.k.s.l.TwitterKafkaStatusListener - Twitter status with the text FuscelectusultriciesmagnaipsumMaecenassedMicroserviceslectusconguemassaFuscepurus
2022-10-31 21:58:37 [pool-1-thread-1] INFO  c.z.t.t.k.s.l.TwitterKafkaStatusListener - Twitter status with the text elitipsumconguecongueMicroservicesporttitorFuscemalesuada
2022-10-31 21:58:47 [pool-1-thread-1] INFO  c.z.t.t.k.s.l.TwitterKafkaStatusListener - Twitter status with the text elitcongueposuerepulvinarposuereMaecenassitmassaMicroservicespulvinarposuerepurusmagnalectuspurus
2022-10-31 21:58:57 [pool-1-thread-1] INFO  c.z.t.t.k.s.l.TwitterKafkaStatusListener - Twitter status with the text FusceFusceporttitoripsumFusceMicroservicesMaecenasmalesuadaporttitorpurus
2022-10-31 21:59:07 [pool-1-thread-1] INFO  c.z.t.t.k.s.l.TwitterKafkaStatusListener - Twitter status with the text consectetuersitmagnaelitLoremmagnaelitcongueMicroservicesipsummagnaLoremposuereLoremmassa
2022-10-31 21:59:17 [pool-1-thread-1] INFO  c.z.t.t.k.s.l.TwitterKafkaStatusListener - Twitter status with the text malesuadacongueMaecenasMicroservicesconsectetueramet
2022-10-31 21:59:27 [pool-1-thread-1] INFO  c.z.t.t.k.s.l.TwitterKafkaStatusListener - Twitter status with the text elitFuscelectusLoremposuereMicroservicesipsumlectuselit
2022-10-31 21:59:37 [pool-1-thread-1] INFO  c.z.t.t.k.s.l.TwitterKafkaStatusListener - Twitter status with the text ipsumsitpurusadipiscingMicroserviceslectusMaecenasmagna
2022-10-31 21:59:47 [pool-1-thread-1] INFO  c.z.t.t.k.s.l.TwitterKafkaStatusListener - Twitter status with the text magnaadipiscingadipiscingcongueMicroserviceselitpurus
2022-10-31 21:59:57 [pool-1-thread-1] INFO  c.z.t.t.k.s.l.TwitterKafkaStatusListener - Twitter status with the text dolorelitultriciesconguelectusMicroservicesliberomassaposuereamet
2022-10-31 22:00:07 [pool-1-thread-1] INFO  c.z.t.t.k.s.l.TwitterKafkaStatusListener - Twitter status with the text porttitorultriciespurusadipiscingadipiscingadipiscingpulvinarelitMicroservicespurusadipiscingporttitormagnaLoremporttitor
2022-10-31 22:00:17 [pool-1-thread-1] INFO  c.z.t.t.k.s.l.TwitterKafkaStatusListener - Twitter status with the text liberoFusceposueremagnaMicroservicesLoremposuereipsum
2022-10-31 22:00:27 [pool-1-thread-1] INFO  c.z.t.t.k.s.l.TwitterKafkaStatusListener - Twitter status with the text FusceelitconsectetuerpurusultricieslectusmagnaposuereMicroservicesposueremagnasedconguemassaconsectetuermassa
2022-10-31 22:00:37 [pool-1-thread-1] INFO  c.z.t.t.k.s.l.TwitterKafkaStatusListener - Twitter status with the text ipsumsitelitsitMicroservicesconsectetueripsumpurus
2022-10-31 22:00:47 [pool-1-thread-1] INFO  c.z.t.t.k.s.l.TwitterKafkaStatusListener - Twitter status with the text LoremametpulvinarsedpurusMicroservicesmassadolorpurusconsectetuer
2022-10-31 22:00:57 [pool-1-thread-1] INFO  c.z.t.t.k.s.l.TwitterKafkaStatusListener - Twitter status with the text ametdolorconguemagnaMicroservicesMaecenasdolor
2022-10-31 22:01:07 [pool-1-thread-1] INFO  c.z.t.t.k.s.l.TwitterKafkaStatusListener - Twitter status with the text ultriciesMaecenasultriciesposueredolorMaecenaspulvinarLoremMicroservicesdolorconguemassaametelitadipiscingmassa
2022-10-31 22:01:18 [pool-1-thread-1] INFO  c.z.t.t.k.s.l.TwitterKafkaStatusListener - Twitter status with the text massamagnaametliberolectuscongueelitposuereMicroservicesmagnaposuerelectuselitmassaposuere
2022-10-31 22:01:28 [pool-1-thread-1] INFO  c.z.t.t.k.s.l.TwitterKafkaStatusListener - Twitter status with the text dolorametMaecenaslectusporttitorMicroservicesLoremLoremposuereultricies
2022-10-31 22:01:38 [pool-1-thread-1] INFO  c.z.t.t.k.s.l.TwitterKafkaStatusListener - Twitter status with the text pulvinarconguemassamalesuadasitMicroservicesmalesuadapulvinarmalesuada
2022-10-31 22:01:48 [pool-1-thread-1] INFO  c.z.t.t.k.s.l.TwitterKafkaStatusListener - Twitter status with the text posueresitdolorlectusliberosedMicroservicesconsectetuerMaecenasmalesuadaadipiscingdolor
2022-10-31 22:01:58 [pool-1-thread-1] INFO  c.z.t.t.k.s.l.TwitterKafkaStatusListener - Twitter status with the text consectetuermassalectusMicroservicesMaecenasmalesuada
2022-10-31 22:02:08 [pool-1-thread-1] INFO  c.z.t.t.k.s.l.TwitterKafkaStatusListener - Twitter status with the text posuereametFuscemalesuadalectusadipiscingliberoMicroservicesposuereliberolectusultricieselit
2022-10-31 22:02:18 [pool-1-thread-1] INFO  c.z.t.t.k.s.l.TwitterKafkaStatusListener - Twitter status with the text malesuadaposueremagnaametMicroservicesMaecenasmassalectus
2022-10-31 22:02:28 [pool-1-thread-1] INFO  c.z.t.t.k.s.l.TwitterKafkaStatusListener - Twitter status with the text consectetuerpulvinarconsectetuerdolormalesuadasitsedMicroservicesFuscemalesuadadolorelitsed
2022-10-31 22:02:38 [pool-1-thread-1] INFO  c.z.t.t.k.s.l.TwitterKafkaStatusListener - Twitter status with the text conguepulvinarconsectetuerMaecenaspurussitdolorMicroservicesdolorultriciesposuereconsectetuermalesuada
2022-10-31 22:02:48 [pool-1-thread-1] INFO  c.z.t.t.k.s.l.TwitterKafkaStatusListener - Twitter status with the text adipiscingsedporttitorLoremporttitorliberoadipiscingcongueMicroservicesporttitorporttitormalesuadamagnaadipiscingultriciesdolor
2022-10-31 22:02:58 [pool-1-thread-1] INFO  c.z.t.t.k.s.l.TwitterKafkaStatusListener - Twitter status with the text sedultricieslectusametporttitorsitcongueMicroservicesmassasitconsectetuerLoremMaecenas
2022-10-31 22:03:08 [pool-1-thread-1] INFO  c.z.t.t.k.s.l.TwitterKafkaStatusListener - Twitter status with the text pulvinarliberoposueremalesuadaMicroserviceslectusconsectetuer
2022-10-31 22:03:18 [pool-1-thread-1] INFO  c.z.t.t.k.s.l.TwitterKafkaStatusListener - Twitter status with the text elitadipiscingelitmassaadipiscingconguesedelitMicroservicessedlectusametametlectusconguedolor
2022-10-31 22:03:28 [pool-1-thread-1] INFO  c.z.t.t.k.s.l.TwitterKafkaStatusListener - Twitter status with the text ametpulvinarliberositLoremsedultriciesMicroservicessitultriciesultriciesmalesuadaposuereporttitor
2022-10-31 22:03:38 [pool-1-thread-1] INFO  c.z.t.t.k.s.l.TwitterKafkaStatusListener - Twitter status with the text dolormassamalesuadacongueametdolorelitMicroservicesporttitorpurusposuerecongueipsum
2022-10-31 22:03:48 [pool-1-thread-1] INFO  c.z.t.t.k.s.l.TwitterKafkaStatusListener - Twitter status with the text adipiscingliberositMicroservicesposuereultricies
2022-10-31 22:03:58 [pool-1-thread-1] INFO  c.z.t.t.k.s.l.TwitterKafkaStatusListener - Twitter status with the text massaporttitorpuruslectuslectusconguedolorsitMicroservicesametporttitormalesuadadolorFusceporttitor
2022-10-31 22:04:08 [pool-1-thread-1] INFO  c.z.t.t.k.s.l.TwitterKafkaStatusListener - Twitter status with the text posueresedpulvinarLoremipsumMaecenasMicroservicesliberodolorMaecenaslectus
2022-10-31 22:04:18 [pool-1-thread-1] INFO  c.z.t.t.k.s.l.TwitterKafkaStatusListener - Twitter status with the text congueelitLoremMaecenasmalesuadaametconsectetuerametMicroservicesadipiscingMaecenasconguemagnaliberomassa
2022-10-31 22:04:28 [pool-1-thread-1] INFO  c.z.t.t.k.s.l.TwitterKafkaStatusListener - Twitter status with the text sedLoremmagnaconsectetuerMicroservicesMaecenasMaecenasamet
2022-10-31 22:04:38 [pool-1-thread-1] INFO  c.z.t.t.k.s.l.TwitterKafkaStatusListener - Twitter status with the text liberoultriciesliberoFuscepulvinarMicroservicesmagnasitconsectetuer
2022-10-31 22:04:48 [pool-1-thread-1] INFO  c.z.t.t.k.s.l.TwitterKafkaStatusListener - Twitter status with the text FusceametmagnaconguesedFuscecongueLoremMicroservicesadipiscingelitadipiscinglectusLoremelit
2022-10-31 22:04:58 [pool-1-thread-1] INFO  c.z.t.t.k.s.l.TwitterKafkaStatusListener - Twitter status with the text consectetueradipiscingdolorpulvinarpurusporttitorultriciesmagnaMicroservicesliberoconsectetuermassapurusporttitorlectus
2022-10-31 22:05:08 [pool-1-thread-1] INFO  c.z.t.t.k.s.l.TwitterKafkaStatusListener - Twitter status with the text conguelectuspurusadipiscingporttitorposuereporttitorposuereMicroservicesmagnaipsumametpurusmalesuadaliberomassa
2022-10-31 22:05:18 [pool-1-thread-1] INFO  c.z.t.t.k.s.l.TwitterKafkaStatusListener - Twitter status with the text liberopulvinarmassaconsectetuerelitmagnalectusFusceMicroservicespulvinarFusceMaecenaspuruslectuspulvinardolor
2022-10-31 22:05:28 [pool-1-thread-1] INFO  c.z.t.t.k.s.l.TwitterKafkaStatusListener - Twitter status with the text LoremcongueultriciespurusFusceMicroservicessedpurusametFusce
2022-10-31 22:05:38 [pool-1-thread-1] INFO  c.z.t.t.k.s.l.TwitterKafkaStatusListener - Twitter status with the text FusceipsumametliberoposuereultriciespurusMicroservicessitultriciessedmalesuadasitpurus
2022-10-31 22:05:48 [pool-1-thread-1] INFO  c.z.t.t.k.s.l.TwitterKafkaStatusListener - Twitter status with the text lectusliberopulvinarconsectetuerultriciesconsectetuerFusceLoremMicroservicesMaecenasLoremadipiscingmagnapulvinarmagnalectus
2022-10-31 22:05:58 [pool-1-thread-1] INFO  c.z.t.t.k.s.l.TwitterKafkaStatusListener - Twitter status with the text lectusFusceadipiscingLorempulvinaradipiscingMicroservicesultriciesliberoporttitormalesuadamagna
2022-10-31 22:06:08 [pool-1-thread-1] INFO  c.z.t.t.k.s.l.TwitterKafkaStatusListener - Twitter status with the text massaametFuscesitLoremLoremMicroservicesipsumsitsedelitamet
2022-10-31 22:06:18 [pool-1-thread-1] INFO  c.z.t.t.k.s.l.TwitterKafkaStatusListener - Twitter status with the text FuscecongueultriciesporttitorMicroservicesFusceipsum
2022-10-31 22:06:28 [pool-1-thread-1] INFO  c.z.t.t.k.s.l.TwitterKafkaStatusListener - Twitter status with the text FusceametpurusconsectetuerporttitorporttitorMicroservicesmalesuadaliberoMaecenassedultricies
2022-10-31 22:06:38 [pool-1-thread-1] INFO  c.z.t.t.k.s.l.TwitterKafkaStatusListener - Twitter status with the text conguepuruselitporttitorMicroservicessedporttitor
2022-10-31 22:06:48 [pool-1-thread-1] INFO  c.z.t.t.k.s.l.TwitterKafkaStatusListener - Twitter status with the text posueremalesuadaelitliberomagnaadipiscingMicroservicesconsectetuerFusceMaecenasmalesuada
2022-10-31 22:06:58 [pool-1-thread-1] INFO  c.z.t.t.k.s.l.TwitterKafkaStatusListener - Twitter status with the text sedmalesuadaLoremporttitorMicroservicescongueposuerepulvinar
2022-10-31 22:07:08 [pool-1-thread-1] INFO  c.z.t.t.k.s.l.TwitterKafkaStatusListener - Twitter status with the text puruspurusipsumipsumadipiscingconsectetuerlectusMicroservicesadipiscingMaecenasultriciesposuerecongueipsum
2022-10-31 22:07:18 [pool-1-thread-1] INFO  c.z.t.t.k.s.l.TwitterKafkaStatusListener - Twitter status with the text LoremlectusFusceliberoMaecenaslectuslectusporttitorMicroservicespurussitultriciespulvinarmassaelitMaecenas
2022-10-31 22:07:28 [pool-1-thread-1] INFO  c.z.t.t.k.s.l.TwitterKafkaStatusListener - Twitter status with the text sitsitadipiscingLoremdolorposuereMicroservicesMaecenasconsectetuerlectusFusceelit
2022-10-31 22:07:38 [pool-1-thread-1] INFO  c.z.t.t.k.s.l.TwitterKafkaStatusListener - Twitter status with the text ametadipiscingadipiscingLoremipsumlectusMicroservicesLorempulvinarelitpulvinar
2022-10-31 22:07:48 [pool-1-thread-1] INFO  c.z.t.t.k.s.l.TwitterKafkaStatusListener - Twitter status with the text massalectussedpulvinarMicroservicesMaecenassed
2022-10-31 22:07:58 [pool-1-thread-1] INFO  c.z.t.t.k.s.l.TwitterKafkaStatusListener - Twitter status with the text MaecenasmalesuadamagnaelitmagnamalesuadalectusMaecenasMicroserviceslectusultriciesFuscesitMaecenaspulvinarFusce
2022-10-31 22:08:08 [pool-1-thread-1] INFO  c.z.t.t.k.s.l.TwitterKafkaStatusListener - Twitter status with the text ametultriciesconguemassaposueresitdolorMicroserviceselitMaecenasconguesedliberoadipiscing
2022-10-31 22:08:18 [pool-1-thread-1] INFO  c.z.t.t.k.s.l.TwitterKafkaStatusListener - Twitter status with the text massasitMaecenassedporttitorametMaecenasMicroservicesultriciesMaecenaslectusmassalibero
2022-10-31 22:08:28 [pool-1-thread-1] INFO  c.z.t.t.k.s.l.TwitterKafkaStatusListener - Twitter status with the text FusceposuereelitMicroservicesposuerepurus
2022-10-31 22:08:38 [pool-1-thread-1] INFO  c.z.t.t.k.s.l.TwitterKafkaStatusListener - Twitter status with the text MaecenasFusceFuscedolorlectusdolorMicroserviceselitipsumFusceFusce
2022-10-31 22:08:48 [pool-1-thread-1] INFO  c.z.t.t.k.s.l.TwitterKafkaStatusListener - Twitter status with the text sedultriciesporttitoradipiscingultriciesMicroservicesconsectetuerdolormassapulvinar
2022-10-31 22:08:58 [pool-1-thread-1] INFO  c.z.t.t.k.s.l.TwitterKafkaStatusListener - Twitter status with the text LoremporttitoripsummagnasedmalesuadacongueMicroservicesipsumelitMaecenasadipiscingdolorsit
2022-10-31 22:09:08 [pool-1-thread-1] INFO  c.z.t.t.k.s.l.TwitterKafkaStatusListener - Twitter status with the text MaecenasultriciesMaecenasFusceMicroservicesMaecenasdolor
2022-10-31 22:09:18 [pool-1-thread-1] INFO  c.z.t.t.k.s.l.TwitterKafkaStatusListener - Twitter status with the text FusceconguepulvinarMicroservicespuruspurus
2022-10-31 22:09:28 [pool-1-thread-1] INFO  c.z.t.t.k.s.l.TwitterKafkaStatusListener - Twitter status with the text malesuadaLoremlectusliberositMicroservicesmagnapurusposuerelectus
2022-10-31 22:09:38 [pool-1-thread-1] INFO  c.z.t.t.k.s.l.TwitterKafkaStatusListener - Twitter status with the text posuereconsectetuerposuereconguelectusMicroservicesFuscepulvinarsedMaecenas
2022-10-31 22:09:48 [pool-1-thread-1] INFO  c.z.t.t.k.s.l.TwitterKafkaStatusListener - Twitter status with the text purusposuereelitpulvinarMaecenasMicroservicesporttitormalesuadaipsum
2022-10-31 22:09:58 [pool-1-thread-1] INFO  c.z.t.t.k.s.l.TwitterKafkaStatusListener - Twitter status with the text conguepulvinarmassaporttitordolorFusceporttitorcongueMicroserviceselitmalesuadaLoremlectusMaecenasmagna
2022-10-31 22:10:08 [pool-1-thread-1] INFO  c.z.t.t.k.s.l.TwitterKafkaStatusListener - Twitter status with the text LoremelitametliberositadipiscingpurusMicroservicesadipiscinglectusametmalesuadamalesuada
2022-10-31 22:10:18 [pool-1-thread-1] INFO  c.z.t.t.k.s.l.TwitterKafkaStatusListener - Twitter status with the text ultriciesMaecenassitporttitordolorsedadipiscingcongueMicroservicesmagnaelitmalesuadaconsectetuerposuerepurusdolor
2022-10-31 22:10:28 [pool-1-thread-1] INFO  c.z.t.t.k.s.l.TwitterKafkaStatusListener - Twitter status with the text posueresedmalesuadaelitMicroservicesdolorporttitorpurus
2022-10-31 22:10:38 [pool-1-thread-1] INFO  c.z.t.t.k.s.l.TwitterKafkaStatusListener - Twitter status with the text porttitorFuscelectusconsectetuerliberositconsectetuerFusceMicroserviceslectusmassaametsitposuerelectus
2022-10-31 22:10:48 [pool-1-thread-1] INFO  c.z.t.t.k.s.l.TwitterKafkaStatusListener - Twitter status with the text massasedpurusconsectetuerLoremametliberoMicroservicessitporttitordolorFuscesed
2022-10-31 22:10:58 [pool-1-thread-1] INFO  c.z.t.t.k.s.l.TwitterKafkaStatusListener - Twitter status with the text ametpulvinarmassaadipiscingLoremMicroservicesliberoelitsitadipiscing
