2022-08-17 00:02:39 [pool-1-thread-1] INFO  c.z.t.t.k.s.l.TwitterKafkaStatusListener - Twitter status with the text pulvinarMaecenasconsectetuerpulvinarmassaMicroservicesliberoposueremalesuadaFusce
2022-08-17 00:02:49 [pool-1-thread-1] INFO  c.z.t.t.k.s.l.TwitterKafkaStatusListener - Twitter status with the text adipiscingmagnaLoremMaecenasadipiscingMicroserviceslectusmagnacongueporttitor
2022-08-17 00:02:59 [pool-1-thread-1] INFO  c.z.t.t.k.s.l.TwitterKafkaStatusListener - Twitter status with the text FusceporttitorlectusliberodoloradipiscingipsumMicroservicesmagnaultriciesmagnaseddolor
2022-08-17 00:03:09 [pool-1-thread-1] INFO  c.z.t.t.k.s.l.TwitterKafkaStatusListener - Twitter status with the text liberoFusceporttitormassaliberopurusconsectetuerMicroservicesadipiscingliberoconguemagnapulvinar
2022-08-17 00:03:19 [pool-1-thread-1] INFO  c.z.t.t.k.s.l.TwitterKafkaStatusListener - Twitter status with the text pulvinarcongueposuereMicroservicesadipiscingadipiscing
2022-08-17 00:03:29 [pool-1-thread-1] INFO  c.z.t.t.k.s.l.TwitterKafkaStatusListener - Twitter status with the text sedporttitorultriciesMicroserviceselitdolor
2022-08-17 00:03:39 [pool-1-thread-1] INFO  c.z.t.t.k.s.l.TwitterKafkaStatusListener - Twitter status with the text elitpulvinarametpulvinarsedpulvinardolorMicroserviceselitporttitorametmagnaliberoelit
2022-08-17 00:03:49 [pool-1-thread-1] INFO  c.z.t.t.k.s.l.TwitterKafkaStatusListener - Twitter status with the text pulvinarporttitoradipiscingmassasitcongueMicroserviceselitsedelitadipiscing
2022-08-17 00:03:59 [pool-1-thread-1] INFO  c.z.t.t.k.s.l.TwitterKafkaStatusListener - Twitter status with the text consectetuerpurusconguepulvinarpurusFuscemagnaMicroservicesmassaliberolectusmassalectusipsum
2022-08-17 00:04:09 [pool-1-thread-1] INFO  c.z.t.t.k.s.l.TwitterKafkaStatusListener - Twitter status with the text magnaelitposuereipsumelitpulvinarliberomagnaMicroservicespulvinaradipiscingliberoultriciesmalesuadadolor
2022-08-17 00:04:19 [pool-1-thread-1] INFO  c.z.t.t.k.s.l.TwitterKafkaStatusListener - Twitter status with the text lectusmassaadipiscingmagnaipsummagnamassaMicroservicesultriciescongueipsumelitmassaadipiscing
2022-08-17 00:04:29 [pool-1-thread-1] INFO  c.z.t.t.k.s.l.TwitterKafkaStatusListener - Twitter status with the text adipiscinglectusmagnaipsumliberosedlectusLoremMicroservicesmagnamagnasitametametlibero
2022-08-17 00:04:39 [pool-1-thread-1] INFO  c.z.t.t.k.s.l.TwitterKafkaStatusListener - Twitter status with the text sedadipiscingconguepurusMicroservicesmagnacongueFusce
2022-08-17 00:04:49 [pool-1-thread-1] INFO  c.z.t.t.k.s.l.TwitterKafkaStatusListener - Twitter status with the text elitipsumdolorultriciespurusFusceconsectetuerMicroservicesultriciesdolorLoremlectusmassa
2022-08-17 00:04:59 [pool-1-thread-1] INFO  c.z.t.t.k.s.l.TwitterKafkaStatusListener - Twitter status with the text liberoultricieselitadipiscingsitpulvinarsedporttitorMicroservicesmassaultriciesmalesuadadolormagnaLoremdolor
2022-08-17 00:05:09 [pool-1-thread-1] INFO  c.z.t.t.k.s.l.TwitterKafkaStatusListener - Twitter status with the text posuerelectussedconsectetuerFuscemagnaipsumMaecenasMicroservicessedpurusFusceadipiscingdolorLoremMaecenas
2022-08-17 00:05:19 [pool-1-thread-1] INFO  c.z.t.t.k.s.l.TwitterKafkaStatusListener - Twitter status with the text FusceelitcongueipsumconsectetuerMicroservicesdolorultriciesposuere
2022-08-17 00:05:29 [pool-1-thread-1] INFO  c.z.t.t.k.s.l.TwitterKafkaStatusListener - Twitter status with the text MaecenasFusceporttitorcongueconsectetuerporttitorMicroservicesametLoremmassamagnaconsectetuer
2022-08-17 00:05:39 [pool-1-thread-1] INFO  c.z.t.t.k.s.l.TwitterKafkaStatusListener - Twitter status with the text lectusmagnadolormalesuadaMicroservicesporttitorposueremassa
2022-08-17 00:05:49 [pool-1-thread-1] INFO  c.z.t.t.k.s.l.TwitterKafkaStatusListener - Twitter status with the text adipiscingmagnapuruspurusmassaMaecenasMicroservicesposuereadipiscingporttitordolor
2022-08-17 00:05:59 [pool-1-thread-1] INFO  c.z.t.t.k.s.l.TwitterKafkaStatusListener - Twitter status with the text magnaadipiscingipsumconsectetuerMicroservicesMaecenascongueultricies
2022-08-17 00:06:09 [pool-1-thread-1] INFO  c.z.t.t.k.s.l.TwitterKafkaStatusListener - Twitter status with the text ametposueresedpulvinarMicroservicesFusceelit
2022-08-17 00:06:19 [pool-1-thread-1] INFO  c.z.t.t.k.s.l.TwitterKafkaStatusListener - Twitter status with the text liberomassalectusFuscelectuspulvinarpurusliberoMicroservicesmassaMaecenaslectusmagnacongueFuscesit
2022-08-17 00:06:29 [pool-1-thread-1] INFO  c.z.t.t.k.s.l.TwitterKafkaStatusListener - Twitter status with the text liberocongueFusceelitsitFusceMicroservicesFusceametmagnaFusce
2022-08-17 00:06:39 [pool-1-thread-1] INFO  c.z.t.t.k.s.l.TwitterKafkaStatusListener - Twitter status with the text pulvinarliberoporttitorMaecenasMicroservicesdolormagnaposuere
2022-08-17 00:06:49 [pool-1-thread-1] INFO  c.z.t.t.k.s.l.TwitterKafkaStatusListener - Twitter status with the text sitLoremLoremultriciesdolormalesuadacongueMicroservicesametsedsedpurusdolorLorem
2022-08-17 00:06:59 [pool-1-thread-1] INFO  c.z.t.t.k.s.l.TwitterKafkaStatusListener - Twitter status with the text congueMaecenasLoremMicroservicesMaecenascongue
2022-08-17 00:07:09 [pool-1-thread-1] INFO  c.z.t.t.k.s.l.TwitterKafkaStatusListener - Twitter status with the text congueametsedmagnaposuereconsectetuerultriciesMicroserviceslectuspulvinarLoremMaecenasconsectetuercongue
2022-08-17 00:07:19 [pool-1-thread-1] INFO  c.z.t.t.k.s.l.TwitterKafkaStatusListener - Twitter status with the text purusliberopulvinarFusceMicroservicesFusceadipiscing
2022-08-17 00:07:29 [pool-1-thread-1] INFO  c.z.t.t.k.s.l.TwitterKafkaStatusListener - Twitter status with the text malesuadasedpulvinarFusceposuereLoremMicroservicesultricieselitametFuscedolor
2022-08-17 00:07:39 [pool-1-thread-1] INFO  c.z.t.t.k.s.l.TwitterKafkaStatusListener - Twitter status with the text FuscesedLoremmalesuadapulvinarMicroservicespurusmassamalesuadased
2022-08-17 00:07:49 [pool-1-thread-1] INFO  c.z.t.t.k.s.l.TwitterKafkaStatusListener - Twitter status with the text lectusMaecenasporttitormalesuadaMicroservicespulvinarsit
2022-08-17 00:07:59 [pool-1-thread-1] INFO  c.z.t.t.k.s.l.TwitterKafkaStatusListener - Twitter status with the text doloripsumsedconsectetuerposuereliberomagnaMicroserviceslectussedmagnaconsectetuerconsectetuerporttitor
2022-08-17 00:08:09 [pool-1-thread-1] INFO  c.z.t.t.k.s.l.TwitterKafkaStatusListener - Twitter status with the text purusconsectetuerultriciesametMicroservicesFuscelectussed
2022-08-17 00:08:19 [pool-1-thread-1] INFO  c.z.t.t.k.s.l.TwitterKafkaStatusListener - Twitter status with the text FuscecongueadipiscingipsumsitultriciespulvinarposuereMicroservicesMaecenasmalesuadamalesuadaconsectetuercongueametposuere
2022-08-17 00:08:29 [pool-1-thread-1] INFO  c.z.t.t.k.s.l.TwitterKafkaStatusListener - Twitter status with the text ultriciesposuereFuscemagnasitadipiscingsitMicroservicesadipiscingpuruspulvinarultriciesametLorem
2022-08-17 00:08:39 [pool-1-thread-1] INFO  c.z.t.t.k.s.l.TwitterKafkaStatusListener - Twitter status with the text congueLoremporttitorMaecenasMicroservicespurusadipiscing
2022-08-17 00:08:49 [pool-1-thread-1] INFO  c.z.t.t.k.s.l.TwitterKafkaStatusListener - Twitter status with the text dolorelitultriciesametconguemalesuadaMicroservicesFuscelectusseddolor
2022-08-17 00:08:59 [pool-1-thread-1] INFO  c.z.t.t.k.s.l.TwitterKafkaStatusListener - Twitter status with the text sitconguesitMicroservicessitmagna
2022-08-17 00:09:09 [pool-1-thread-1] INFO  c.z.t.t.k.s.l.TwitterKafkaStatusListener - Twitter status with the text purusadipiscingconsectetuerconguemalesuadaMicroservicesconsectetuerpulvinarelitsit
2022-08-17 00:09:19 [pool-1-thread-1] INFO  c.z.t.t.k.s.l.TwitterKafkaStatusListener - Twitter status with the text massaliberomalesuadadolordolorposuereMicroservicesipsumMaecenasmagnasitlibero
2022-08-17 00:09:29 [pool-1-thread-1] INFO  c.z.t.t.k.s.l.TwitterKafkaStatusListener - Twitter status with the text dolormagnaultriciesMicroservicesliberocongue
2022-08-17 00:09:39 [pool-1-thread-1] INFO  c.z.t.t.k.s.l.TwitterKafkaStatusListener - Twitter status with the text adipiscingmalesuadapulvinarcongueMicroservicesporttitormassa
2022-08-17 00:09:49 [pool-1-thread-1] INFO  c.z.t.t.k.s.l.TwitterKafkaStatusListener - Twitter status with the text liberomassaposuereFusceporttitorsitmalesuadaMicroservicesametdolormagnaMaecenasmagnalibero
2022-08-17 00:09:59 [pool-1-thread-1] INFO  c.z.t.t.k.s.l.TwitterKafkaStatusListener - Twitter status with the text liberoFuscepulvinarMicroservicesconsectetuerlibero
2022-08-17 00:10:09 [pool-1-thread-1] INFO  c.z.t.t.k.s.l.TwitterKafkaStatusListener - Twitter status with the text magnaipsumFusceametpurusMaecenassitsedMicroservicesconsectetuersitelitLoremposueresedpulvinar
2022-08-17 00:10:19 [pool-1-thread-1] INFO  c.z.t.t.k.s.l.TwitterKafkaStatusListener - Twitter status with the text FuscemagnaMaecenasMicroservicesipsumFusce
2022-08-17 00:10:29 [pool-1-thread-1] INFO  c.z.t.t.k.s.l.TwitterKafkaStatusListener - Twitter status with the text sedelitconsectetuersitsitelitmassaMicroservicesmalesuadaFuscelectussedultricies
2022-08-17 00:10:39 [pool-1-thread-1] INFO  c.z.t.t.k.s.l.TwitterKafkaStatusListener - Twitter status with the text posuerelectusLoremMaecenasporttitorMicroservicesporttitorFuscesedmalesuada
2022-08-17 00:10:49 [pool-1-thread-1] INFO  c.z.t.t.k.s.l.TwitterKafkaStatusListener - Twitter status with the text massaconguesitliberoconsectetuerultriciesipsummassaMicroservicesMaecenassitconguecongueultriciesametcongue
2022-08-17 00:10:59 [pool-1-thread-1] INFO  c.z.t.t.k.s.l.TwitterKafkaStatusListener - Twitter status with the text magnadolorLoremsedpurusMicroservicesposuereliberoposuere
2022-08-17 00:11:09 [pool-1-thread-1] INFO  c.z.t.t.k.s.l.TwitterKafkaStatusListener - Twitter status with the text dolorconsectetuerposueremalesuadaametdolorporttitorMicroservicesLoremultriciesMaecenaspulvinarmassa
2022-08-17 00:11:19 [pool-1-thread-1] INFO  c.z.t.t.k.s.l.TwitterKafkaStatusListener - Twitter status with the text ultriciesmassasedconguemalesuadaadipiscingporttitorMicroservicesconsectetuerliberoporttitormassapulvinar
2022-08-17 00:11:29 [pool-1-thread-1] INFO  c.z.t.t.k.s.l.TwitterKafkaStatusListener - Twitter status with the text ipsumporttitorelitMicroservicesposueresit
2022-08-17 00:11:39 [pool-1-thread-1] INFO  c.z.t.t.k.s.l.TwitterKafkaStatusListener - Twitter status with the text adipiscingmassaconguemagnaMicroservicesconsectetuerposuere
2022-08-17 00:11:49 [pool-1-thread-1] INFO  c.z.t.t.k.s.l.TwitterKafkaStatusListener - Twitter status with the text LoremipsummalesuadalectusliberoMicroservicesmalesuadaliberoelit
2022-08-17 00:11:59 [pool-1-thread-1] INFO  c.z.t.t.k.s.l.TwitterKafkaStatusListener - Twitter status with the text liberoporttitorposueremalesuadamassaMicroservicesMaecenasametmagna
2022-08-17 00:12:09 [pool-1-thread-1] INFO  c.z.t.t.k.s.l.TwitterKafkaStatusListener - Twitter status with the text malesuadaposuerepurusposuereliberolectusMicroservicessitsedsedFuscemagna
2022-08-17 00:12:19 [pool-1-thread-1] INFO  c.z.t.t.k.s.l.TwitterKafkaStatusListener - Twitter status with the text consectetuersitmalesuadamassaadipiscingadipiscingMicroservicespurussitFuscepurus
2022-08-17 00:12:29 [pool-1-thread-1] INFO  c.z.t.t.k.s.l.TwitterKafkaStatusListener - Twitter status with the text MaecenaspurusliberocongueLoremultriciesconsectetuerametMicroservicesmagnaFusceposuerepulvinarmalesuadaelitconsectetuer
2022-08-17 00:12:39 [pool-1-thread-1] INFO  c.z.t.t.k.s.l.TwitterKafkaStatusListener - Twitter status with the text consectetuerlectusconsectetuerelitconsectetuerelitipsumMicroservicesadipiscingmagnalectuselitsitconsectetuer
2022-08-17 00:12:49 [pool-1-thread-1] INFO  c.z.t.t.k.s.l.TwitterKafkaStatusListener - Twitter status with the text massaposuereconsectetuerliberoLoremmagnaporttitorametMicroservicessitposueremagnalectuslectusmagnaipsum
2022-08-17 00:12:59 [pool-1-thread-1] INFO  c.z.t.t.k.s.l.TwitterKafkaStatusListener - Twitter status with the text purusporttitorpurusametliberoMicroservicesametelitametsed
2022-08-17 00:13:09 [pool-1-thread-1] INFO  c.z.t.t.k.s.l.TwitterKafkaStatusListener - Twitter status with the text purusconguesitposuereliberoadipiscingadipiscingMicroserviceslectusposuerecongueLorempurusmassa
2022-08-17 00:13:19 [pool-1-thread-1] INFO  c.z.t.t.k.s.l.TwitterKafkaStatusListener - Twitter status with the text puruspulvinarametpuruslectusMicroservicesultriciessedLorem
2022-08-17 00:13:29 [pool-1-thread-1] INFO  c.z.t.t.k.s.l.TwitterKafkaStatusListener - Twitter status with the text ipsumpuruselitultriciesconsectetuerMicroservicesultriciespulvinarmagnaamet
2022-08-17 00:13:40 [pool-1-thread-1] INFO  c.z.t.t.k.s.l.TwitterKafkaStatusListener - Twitter status with the text posuereporttitorporttitorMicroservicessitamet
2022-08-17 00:13:50 [pool-1-thread-1] INFO  c.z.t.t.k.s.l.TwitterKafkaStatusListener - Twitter status with the text consectetueradipiscingliberopurusMicroservicesadipiscingdolorposuere
2022-08-17 00:14:00 [pool-1-thread-1] INFO  c.z.t.t.k.s.l.TwitterKafkaStatusListener - Twitter status with the text posuereelitlectusMaecenasFuscepulvinarMicroservicesFusceadipiscingconsectetuermassa
2022-08-17 00:14:10 [pool-1-thread-1] INFO  c.z.t.t.k.s.l.TwitterKafkaStatusListener - Twitter status with the text ametpulvinarmassaconguemassaMicroservicesdolorcongueconsectetuerelit
2022-08-17 00:14:20 [pool-1-thread-1] INFO  c.z.t.t.k.s.l.TwitterKafkaStatusListener - Twitter status with the text LoremdolorconsectetuerdolorametmassaMicroservicesposuerelectuselitconsectetuer
2022-08-17 00:14:30 [pool-1-thread-1] INFO  c.z.t.t.k.s.l.TwitterKafkaStatusListener - Twitter status with the text lectusdoloripsumlectuspurusMicroservicesmagnaFusceFuscepulvinar
2022-08-17 00:14:40 [pool-1-thread-1] INFO  c.z.t.t.k.s.l.TwitterKafkaStatusListener - Twitter status with the text malesuadapulvinarpulvinarcongueultriciesMicroservicesporttitorlectusconsectetuer
2022-08-17 00:14:50 [pool-1-thread-1] INFO  c.z.t.t.k.s.l.TwitterKafkaStatusListener - Twitter status with the text elitporttitoradipiscingliberolectusadipiscingpulvinarMicroservicesmagnaultriciesmagnamalesuadaconsectetuer
2022-08-17 00:15:00 [pool-1-thread-1] INFO  c.z.t.t.k.s.l.TwitterKafkaStatusListener - Twitter status with the text FusceadipiscingelitcongueFusceadipiscingMicroservicesFusceultriciesLoremlectuscongue
2022-08-17 00:15:10 [pool-1-thread-1] INFO  c.z.t.t.k.s.l.TwitterKafkaStatusListener - Twitter status with the text malesuadalectusFuscesitmassaipsumMicroservicesMaecenaslectusmagnaelit
2022-08-17 00:15:20 [pool-1-thread-1] INFO  c.z.t.t.k.s.l.TwitterKafkaStatusListener - Twitter status with the text LoremconsectetuerFusceLoremsedposuereLorempurusMicroservicesametmassapulvinardolorposueredolor
2022-08-17 00:15:30 [pool-1-thread-1] INFO  c.z.t.t.k.s.l.TwitterKafkaStatusListener - Twitter status with the text malesuadaliberomassasitpurusMaecenasmassaMicroservicessedlectuslectusmassaadipiscing
2022-08-17 00:15:40 [pool-1-thread-1] INFO  c.z.t.t.k.s.l.TwitterKafkaStatusListener - Twitter status with the text FuscesitMaecenaspulvinarametFusceadipiscinglectusMicroservicespuruslectusLoremliberoFusceamet
2022-08-17 00:15:50 [pool-1-thread-1] INFO  c.z.t.t.k.s.l.TwitterKafkaStatusListener - Twitter status with the text malesuadasitmassaMicroserviceselitultricies
2022-08-17 00:16:00 [pool-1-thread-1] INFO  c.z.t.t.k.s.l.TwitterKafkaStatusListener - Twitter status with the text purusporttitorametpulvinarcongueMicroservicesMaecenasametsit
2022-08-17 00:16:10 [pool-1-thread-1] INFO  c.z.t.t.k.s.l.TwitterKafkaStatusListener - Twitter status with the text consectetueripsumMaecenasMicroserviceselitultricies
2022-08-17 00:16:20 [pool-1-thread-1] INFO  c.z.t.t.k.s.l.TwitterKafkaStatusListener - Twitter status with the text ametliberodolordolorametsitconguepulvinarMicroservicesmagnaametdolormagnaliberoFuscecongue
2022-08-17 00:16:30 [pool-1-thread-1] INFO  c.z.t.t.k.s.l.TwitterKafkaStatusListener - Twitter status with the text dolormagnasedametmassaMicroserviceslectussedconsectetuer
2022-08-17 00:16:40 [pool-1-thread-1] INFO  c.z.t.t.k.s.l.TwitterKafkaStatusListener - Twitter status with the text liberopulvinarLoremliberoconguemassaporttitorcongueMicroservicessitipsumporttitorlectusmassaadipiscing
2022-08-17 00:16:50 [pool-1-thread-1] INFO  c.z.t.t.k.s.l.TwitterKafkaStatusListener - Twitter status with the text adipiscingelitmagnadolorMicroserviceslectusipsum
2022-08-17 00:17:00 [pool-1-thread-1] INFO  c.z.t.t.k.s.l.TwitterKafkaStatusListener - Twitter status with the text sedpurusLoremdolorametcongueMicroservicesmalesuadaFusceposuereadipiscing
2022-08-17 00:17:10 [pool-1-thread-1] INFO  c.z.t.t.k.s.l.TwitterKafkaStatusListener - Twitter status with the text lectusposuereFusceposuerepulvinaradipiscingadipiscingsitMicroservicesdolorelitultricieslectusconguemagna
2022-08-17 00:17:20 [pool-1-thread-1] INFO  c.z.t.t.k.s.l.TwitterKafkaStatusListener - Twitter status with the text LoremametMaecenaslectusporttitorultriciesMicroservicesFusceMaecenasipsumconsectetueripsum
2022-08-17 00:17:30 [pool-1-thread-1] INFO  c.z.t.t.k.s.l.TwitterKafkaStatusListener - Twitter status with the text malesuadamagnaametsitmassasitpulvinarposuereMicroservicesliberoFusceelitultriciespurusultriciesmagna
2022-08-17 00:17:40 [pool-1-thread-1] INFO  c.z.t.t.k.s.l.TwitterKafkaStatusListener - Twitter status with the text adipiscingcongueadipiscingultriciesMicroserviceslectuspulvinar
2022-08-17 00:17:50 [pool-1-thread-1] INFO  c.z.t.t.k.s.l.TwitterKafkaStatusListener - Twitter status with the text consectetuerLoremporttitoradipiscingadipiscingdolorMicroservicesmassapurusametpulvinarconsectetuer
2022-08-17 00:18:00 [pool-1-thread-1] INFO  c.z.t.t.k.s.l.TwitterKafkaStatusListener - Twitter status with the text MaecenasipsumconsectetuerLoremMicroservicessitconsectetuer
2022-08-17 00:18:10 [pool-1-thread-1] INFO  c.z.t.t.k.s.l.TwitterKafkaStatusListener - Twitter status with the text puruspuruspuruslectusultriciescongueelitMicroservicesipsumelitMaecenassedultriciesadipiscing
2022-08-17 00:18:20 [pool-1-thread-1] INFO  c.z.t.t.k.s.l.TwitterKafkaStatusListener - Twitter status with the text ipsumpulvinarpulvinarLoremMicroservicesipsumcongue
2022-08-17 00:18:30 [pool-1-thread-1] INFO  c.z.t.t.k.s.l.TwitterKafkaStatusListener - Twitter status with the text malesuadaipsumultriciesametLoremFusceMicroservicesliberopurusametipsum
2022-08-17 00:18:40 [pool-1-thread-1] INFO  c.z.t.t.k.s.l.TwitterKafkaStatusListener - Twitter status with the text adipiscingporttitorpurusultriciesMicroserviceselitelit
2022-08-17 00:18:50 [pool-1-thread-1] INFO  c.z.t.t.k.s.l.TwitterKafkaStatusListener - Twitter status with the text consectetueripsumipsumdolorsitMicroservicesmassadolorpulvinar
2022-08-17 00:19:00 [pool-1-thread-1] INFO  c.z.t.t.k.s.l.TwitterKafkaStatusListener - Twitter status with the text lectuslectusliberoFusceLoremultriciescongueMicroservicescongueadipiscingadipiscingLoremelit
2022-08-17 00:19:10 [pool-1-thread-1] INFO  c.z.t.t.k.s.l.TwitterKafkaStatusListener - Twitter status with the text magnaliberopurusporttitormassapuruspulvinarMicroservicesliberomagnasitMaecenasposuereadipiscing
2022-08-17 00:19:20 [pool-1-thread-1] INFO  c.z.t.t.k.s.l.TwitterKafkaStatusListener - Twitter status with the text sedpurusipsummagnaelitporttitorpulvinarMicroserviceselitpulvinarmagnapulvinarposuereLorem
2022-08-17 00:19:30 [pool-1-thread-1] INFO  c.z.t.t.k.s.l.TwitterKafkaStatusListener - Twitter status with the text ultriciesLoremMaecenaselitlectusMicroservicescongueporttitormalesuada
2022-08-17 00:19:40 [pool-1-thread-1] INFO  c.z.t.t.k.s.l.TwitterKafkaStatusListener - Twitter status with the text purusultriciesMaecenasconsectetuerelitipsumametposuereMicroservicesmassacongueposuerecongueipsumconsectetuerFusce
2022-08-17 00:19:50 [pool-1-thread-1] INFO  c.z.t.t.k.s.l.TwitterKafkaStatusListener - Twitter status with the text dolorLoremconsectetuerposuerelectusdolorMicroservicesLoremlectuslectusultriciescongue
2022-08-17 00:20:00 [pool-1-thread-1] INFO  c.z.t.t.k.s.l.TwitterKafkaStatusListener - Twitter status with the text puruspurusconsectetuerpurussitMicroservicesliberoadipiscingFusceMaecenas
2022-08-17 00:20:10 [pool-1-thread-1] INFO  c.z.t.t.k.s.l.TwitterKafkaStatusListener - Twitter status with the text consectetuerelitpuruslectusMaecenasposuereMicroservicesmalesuadadolorliberoelitcongue
2022-08-17 00:20:20 [pool-1-thread-1] INFO  c.z.t.t.k.s.l.TwitterKafkaStatusListener - Twitter status with the text porttitormassaFusceadipiscingmassaMicroservicesMaecenasultriciescongue
2022-08-17 00:20:30 [pool-1-thread-1] INFO  c.z.t.t.k.s.l.TwitterKafkaStatusListener - Twitter status with the text malesuadaporttitorLorempurusliberoconsectetueripsumcongueMicroservicespulvinarmagnaLoremmalesuadaametFuscecongue
2022-08-17 00:20:40 [pool-1-thread-1] INFO  c.z.t.t.k.s.l.TwitterKafkaStatusListener - Twitter status with the text elitmalesuadaporttitoripsumpurusametlectusadipiscingMicroservicessedliberoposuereposuerepurusultricies
2022-08-17 00:20:50 [pool-1-thread-1] INFO  c.z.t.t.k.s.l.TwitterKafkaStatusListener - Twitter status with the text massapurusFuscecongueconsectetuermalesuadaporttitorMicroservicespurusMaecenasconguesedultricies
2022-08-17 00:21:00 [pool-1-thread-1] INFO  c.z.t.t.k.s.l.TwitterKafkaStatusListener - Twitter status with the text adipiscingmassaipsumconsectetuerpurusmagnaMicroservicesMaecenascongueMaecenaslectusmagna
2022-08-17 00:21:10 [pool-1-thread-1] INFO  c.z.t.t.k.s.l.TwitterKafkaStatusListener - Twitter status with the text consectetuerLoremultriciesFusceametMaecenasMaecenasMicroservicesliberoipsumdolorconsectetuerametelit
2022-08-17 00:21:20 [pool-1-thread-1] INFO  c.z.t.t.k.s.l.TwitterKafkaStatusListener - Twitter status with the text sedpulvinarmalesuadaconsectetuerMaecenasametpulvinarMicroservicesporttitorLoremdolorposuereLoremmalesuada
2022-08-17 00:21:30 [pool-1-thread-1] INFO  c.z.t.t.k.s.l.TwitterKafkaStatusListener - Twitter status with the text adipiscingLoremmagnaporttitorultriciesMicroservicespurusconguecongue
2022-08-17 00:21:40 [pool-1-thread-1] INFO  c.z.t.t.k.s.l.TwitterKafkaStatusListener - Twitter status with the text lectusdoloradipiscinglectusliberomagnapulvinarMicroservicesposueredolorsedMaecenasdolor
2022-08-17 00:21:50 [pool-1-thread-1] INFO  c.z.t.t.k.s.l.TwitterKafkaStatusListener - Twitter status with the text lectussitMaecenassitipsumdolorMaecenasMicroservicespulvinardolorsedmalesuadaipsummassa
2022-08-17 00:22:00 [pool-1-thread-1] INFO  c.z.t.t.k.s.l.TwitterKafkaStatusListener - Twitter status with the text dolorpulvinarMaecenasadipiscingMicroservicesmassasedamet
2022-08-17 00:22:10 [pool-1-thread-1] INFO  c.z.t.t.k.s.l.TwitterKafkaStatusListener - Twitter status with the text ultriciesFusceMaecenasMicroservicesconguepurus
2022-08-17 00:22:20 [pool-1-thread-1] INFO  c.z.t.t.k.s.l.TwitterKafkaStatusListener - Twitter status with the text purusconsectetuerlectusadipiscingconsectetuersedmagnaconsectetuerMicroservicesconsectetuerconsectetuerelitipsumametliberopurus
2022-08-17 00:22:30 [pool-1-thread-1] INFO  c.z.t.t.k.s.l.TwitterKafkaStatusListener - Twitter status with the text congueFusceametipsumMicroservicesultriciesipsum
2022-08-17 00:22:40 [pool-1-thread-1] INFO  c.z.t.t.k.s.l.TwitterKafkaStatusListener - Twitter status with the text MaecenassitmagnaconguesedMicroservicessitposuerelectus
2022-08-17 00:22:50 [pool-1-thread-1] INFO  c.z.t.t.k.s.l.TwitterKafkaStatusListener - Twitter status with the text sitposuereelitametposuereMicroserviceselitMaecenascongue
2022-08-17 00:23:00 [pool-1-thread-1] INFO  c.z.t.t.k.s.l.TwitterKafkaStatusListener - Twitter status with the text lectuselitMaecenasFusceLoremmalesuadaMicroservicesconguelectusmalesuadapurusLorem
2022-08-17 00:23:10 [pool-1-thread-1] INFO  c.z.t.t.k.s.l.TwitterKafkaStatusListener - Twitter status with the text malesuadadolorposueresedmassasitdolorelitMicroservicesametcongueposuereelitadipiscingconguelectus
2022-08-17 00:23:20 [pool-1-thread-1] INFO  c.z.t.t.k.s.l.TwitterKafkaStatusListener - Twitter status with the text porttitorLoremconsectetuerMicroservicesLorempurus
2022-08-17 00:23:30 [pool-1-thread-1] INFO  c.z.t.t.k.s.l.TwitterKafkaStatusListener - Twitter status with the text porttitorsitmalesuadasedliberolectusliberoMicroservicesconguepurusMaecenasconguelibero
2022-08-17 00:23:40 [pool-1-thread-1] INFO  c.z.t.t.k.s.l.TwitterKafkaStatusListener - Twitter status with the text ametmassaipsumconsectetuerMicroservicesametsitcongue
2022-08-17 00:23:50 [pool-1-thread-1] INFO  c.z.t.t.k.s.l.TwitterKafkaStatusListener - Twitter status with the text adipiscingposueresitadipiscingMicroservicesporttitorconsectetueripsum
2022-08-17 00:24:00 [pool-1-thread-1] INFO  c.z.t.t.k.s.l.TwitterKafkaStatusListener - Twitter status with the text malesuadaconguepurusmagnapurusametipsumporttitorMicroservicesLoremconsectetuerporttitoradipiscingposuerepulvinardolor
2022-08-17 00:24:10 [pool-1-thread-1] INFO  c.z.t.t.k.s.l.TwitterKafkaStatusListener - Twitter status with the text malesuadamalesuadaconsectetuerFuscecongueposuereMaecenaspulvinarMicroservicesposueremagnamassacongueliberoFusce
2022-08-17 00:24:20 [pool-1-thread-1] INFO  c.z.t.t.k.s.l.TwitterKafkaStatusListener - Twitter status with the text lectuselitlectusMicroservicesmalesuadaMaecenas
2022-08-17 00:24:30 [pool-1-thread-1] INFO  c.z.t.t.k.s.l.TwitterKafkaStatusListener - Twitter status with the text sitLoremsitcongueFusceametporttitorsitMicroservicesLoremliberoporttitorFuscelectusmalesuadaelit
2022-08-17 00:24:40 [pool-1-thread-1] INFO  c.z.t.t.k.s.l.TwitterKafkaStatusListener - Twitter status with the text dolorposuerelectusliberoconsectetuerMaecenasmalesuadaMicroservicespurussitpulvinaripsumsit
2022-08-17 00:24:50 [pool-1-thread-1] INFO  c.z.t.t.k.s.l.TwitterKafkaStatusListener - Twitter status with the text lectusultriciesmagnaporttitorMaecenasposuereadipiscingMicroservicespurusliberopurusametposueresed
2022-08-17 00:25:00 [pool-1-thread-1] INFO  c.z.t.t.k.s.l.TwitterKafkaStatusListener - Twitter status with the text liberositmagnaLorempuruslectussedelitMicroservicesmassaipsumMaecenasposueremagnaporttitoripsum
2022-08-17 00:25:10 [pool-1-thread-1] INFO  c.z.t.t.k.s.l.TwitterKafkaStatusListener - Twitter status with the text pulvinarsedFusceelitsedMicroservicessitpulvinarametLorem
2022-08-17 00:25:20 [pool-1-thread-1] INFO  c.z.t.t.k.s.l.TwitterKafkaStatusListener - Twitter status with the text puruslectuslectusporttitorMicroservicesadipiscingultricies
2022-08-17 00:25:30 [pool-1-thread-1] INFO  c.z.t.t.k.s.l.TwitterKafkaStatusListener - Twitter status with the text MaecenassedMaecenasMaecenasFuscesedelitadipiscingMicroservicescongueposueremalesuadalectusposuereelit
2022-08-17 00:25:40 [pool-1-thread-1] INFO  c.z.t.t.k.s.l.TwitterKafkaStatusListener - Twitter status with the text FuscemalesuadaporttitorMicroservicessitMaecenas
2022-08-17 00:25:50 [pool-1-thread-1] INFO  c.z.t.t.k.s.l.TwitterKafkaStatusListener - Twitter status with the text massaipsummalesuadamagnaconsectetuerFusceposuereMicroservicesmassaelitconguemagnacongue
2022-08-17 00:26:00 [pool-1-thread-1] INFO  c.z.t.t.k.s.l.TwitterKafkaStatusListener - Twitter status with the text liberoMaecenasdolorMicroservicesconsectetueripsum
2022-08-17 00:26:10 [pool-1-thread-1] INFO  c.z.t.t.k.s.l.TwitterKafkaStatusListener - Twitter status with the text massaLoremposuerelectusMicroservicesadipiscingmalesuadaamet
2022-08-17 00:26:20 [pool-1-thread-1] INFO  c.z.t.t.k.s.l.TwitterKafkaStatusListener - Twitter status with the text ametelitLoremporttitorMaecenasmassasedposuereMicroservicesFusceelitelitFusceconsectetueradipiscing
2022-08-17 00:26:30 [pool-1-thread-1] INFO  c.z.t.t.k.s.l.TwitterKafkaStatusListener - Twitter status with the text ipsumFusceMaecenasdolorelitconsectetuerMicroservicesmalesuadaporttitorliberoposueremalesuada
2022-08-17 00:26:40 [pool-1-thread-1] INFO  c.z.t.t.k.s.l.TwitterKafkaStatusListener - Twitter status with the text elitmalesuadaporttitoripsumliberoporttitoripsumMicroservicesdolorpulvinarconsectetuerMaecenasultriciesultricies
2022-08-17 00:26:50 [pool-1-thread-1] INFO  c.z.t.t.k.s.l.TwitterKafkaStatusListener - Twitter status with the text dolormassadolorsedMicroservicesconsectetueripsumposuere
2022-08-17 00:27:00 [pool-1-thread-1] INFO  c.z.t.t.k.s.l.TwitterKafkaStatusListener - Twitter status with the text sedLoremmalesuadaMicroservicesmassamalesuada
2022-08-17 00:27:10 [pool-1-thread-1] INFO  c.z.t.t.k.s.l.TwitterKafkaStatusListener - Twitter status with the text consectetuerpulvinarsedipsumposueresedMicroservicesFusceliberositultriciesmalesuada
2022-08-17 00:27:20 [pool-1-thread-1] INFO  c.z.t.t.k.s.l.TwitterKafkaStatusListener - Twitter status with the text magnacongueametMicroservicesMaecenasultricies
2022-08-17 00:27:30 [pool-1-thread-1] INFO  c.z.t.t.k.s.l.TwitterKafkaStatusListener - Twitter status with the text purusdolormalesuadasedelitconsectetuerposueresedMicroservicesLoremLoremLoremdolorsitMaecenas
2022-08-17 00:27:40 [pool-1-thread-1] INFO  c.z.t.t.k.s.l.TwitterKafkaStatusListener - Twitter status with the text posuereconguepulvinarliberoconguemalesuadapurusMicroservicessedcongueporttitorconsectetuerconsectetuerultricies
2022-08-17 00:27:50 [pool-1-thread-1] INFO  c.z.t.t.k.s.l.TwitterKafkaStatusListener - Twitter status with the text LoremultriciescongueMaecenasMicroservicesposuereipsum
2022-08-17 00:28:00 [pool-1-thread-1] INFO  c.z.t.t.k.s.l.TwitterKafkaStatusListener - Twitter status with the text pulvinarelitdolormagnaMicroservicesconguelibero
2022-08-17 00:28:10 [pool-1-thread-1] INFO  c.z.t.t.k.s.l.TwitterKafkaStatusListener - Twitter status with the text adipiscingsedpuruspurusMicroservicesmassaipsumipsum
2022-08-17 00:28:20 [pool-1-thread-1] INFO  c.z.t.t.k.s.l.TwitterKafkaStatusListener - Twitter status with the text pulvinarultriciesFuscecongueipsumpulvinarFusceadipiscingMicroservicessitliberodolorFuscesedsed
2022-08-17 00:28:30 [pool-1-thread-1] INFO  c.z.t.t.k.s.l.TwitterKafkaStatusListener - Twitter status with the text adipiscingadipiscingconsectetuersitMicroservicesmagnaLoremipsum
2022-08-17 00:28:40 [pool-1-thread-1] INFO  c.z.t.t.k.s.l.TwitterKafkaStatusListener - Twitter status with the text sedMaecenasFuscelectuslectusipsumposuereMicroservicesmagnamagnapulvinarsitsit
2022-08-17 00:28:50 [pool-1-thread-1] INFO  c.z.t.t.k.s.l.TwitterKafkaStatusListener - Twitter status with the text adipiscingporttitordoloripsumadipiscingLoremFusceposuereMicroservicesmassaconsectetuerelitmagnasedcongue
2022-08-17 00:29:00 [pool-1-thread-1] INFO  c.z.t.t.k.s.l.TwitterKafkaStatusListener - Twitter status with the text MaecenasdolorporttitorsitdolormassapurusMicroservicesipsumMaecenasLoremsedmassalibero
2022-08-17 00:29:10 [pool-1-thread-1] INFO  c.z.t.t.k.s.l.TwitterKafkaStatusListener - Twitter status with the text elitconsectetuermassapulvinarsedMaecenasLoremMicroservicesMaecenasipsumipsumelitconguelibero
2022-08-17 00:29:20 [pool-1-thread-1] INFO  c.z.t.t.k.s.l.TwitterKafkaStatusListener - Twitter status with the text ipsummalesuadacongueipsumMicroservicesultriciesamet
2022-08-17 00:29:30 [pool-1-thread-1] INFO  c.z.t.t.k.s.l.TwitterKafkaStatusListener - Twitter status with the text dolorpulvinarMaecenassitMicroservicesliberoMaecenas
2022-08-17 00:29:40 [pool-1-thread-1] INFO  c.z.t.t.k.s.l.TwitterKafkaStatusListener - Twitter status with the text massaFusceconsectetuercongueMicroservicesMaecenaslectus
2022-08-17 00:29:50 [pool-1-thread-1] INFO  c.z.t.t.k.s.l.TwitterKafkaStatusListener - Twitter status with the text elitsedadipiscingFuscelectusmassaconsectetueradipiscingMicroserviceslectusadipiscingporttitorporttitoradipiscingadipiscingFusce
2022-08-17 00:30:00 [pool-1-thread-1] INFO  c.z.t.t.k.s.l.TwitterKafkaStatusListener - Twitter status with the text congueadipiscingMaecenaselitconsectetuerultriciespurusMicroservicesmalesuadamagnamalesuadaporttitorpulvinarsed
2022-08-17 00:30:10 [pool-1-thread-1] INFO  c.z.t.t.k.s.l.TwitterKafkaStatusListener - Twitter status with the text ipsumliberoFusceipsumMicroservicessedliberoelit
2022-08-17 00:30:20 [pool-1-thread-1] INFO  c.z.t.t.k.s.l.TwitterKafkaStatusListener - Twitter status with the text consectetuersedametLoremMicroservicespulvinarsitlectus
2022-08-17 00:30:30 [pool-1-thread-1] INFO  c.z.t.t.k.s.l.TwitterKafkaStatusListener - Twitter status with the text adipiscingpurusametMicroservicesliberoadipiscing
2022-08-17 00:30:40 [pool-1-thread-1] INFO  c.z.t.t.k.s.l.TwitterKafkaStatusListener - Twitter status with the text purusporttitorultriciesMaecenasliberositMicroserviceselitLoremmagnaliberoposuere
2022-08-17 00:30:50 [pool-1-thread-1] INFO  c.z.t.t.k.s.l.TwitterKafkaStatusListener - Twitter status with the text malesuadaMaecenasipsumMicroservicesametpulvinar
2022-08-17 00:31:00 [pool-1-thread-1] INFO  c.z.t.t.k.s.l.TwitterKafkaStatusListener - Twitter status with the text liberomalesuadaFusceultriciesMicroservicespurusporttitor
2022-08-17 00:31:10 [pool-1-thread-1] INFO  c.z.t.t.k.s.l.TwitterKafkaStatusListener - Twitter status with the text MaecenasmassaconsectetuerconsectetuerMicroservicesmalesuadaLorem
2022-08-17 00:31:20 [pool-1-thread-1] INFO  c.z.t.t.k.s.l.TwitterKafkaStatusListener - Twitter status with the text elitmalesuadaposuereconsectetuermalesuadaLoremMicroservicesporttitorLoremporttitorposuere
2022-08-17 00:31:30 [pool-1-thread-1] INFO  c.z.t.t.k.s.l.TwitterKafkaStatusListener - Twitter status with the text LoremadipiscingsedpuruslectusposueremagnaMicroservicesMaecenasdolorMaecenasliberoMaecenas
2022-08-17 00:31:40 [pool-1-thread-1] INFO  c.z.t.t.k.s.l.TwitterKafkaStatusListener - Twitter status with the text ametposuereliberomassasitposuereMaecenasipsumMicroservicesconsectetuerposueremagnaadipiscingmassamalesuadaamet
2022-08-17 00:31:50 [pool-1-thread-1] INFO  c.z.t.t.k.s.l.TwitterKafkaStatusListener - Twitter status with the text sitFuscepurusadipiscingadipiscingdolorMaecenasFusceMicroservicesporttitorposuereultriciespurusconsectetuercongue
2022-08-17 00:32:00 [pool-1-thread-1] INFO  c.z.t.t.k.s.l.TwitterKafkaStatusListener - Twitter status with the text porttitorporttitordolorporttitorelitMaecenasmalesuadamassaMicroservicesdolorconsectetuersitadipiscingposueresitMaecenas
2022-08-17 00:32:10 [pool-1-thread-1] INFO  c.z.t.t.k.s.l.TwitterKafkaStatusListener - Twitter status with the text LoremmassaconsectetuerultriciesMicroservicesmagnaposueresit
2022-08-17 00:32:20 [pool-1-thread-1] INFO  c.z.t.t.k.s.l.TwitterKafkaStatusListener - Twitter status with the text liberoconguepulvinarmassamalesuadalectusFuscemalesuadaMicroservicesFuscemalesuadadolorpurusLoremsit
2022-08-17 00:32:30 [pool-1-thread-1] INFO  c.z.t.t.k.s.l.TwitterKafkaStatusListener - Twitter status with the text elitconsectetuerpulvinarconsectetuerelitipsumadipiscingMicroservicessedelitsedsedlectus
2022-08-17 00:32:40 [pool-1-thread-1] INFO  c.z.t.t.k.s.l.TwitterKafkaStatusListener - Twitter status with the text massaliberoametLoremelitMicroservicesliberoconsectetuerpulvinarlectus
2022-08-17 00:32:50 [pool-1-thread-1] INFO  c.z.t.t.k.s.l.TwitterKafkaStatusListener - Twitter status with the text malesuadaultriciesconsectetuermagnaametMicroservicesmassaLoremconsectetuer
2022-08-17 00:33:00 [pool-1-thread-1] INFO  c.z.t.t.k.s.l.TwitterKafkaStatusListener - Twitter status with the text posueresitmassaadipiscingsitcongueMicroservicespulvinardolorametmagnaadipiscing
2022-08-17 00:33:10 [pool-1-thread-1] INFO  c.z.t.t.k.s.l.TwitterKafkaStatusListener - Twitter status with the text porttitorposueremalesuadaipsumliberoelitmalesuadaipsumMicroservicesposuereipsumsedLoremLoremmagnaconsectetuer
2022-08-17 00:33:20 [pool-1-thread-1] INFO  c.z.t.t.k.s.l.TwitterKafkaStatusListener - Twitter status with the text dolorelitmalesuadacongueultriciesMicroservicesdolorconguepuruspulvinar
2022-08-17 00:33:30 [pool-1-thread-1] INFO  c.z.t.t.k.s.l.TwitterKafkaStatusListener - Twitter status with the text MaecenaslectusametconsectetuerMicroservicesdolorposuereconsectetuer
2022-08-17 00:33:40 [pool-1-thread-1] INFO  c.z.t.t.k.s.l.TwitterKafkaStatusListener - Twitter status with the text ultriciesmagnaFusceMicroservicespurusFusce
2022-08-17 00:33:50 [pool-1-thread-1] INFO  c.z.t.t.k.s.l.TwitterKafkaStatusListener - Twitter status with the text ultriciesconsectetuerpulvinarLoremMicroservicesFusceMaecenasmalesuada
2022-08-17 00:34:00 [pool-1-thread-1] INFO  c.z.t.t.k.s.l.TwitterKafkaStatusListener - Twitter status with the text massasitLorempurusFusceposuerelectusMicroservicesultricieselitsitposueresitposuere
2022-08-17 00:34:10 [pool-1-thread-1] INFO  c.z.t.t.k.s.l.TwitterKafkaStatusListener - Twitter status with the text dolorultriciesLoremMicroservicesporttitorconsectetuer
2022-08-17 00:34:20 [pool-1-thread-1] INFO  c.z.t.t.k.s.l.TwitterKafkaStatusListener - Twitter status with the text purusLoremconsectetuerMicroservicesmassased
2022-08-17 00:34:30 [pool-1-thread-1] INFO  c.z.t.t.k.s.l.TwitterKafkaStatusListener - Twitter status with the text doloradipiscingFusceliberoFusceultriciesipsumMicroservicesmagnalectuspurusipsumultriciessit
2022-08-17 00:34:40 [pool-1-thread-1] INFO  c.z.t.t.k.s.l.TwitterKafkaStatusListener - Twitter status with the text LoremmagnaconsectetueripsumLoremultriciesMicroservicessedultriciesliberosit
2022-08-17 00:34:50 [pool-1-thread-1] INFO  c.z.t.t.k.s.l.TwitterKafkaStatusListener - Twitter status with the text pulvinarconguelectussedelitMicroservicesametporttitorMaecenasporttitor
2022-08-17 00:35:00 [pool-1-thread-1] INFO  c.z.t.t.k.s.l.TwitterKafkaStatusListener - Twitter status with the text adipiscingsedelitlectusmalesuadamassamagnaMicroservicesmassaelitmagnasitadipiscingcongue
2022-08-17 00:35:10 [pool-1-thread-1] INFO  c.z.t.t.k.s.l.TwitterKafkaStatusListener - Twitter status with the text adipiscingMaecenasposuereametsitposuerepurusMicroservicesmalesuadaadipiscingelitMaecenasmagnaipsum
2022-08-17 00:35:20 [pool-1-thread-1] INFO  c.z.t.t.k.s.l.TwitterKafkaStatusListener - Twitter status with the text sedametposuerepurusMicroserviceslectusultricies
2022-08-17 00:35:30 [pool-1-thread-1] INFO  c.z.t.t.k.s.l.TwitterKafkaStatusListener - Twitter status with the text dolorpurusmalesuadaporttitorMaecenaspurussedpurusMicroservicesliberodolorultriciesdolorposuereultriciessed
2022-08-17 00:35:40 [pool-1-thread-1] INFO  c.z.t.t.k.s.l.TwitterKafkaStatusListener - Twitter status with the text malesuadaadipiscingelitametmagnapurusMicroservicesLorempulvinarLoremsit
2022-08-17 00:35:50 [pool-1-thread-1] INFO  c.z.t.t.k.s.l.TwitterKafkaStatusListener - Twitter status with the text magnaFuscesitpulvinarLoremMicroservicespulvinarMaecenasporttitor
2022-08-17 00:36:00 [pool-1-thread-1] INFO  c.z.t.t.k.s.l.TwitterKafkaStatusListener - Twitter status with the text adipiscingpuruselitmassaporttitorLoremMicroservicessitLoremLorempulvinar
2022-08-17 00:36:10 [pool-1-thread-1] INFO  c.z.t.t.k.s.l.TwitterKafkaStatusListener - Twitter status with the text ultriciesMaecenaspurusFusceconsectetuerMicroservicessitultriciesadipiscing
2022-08-17 00:36:20 [pool-1-thread-1] INFO  c.z.t.t.k.s.l.TwitterKafkaStatusListener - Twitter status with the text consectetuerpurusconsectetuerametpurusliberoMicroservicesametdolorametmagna
2022-08-17 00:36:30 [pool-1-thread-1] INFO  c.z.t.t.k.s.l.TwitterKafkaStatusListener - Twitter status with the text malesuadapulvinarlectuspulvinarcongueFusceMicroservicessitsitconguelectus
2022-08-17 00:36:40 [pool-1-thread-1] INFO  c.z.t.t.k.s.l.TwitterKafkaStatusListener - Twitter status with the text dolorposuereultriciesposuereelitsedMicroservicessedconsectetuersitpulvinarcongue
2022-08-17 00:36:50 [pool-1-thread-1] INFO  c.z.t.t.k.s.l.TwitterKafkaStatusListener - Twitter status with the text porttitorconsectetuersitmassaMicroservicesconsectetuerultriciessed
2022-08-17 00:37:00 [pool-1-thread-1] INFO  c.z.t.t.k.s.l.TwitterKafkaStatusListener - Twitter status with the text ipsumporttitorporttitorlectusFusceMicroservicesipsumpurusmagnalibero
2022-08-17 00:37:10 [pool-1-thread-1] INFO  c.z.t.t.k.s.l.TwitterKafkaStatusListener - Twitter status with the text congueconsectetuerFusceametadipiscingpulvinarMicroservicesmagnapulvinarsitmalesuadaelit
2022-08-17 00:37:20 [pool-1-thread-1] INFO  c.z.t.t.k.s.l.TwitterKafkaStatusListener - Twitter status with the text pulvinarcongueMaecenaselitultriciespulvinarmagnapurusMicroservicesLoremmalesuadaultricieslectusconsectetuermalesuadaultricies
2022-08-17 00:37:30 [pool-1-thread-1] INFO  c.z.t.t.k.s.l.TwitterKafkaStatusListener - Twitter status with the text massaametpurusadipiscingconsectetuerposuereMicroservicesultriciesmalesuadapuruspulvinardolor
2022-08-17 00:37:40 [pool-1-thread-1] INFO  c.z.t.t.k.s.l.TwitterKafkaStatusListener - Twitter status with the text ametmalesuadamalesuadaultriciesliberoLoremMaecenasposuereMicroserviceslectusliberoipsummalesuadaLoremdolor
2022-08-17 00:37:50 [pool-1-thread-1] INFO  c.z.t.t.k.s.l.TwitterKafkaStatusListener - Twitter status with the text malesuadaelitMaecenasmagnaMicroservicescongueametipsum
2022-08-17 00:38:00 [pool-1-thread-1] INFO  c.z.t.t.k.s.l.TwitterKafkaStatusListener - Twitter status with the text pulvinarametconguepurusmassaLoremporttitorMicroserviceselitultriciespurusmagnaFusceconsectetuer
2022-08-17 00:38:10 [pool-1-thread-1] INFO  c.z.t.t.k.s.l.TwitterKafkaStatusListener - Twitter status with the text dolorposuereposuereporttitorFuscedolorliberoadipiscingMicroservicespurusadipiscingporttitormagnaadipiscingadipiscing
2022-08-17 00:38:20 [pool-1-thread-1] INFO  c.z.t.t.k.s.l.TwitterKafkaStatusListener - Twitter status with the text posueredoloripsummassaMicroservicespulvinarmagnaultricies
2022-08-17 00:38:30 [pool-1-thread-1] INFO  c.z.t.t.k.s.l.TwitterKafkaStatusListener - Twitter status with the text posuerepulvinarpulvinarametmagnaMicroservicesultriciesposuereamet
2022-08-17 00:38:40 [pool-1-thread-1] INFO  c.z.t.t.k.s.l.TwitterKafkaStatusListener - Twitter status with the text ipsumMaecenaspulvinarmassaporttitorporttitorMicroservicesmalesuadamassamassaultriciesmalesuada
2022-08-17 00:38:50 [pool-1-thread-1] INFO  c.z.t.t.k.s.l.TwitterKafkaStatusListener - Twitter status with the text FuscepurusametdolorMicroservicesdolorposuere
2022-08-17 00:39:00 [pool-1-thread-1] INFO  c.z.t.t.k.s.l.TwitterKafkaStatusListener - Twitter status with the text pulvinarmalesuadadoloripsumLoremdoloripsumMicroservicescongueFusceFuscepulvinarMaecenasMaecenas
2022-08-17 00:39:10 [pool-1-thread-1] INFO  c.z.t.t.k.s.l.TwitterKafkaStatusListener - Twitter status with the text consectetuerporttitorFuscemalesuadaMicroservicesdolorconguelectus
2022-08-17 00:39:20 [pool-1-thread-1] INFO  c.z.t.t.k.s.l.TwitterKafkaStatusListener - Twitter status with the text congueipsumdolorposueremagnacongueadipiscingMicroservicesporttitoripsumametipsumMaecenassed
2022-08-17 00:39:30 [pool-1-thread-1] INFO  c.z.t.t.k.s.l.TwitterKafkaStatusListener - Twitter status with the text elitpurusdolorconsectetuersedMicroservicesmagnapurusmalesuada
2022-08-17 00:39:40 [pool-1-thread-1] INFO  c.z.t.t.k.s.l.TwitterKafkaStatusListener - Twitter status with the text conguepulvinarsedconsectetuersitMicroservicesultriciescongueposuere
2022-08-17 00:39:50 [pool-1-thread-1] INFO  c.z.t.t.k.s.l.TwitterKafkaStatusListener - Twitter status with the text ultriciesadipiscinglectusultriciesconsectetuersedelitmassaMicroservicesFusceametFusceliberosedFuscemagna
2022-08-17 00:40:00 [pool-1-thread-1] INFO  c.z.t.t.k.s.l.TwitterKafkaStatusListener - Twitter status with the text MaecenasmalesuadaFusceipsumposuereMaecenasmagnaMicroserviceselitultriciessitipsummagnapulvinar
2022-08-17 00:40:10 [pool-1-thread-1] INFO  c.z.t.t.k.s.l.TwitterKafkaStatusListener - Twitter status with the text porttitorsedsedipsumMicroservicesconsectetuerultricies
2022-08-17 00:40:20 [pool-1-thread-1] INFO  c.z.t.t.k.s.l.TwitterKafkaStatusListener - Twitter status with the text posuereMaecenaselitMicroservicespuruslibero
2022-08-17 00:40:30 [pool-1-thread-1] INFO  c.z.t.t.k.s.l.TwitterKafkaStatusListener - Twitter status with the text adipiscingsitsedpulvinarMicroservicesMaecenaspulvinar
2022-08-17 00:40:40 [pool-1-thread-1] INFO  c.z.t.t.k.s.l.TwitterKafkaStatusListener - Twitter status with the text massaultriciesmagnaconsectetuermalesuadaMicroservicesmassalectusmassadolor
2022-08-17 00:40:50 [pool-1-thread-1] INFO  c.z.t.t.k.s.l.TwitterKafkaStatusListener - Twitter status with the text malesuadamagnaelitdolorMicroservicesMaecenasFusce
2022-08-17 00:41:00 [pool-1-thread-1] INFO  c.z.t.t.k.s.l.TwitterKafkaStatusListener - Twitter status with the text posuereconguemalesuadacongueliberoconguemassaametMicroservicesametpulvinarporttitorelitmassaametposuere
2022-08-17 00:41:10 [pool-1-thread-1] INFO  c.z.t.t.k.s.l.TwitterKafkaStatusListener - Twitter status with the text liberoelitmassamalesuadamassasedMicroservicesporttitorultriciesdolorpulvinar
2022-08-17 00:41:20 [pool-1-thread-1] INFO  c.z.t.t.k.s.l.TwitterKafkaStatusListener - Twitter status with the text purusconguemagnaporttitorliberoipsumMicroservicessedpulvinarpurusametMaecenas
2022-08-17 00:41:30 [pool-1-thread-1] INFO  c.z.t.t.k.s.l.TwitterKafkaStatusListener - Twitter status with the text magnaultriciesametipsumposuereMicroservicesametsedadipiscingdolor
2022-08-17 00:41:40 [pool-1-thread-1] INFO  c.z.t.t.k.s.l.TwitterKafkaStatusListener - Twitter status with the text pulvinardolorelitmassaporttitorporttitorMicroservicesporttitorpurusmagnaconsectetuer
2022-08-17 00:41:50 [pool-1-thread-1] INFO  c.z.t.t.k.s.l.TwitterKafkaStatusListener - Twitter status with the text FuscemassalectuspulvinarultriciesmassaMaecenascongueMicroservicesposuereipsumporttitorlectusmalesuadaMaecenas
2022-08-17 00:42:00 [pool-1-thread-1] INFO  c.z.t.t.k.s.l.TwitterKafkaStatusListener - Twitter status with the text elitpulvinarultriciesdolorconsectetuermagnaFusceelitMicroservicesconguemalesuadapulvinarametsitsitdolor
2022-08-17 00:42:10 [pool-1-thread-1] INFO  c.z.t.t.k.s.l.TwitterKafkaStatusListener - Twitter status with the text sedsedultricieselitultriciesmalesuadaMicroservicesadipiscingcongueposueredolor
2022-08-17 00:42:20 [pool-1-thread-1] INFO  c.z.t.t.k.s.l.TwitterKafkaStatusListener - Twitter status with the text congueposuereametpurusMicroservicesposuereLorem
2022-08-17 00:42:30 [pool-1-thread-1] INFO  c.z.t.t.k.s.l.TwitterKafkaStatusListener - Twitter status with the text lectusipsummagnaconsectetuermagnasitsitsedMicroservicesipsumposuereelitsedsitpulvinar
2022-08-17 00:42:40 [pool-1-thread-1] INFO  c.z.t.t.k.s.l.TwitterKafkaStatusListener - Twitter status with the text consectetuerliberopulvinarpuruslectusliberoipsumMicroservicespulvinarsitpulvinarelitliberoMaecenas
2022-08-17 00:42:50 [pool-1-thread-1] INFO  c.z.t.t.k.s.l.TwitterKafkaStatusListener - Twitter status with the text pulvinarliberomalesuadaadipiscingdolorMaecenasdolorelitMicroservicesmassaadipiscingelitLoremsedsit
2022-08-17 00:43:00 [pool-1-thread-1] INFO  c.z.t.t.k.s.l.TwitterKafkaStatusListener - Twitter status with the text ametmassaadipiscingdolorlectusconsectetuerMicroservicesipsumFusceliberocongue
2022-08-17 00:43:10 [pool-1-thread-1] INFO  c.z.t.t.k.s.l.TwitterKafkaStatusListener - Twitter status with the text liberoliberopulvinarsedelitMicroservicesMaecenaslectusultricies
2022-08-17 00:43:20 [pool-1-thread-1] INFO  c.z.t.t.k.s.l.TwitterKafkaStatusListener - Twitter status with the text sitdolorlectusliberoametLoremdolorultriciesMicroservicessedposueremalesuadasedpulvinarFusce
2022-08-17 00:43:30 [pool-1-thread-1] INFO  c.z.t.t.k.s.l.TwitterKafkaStatusListener - Twitter status with the text lectuspulvinarametametametliberoMicroservicesLoremdolorliberosed
2022-08-17 00:43:40 [pool-1-thread-1] INFO  c.z.t.t.k.s.l.TwitterKafkaStatusListener - Twitter status with the text dolorametipsumposuereMicroservicesMaecenassit
2022-08-17 00:43:50 [pool-1-thread-1] INFO  c.z.t.t.k.s.l.TwitterKafkaStatusListener - Twitter status with the text purusmalesuadamagnasitMicroservicespurussedposuere
2022-08-17 00:44:00 [pool-1-thread-1] INFO  c.z.t.t.k.s.l.TwitterKafkaStatusListener - Twitter status with the text congueposuereFusceconguemalesuadaposuereMicroservicesFusceposuereametelitmalesuada
2022-08-17 00:44:10 [pool-1-thread-1] INFO  c.z.t.t.k.s.l.TwitterKafkaStatusListener - Twitter status with the text purusFusceFusceFuscesedadipiscingipsummassaMicroservicessedporttitorconsectetuerliberoMaecenasMaecenas
2022-08-17 00:44:20 [pool-1-thread-1] INFO  c.z.t.t.k.s.l.TwitterKafkaStatusListener - Twitter status with the text puruslectusLoremcongueMicroservicessedposueresit
2022-08-17 00:44:30 [pool-1-thread-1] INFO  c.z.t.t.k.s.l.TwitterKafkaStatusListener - Twitter status with the text elitsedadipiscingLoremametcongueipsumMicroservicesametpurusametconguelectusmagna
2022-08-17 00:44:40 [pool-1-thread-1] INFO  c.z.t.t.k.s.l.TwitterKafkaStatusListener - Twitter status with the text posuereconsectetuersitLoremLoremdolorMicroservicesadipiscingpulvinaripsummagnaposuere
2022-08-17 00:44:50 [pool-1-thread-1] INFO  c.z.t.t.k.s.l.TwitterKafkaStatusListener - Twitter status with the text MaecenasposuerecongueFuscelectusipsumMicroservicespuruspurussitpurusultricies
2022-08-17 00:45:00 [pool-1-thread-1] INFO  c.z.t.t.k.s.l.TwitterKafkaStatusListener - Twitter status with the text porttitorsitmagnaultriciesliberosedliberoMicroservicespulvinarposueresedadipiscingultricies
2022-08-17 00:45:10 [pool-1-thread-1] INFO  c.z.t.t.k.s.l.TwitterKafkaStatusListener - Twitter status with the text consectetuerposuerepulvinaripsumporttitorMicroservicesLoremmagnaFuscedolor
2022-08-17 00:45:20 [pool-1-thread-1] INFO  c.z.t.t.k.s.l.TwitterKafkaStatusListener - Twitter status with the text adipiscingdolorsitadipiscingMicroservicesultriciespulvinar
2022-08-17 00:45:30 [pool-1-thread-1] INFO  c.z.t.t.k.s.l.TwitterKafkaStatusListener - Twitter status with the text lectusliberolectusadipiscingpulvinarconsectetuerFusceconsectetuerMicroservicesametlectusmalesuadamagnamassapulvinarsed
2022-08-17 00:45:40 [pool-1-thread-1] INFO  c.z.t.t.k.s.l.TwitterKafkaStatusListener - Twitter status with the text FusceposuerepurusMaecenasporttitorMicroservicesmassaMaecenasporttitor
2022-08-17 00:45:50 [pool-1-thread-1] INFO  c.z.t.t.k.s.l.TwitterKafkaStatusListener - Twitter status with the text porttitoripsumsitsitMicroservicesultricieslectusmassa
2022-08-17 00:46:00 [pool-1-thread-1] INFO  c.z.t.t.k.s.l.TwitterKafkaStatusListener - Twitter status with the text adipiscingporttitorametmagnaadipiscingelitMicroservicesametpurusLoremultriciesmagna
2022-08-17 00:46:10 [pool-1-thread-1] INFO  c.z.t.t.k.s.l.TwitterKafkaStatusListener - Twitter status with the text magnaultriciesmagnapurusliberoposuereMicroservicesmalesuadaultriciesLoremMaecenasLorem
2022-08-17 00:46:20 [pool-1-thread-1] INFO  c.z.t.t.k.s.l.TwitterKafkaStatusListener - Twitter status with the text sitdolorpulvinarmalesuadaporttitorcongueporttitorMicroservicesipsumadipiscingmagnaMaecenasdolor
2022-08-17 00:46:30 [pool-1-thread-1] INFO  c.z.t.t.k.s.l.TwitterKafkaStatusListener - Twitter status with the text porttitormagnaliberoipsumlectuselitMicroservicesporttitorposuerecongueLorem
2022-08-17 00:46:40 [pool-1-thread-1] INFO  c.z.t.t.k.s.l.TwitterKafkaStatusListener - Twitter status with the text consectetuersedelitpurusMicroservicesadipiscingadipiscing
2022-08-17 00:46:50 [pool-1-thread-1] INFO  c.z.t.t.k.s.l.TwitterKafkaStatusListener - Twitter status with the text conguelectusporttitorMaecenasipsumMicroservicesadipiscingadipiscingipsumLorem
2022-08-17 00:47:00 [pool-1-thread-1] INFO  c.z.t.t.k.s.l.TwitterKafkaStatusListener - Twitter status with the text malesuadasitmagnaporttitorMaecenaspurusMicroservicesposuereposuereFusceadipiscingconsectetuer
2022-08-17 00:47:10 [pool-1-thread-1] INFO  c.z.t.t.k.s.l.TwitterKafkaStatusListener - Twitter status with the text ametsitsedlectusMaecenascongueMicroservicespurusmagnaipsummassa
2022-08-17 00:47:20 [pool-1-thread-1] INFO  c.z.t.t.k.s.l.TwitterKafkaStatusListener - Twitter status with the text pulvinarliberoFusceMaecenascongueMicroservicesFusceLorempulvinarcongue
2022-08-17 00:47:30 [pool-1-thread-1] INFO  c.z.t.t.k.s.l.TwitterKafkaStatusListener - Twitter status with the text pulvinarmassasitMicroservicesconguelectus
2022-08-17 00:47:40 [pool-1-thread-1] INFO  c.z.t.t.k.s.l.TwitterKafkaStatusListener - Twitter status with the text posuereelitMaecenasconsectetuermalesuadaliberoipsumMicroservicesporttitorsedposueremassamagna
2022-08-17 00:47:50 [pool-1-thread-1] INFO  c.z.t.t.k.s.l.TwitterKafkaStatusListener - Twitter status with the text consectetuerporttitorconsectetueripsummassaporttitoripsumMicroserviceslectusmassaconguemalesuadaliberoelit
2022-08-17 00:48:00 [pool-1-thread-1] INFO  c.z.t.t.k.s.l.TwitterKafkaStatusListener - Twitter status with the text malesuadaametmalesuadaconguepulvinarFusceMicroservicesLoremultriciessedadipiscing
2022-08-17 00:48:10 [pool-1-thread-1] INFO  c.z.t.t.k.s.l.TwitterKafkaStatusListener - Twitter status with the text massaliberoconguecongueporttitorMaecenassedMicroservicesipsumdolorporttitorcongueconsectetuerpulvinar
2022-08-17 00:48:20 [pool-1-thread-1] INFO  c.z.t.t.k.s.l.TwitterKafkaStatusListener - Twitter status with the text sedMaecenassitliberoconsectetuerLoremporttitorMicroservicessedmassaFuscemalesuadasitMaecenas
2022-08-17 00:48:30 [pool-1-thread-1] INFO  c.z.t.t.k.s.l.TwitterKafkaStatusListener - Twitter status with the text lectuselitmalesuadaipsumporttitorMicroservicesLoremmassamassa
2022-08-17 00:48:40 [pool-1-thread-1] INFO  c.z.t.t.k.s.l.TwitterKafkaStatusListener - Twitter status with the text porttitorMaecenasposueredolorametmassasedMicroservicessedametadipiscingliberositFusce
2022-08-17 00:48:50 [pool-1-thread-1] INFO  c.z.t.t.k.s.l.TwitterKafkaStatusListener - Twitter status with the text magnaadipiscingsedmassalectusMicroservicesadipiscingelitelitlibero
2022-08-17 00:49:00 [pool-1-thread-1] INFO  c.z.t.t.k.s.l.TwitterKafkaStatusListener - Twitter status with the text magnaconsectetuerMaecenasconsectetuerpulvinarMicroservicesFusceametipsum
2022-08-17 00:49:10 [pool-1-thread-1] INFO  c.z.t.t.k.s.l.TwitterKafkaStatusListener - Twitter status with the text lectusconsectetuerliberoliberodolormagnaipsumMicroservicessitadipiscingLoremcongueultriciesipsum
2022-08-17 00:49:20 [pool-1-thread-1] INFO  c.z.t.t.k.s.l.TwitterKafkaStatusListener - Twitter status with the text massaporttitormagnasedmalesuadaliberoadipiscingLoremMicroserviceslectusametmagnaporttitormalesuadasit
2022-08-17 00:49:30 [pool-1-thread-1] INFO  c.z.t.t.k.s.l.TwitterKafkaStatusListener - Twitter status with the text adipiscinglectusadipiscingsitsitposuereMicroservicesposuereliberomagnamagna
2022-08-17 00:49:40 [pool-1-thread-1] INFO  c.z.t.t.k.s.l.TwitterKafkaStatusListener - Twitter status with the text sedFuscesedmalesuadaMicroservicesLorempuruselit
2022-08-17 00:49:50 [pool-1-thread-1] INFO  c.z.t.t.k.s.l.TwitterKafkaStatusListener - Twitter status with the text FusceFusceadipiscingipsumipsumliberoMicroservicessitconsectetuerpulvinarpuruspurus
2022-08-17 00:50:00 [pool-1-thread-1] INFO  c.z.t.t.k.s.l.TwitterKafkaStatusListener - Twitter status with the text magnalectusMaecenasametFusceMicroservicesMaecenaslectusamet
2022-08-17 00:50:10 [pool-1-thread-1] INFO  c.z.t.t.k.s.l.TwitterKafkaStatusListener - Twitter status with the text lectusconsectetuermalesuadaposuereMicroservicessitposueresed
2022-08-17 00:50:20 [pool-1-thread-1] INFO  c.z.t.t.k.s.l.TwitterKafkaStatusListener - Twitter status with the text dolormassasitipsummassaconguelectusconsectetuerMicroservicessitMaecenasFuscedolormagnased
2022-08-17 00:56:54 [pool-1-thread-1] INFO  c.z.t.t.k.s.l.TwitterKafkaStatusListener - Twitter status with the text magnasitipsumsitconsectetuerMicroservicesdolorelitMaecenasMaecenas
2022-08-17 00:57:04 [pool-1-thread-1] INFO  c.z.t.t.k.s.l.TwitterKafkaStatusListener - Twitter status with the text sedipsumipsumporttitorelitelitporttitorMicroservicesmassaametelitconsectetuermalesuada
2022-08-17 00:57:14 [pool-1-thread-1] INFO  c.z.t.t.k.s.l.TwitterKafkaStatusListener - Twitter status with the text ipsumdolorposuereMicroservicesdolorlectus
2022-08-17 00:57:24 [pool-1-thread-1] INFO  c.z.t.t.k.s.l.TwitterKafkaStatusListener - Twitter status with the text ametLoremmagnaelitMicroservicesadipiscingultriciesconsectetuer
2022-08-17 00:57:34 [pool-1-thread-1] INFO  c.z.t.t.k.s.l.TwitterKafkaStatusListener - Twitter status with the text adipiscingmassaconsectetuerultriciesmalesuadaconsectetuerlectusporttitorMicroservicesmalesuadaporttitordolormagnamassaposuere
2022-08-17 00:57:44 [pool-1-thread-1] INFO  c.z.t.t.k.s.l.TwitterKafkaStatusListener - Twitter status with the text massapulvinarsedlectusmagnaconsectetuersitpurusMicroservicesadipiscinglectusadipiscingametpulvinaradipiscingmalesuada
2022-08-17 00:57:54 [pool-1-thread-1] INFO  c.z.t.t.k.s.l.TwitterKafkaStatusListener - Twitter status with the text posuereadipiscingdolorMicroservicesporttitorLorem
2022-08-17 00:58:04 [pool-1-thread-1] INFO  c.z.t.t.k.s.l.TwitterKafkaStatusListener - Twitter status with the text adipiscingultriciesadipiscingsedlectuspuruselitMicroserviceselitmassaporttitorlectusLoremlibero
2022-08-17 00:58:14 [pool-1-thread-1] INFO  c.z.t.t.k.s.l.TwitterKafkaStatusListener - Twitter status with the text consectetueripsumdolorconsectetuerMicroservicesconsectetuerelitdolor
2022-08-17 00:58:24 [pool-1-thread-1] INFO  c.z.t.t.k.s.l.TwitterKafkaStatusListener - Twitter status with the text ametliberopulvinarLoremMicroservicesporttitorlectusmassa
2022-08-17 00:58:34 [pool-1-thread-1] INFO  c.z.t.t.k.s.l.TwitterKafkaStatusListener - Twitter status with the text LoremlectusMaecenassitMaecenasMaecenasMicroservicesdolorpurussedLoremelit
2022-08-17 00:58:44 [pool-1-thread-1] INFO  c.z.t.t.k.s.l.TwitterKafkaStatusListener - Twitter status with the text sitposuereconsectetuersedadipiscingFusceultriciesMicroservicesLoremFusceliberomalesuadaliberoporttitor
2022-08-17 00:58:54 [pool-1-thread-1] INFO  c.z.t.t.k.s.l.TwitterKafkaStatusListener - Twitter status with the text posuerelectusultriciesametultriciesmalesuadaMicroserviceselitliberoposuereipsumsed
2022-08-17 00:59:04 [pool-1-thread-1] INFO  c.z.t.t.k.s.l.TwitterKafkaStatusListener - Twitter status with the text elitmassaultriciesmassacongueMicroservicespulvinarLoremcongue
2022-08-17 00:59:15 [pool-1-thread-1] INFO  c.z.t.t.k.s.l.TwitterKafkaStatusListener - Twitter status with the text FusceporttitorposuereMaecenaselitMicroservicesipsumipsumpulvinar
2022-08-17 00:59:25 [pool-1-thread-1] INFO  c.z.t.t.k.s.l.TwitterKafkaStatusListener - Twitter status with the text sedsitliberopurusametMicroservicesipsummassasit
2022-08-17 00:59:35 [pool-1-thread-1] INFO  c.z.t.t.k.s.l.TwitterKafkaStatusListener - Twitter status with the text ametpulvinarmassaMicroservicesMaecenasmassa
2022-08-17 00:59:45 [pool-1-thread-1] INFO  c.z.t.t.k.s.l.TwitterKafkaStatusListener - Twitter status with the text conguemalesuadasedposuerelectuslectusmalesuadaMicroservicescongueultriciespulvinarMaecenasdolorsed
2022-08-17 00:59:55 [pool-1-thread-1] INFO  c.z.t.t.k.s.l.TwitterKafkaStatusListener - Twitter status with the text massamassaadipiscingipsumliberoultriciesconsectetuerMicroserviceselitmassaMaecenasadipiscingpurusmassa
2022-08-17 01:00:05 [pool-1-thread-1] INFO  c.z.t.t.k.s.l.TwitterKafkaStatusListener - Twitter status with the text purusMaecenasmassaMicroservicesmassaultricies
2022-08-17 01:00:15 [pool-1-thread-1] INFO  c.z.t.t.k.s.l.TwitterKafkaStatusListener - Twitter status with the text ultriciesposueresedametelitMicroservicesporttitormassaconsectetuer
2022-08-17 01:00:25 [pool-1-thread-1] INFO  c.z.t.t.k.s.l.TwitterKafkaStatusListener - Twitter status with the text LoremporttitorultriciesliberoLoremMicroservicesultriciesFuscepulvinarcongue
2022-08-17 01:00:35 [pool-1-thread-1] INFO  c.z.t.t.k.s.l.TwitterKafkaStatusListener - Twitter status with the text LoremMaecenasposuerepulvinaripsumMicroservicesmassaultriciesmassaamet
2022-08-17 01:00:45 [pool-1-thread-1] INFO  c.z.t.t.k.s.l.TwitterKafkaStatusListener - Twitter status with the text liberoMaecenasLoremipsumadipiscingMicroservicesLoremdolorpuruspulvinar
2022-08-17 01:00:55 [pool-1-thread-1] INFO  c.z.t.t.k.s.l.TwitterKafkaStatusListener - Twitter status with the text ultriciessedLoremporttitorlectussedsitmagnaMicroservicespurussedametposueresitLoremsit
2022-08-17 01:01:05 [pool-1-thread-1] INFO  c.z.t.t.k.s.l.TwitterKafkaStatusListener - Twitter status with the text lectusFuscesedsedsitMicroservicesconsectetuerposueresitsit
2022-08-17 01:01:15 [pool-1-thread-1] INFO  c.z.t.t.k.s.l.TwitterKafkaStatusListener - Twitter status with the text FuscedolormagnaelitMaecenassitFusceMicroservicessedmagnaadipiscingpuruspurus
2022-08-17 01:01:25 [pool-1-thread-1] INFO  c.z.t.t.k.s.l.TwitterKafkaStatusListener - Twitter status with the text FuscesedsitipsumMicroservicesliberopurusporttitor
2022-08-17 01:01:35 [pool-1-thread-1] INFO  c.z.t.t.k.s.l.TwitterKafkaStatusListener - Twitter status with the text MaecenassitmagnadoloripsumipsumpulvinarpurusMicroservicesliberomagnaelitipsumsedipsumcongue
2022-08-17 01:01:45 [pool-1-thread-1] INFO  c.z.t.t.k.s.l.TwitterKafkaStatusListener - Twitter status with the text LoremMaecenasFusceMicroservicesMaecenasMaecenas
2022-08-17 01:01:55 [pool-1-thread-1] INFO  c.z.t.t.k.s.l.TwitterKafkaStatusListener - Twitter status with the text FusceliberoMaecenasliberoMicroservicessitFuscesit
2022-08-17 01:02:05 [pool-1-thread-1] INFO  c.z.t.t.k.s.l.TwitterKafkaStatusListener - Twitter status with the text ipsumsitFusceFusceMicroservicesLoremFusce
2022-08-17 01:02:15 [pool-1-thread-1] INFO  c.z.t.t.k.s.l.TwitterKafkaStatusListener - Twitter status with the text ultriciesdolorliberomassaultriciesFuscemalesuadasitMicroservicesmalesuadaconsectetuerdolorlectusmassaposuereLorem
2022-08-17 01:02:25 [pool-1-thread-1] INFO  c.z.t.t.k.s.l.TwitterKafkaStatusListener - Twitter status with the text malesuadalectusposuereFusceMicroservicessitpurus
2022-08-17 01:02:35 [pool-1-thread-1] INFO  c.z.t.t.k.s.l.TwitterKafkaStatusListener - Twitter status with the text ametlectuslectusMaecenasdolormalesuadadolorultriciesMicroservicesporttitorametpurussitconsectetuersitconsectetuer
2022-08-17 01:02:45 [pool-1-thread-1] INFO  c.z.t.t.k.s.l.TwitterKafkaStatusListener - Twitter status with the text ametdolorcongueporttitorMaecenasliberocongueMicroservicessedlectusposueredolorpulvinar
2022-08-17 01:02:55 [pool-1-thread-1] INFO  c.z.t.t.k.s.l.TwitterKafkaStatusListener - Twitter status with the text ultriciesmagnaLorempuruspulvinarpurusMicroservicesmalesuadapurussedultricies
2022-08-17 01:03:05 [pool-1-thread-1] INFO  c.z.t.t.k.s.l.TwitterKafkaStatusListener - Twitter status with the text adipiscingdolorultriciesMicroservicespurusMaecenas
2022-08-17 01:03:15 [pool-1-thread-1] INFO  c.z.t.t.k.s.l.TwitterKafkaStatusListener - Twitter status with the text FusceconsectetuerposuereultriciesdolorsitFusceliberoMicroservicesconsectetuersedmassaelitconsectetuerLoremipsum
2022-08-17 01:03:25 [pool-1-thread-1] INFO  c.z.t.t.k.s.l.TwitterKafkaStatusListener - Twitter status with the text lectusipsumametlectuspulvinarLoremFusceMicroservicesporttitorametelitFusceFusce
2022-08-17 01:03:35 [pool-1-thread-1] INFO  c.z.t.t.k.s.l.TwitterKafkaStatusListener - Twitter status with the text massalectussitconsectetuerporttitorelitconguepulvinarMicroservicescongueelitconsectetuersitLoremelitmassa
2022-08-17 01:03:45 [pool-1-thread-1] INFO  c.z.t.t.k.s.l.TwitterKafkaStatusListener - Twitter status with the text conguelectuspuruslectusipsumsitmagnaMicroservicesultriciesultriciesmalesuadaposuereelit
2022-08-17 01:03:55 [pool-1-thread-1] INFO  c.z.t.t.k.s.l.TwitterKafkaStatusListener - Twitter status with the text adipiscingmalesuadalectusmagnaMaecenasMicroservicesLoremmalesuadasedMaecenas
2022-08-17 01:04:05 [pool-1-thread-1] INFO  c.z.t.t.k.s.l.TwitterKafkaStatusListener - Twitter status with the text consectetuerlectusposuereametultriciesipsumLoremMicroservicesametFusceametmassaadipiscing
2022-08-17 01:04:15 [pool-1-thread-1] INFO  c.z.t.t.k.s.l.TwitterKafkaStatusListener - Twitter status with the text liberopulvinaradipiscingadipiscingmalesuadaliberopulvinarMicroservicesmassalectuscongueelitelit
2022-08-17 01:04:25 [pool-1-thread-1] INFO  c.z.t.t.k.s.l.TwitterKafkaStatusListener - Twitter status with the text massaporttitorposuereporttitorMicroservicesmagnaFusce
2022-08-17 01:04:35 [pool-1-thread-1] INFO  c.z.t.t.k.s.l.TwitterKafkaStatusListener - Twitter status with the text liberomagnaposuereipsumposueremagnapulvinarMicroservicesultriciessedmassamassamassa
2022-08-17 01:04:45 [pool-1-thread-1] INFO  c.z.t.t.k.s.l.TwitterKafkaStatusListener - Twitter status with the text massaLoremporttitorFusceMicroservicesametadipiscingsed
2022-08-17 01:04:55 [pool-1-thread-1] INFO  c.z.t.t.k.s.l.TwitterKafkaStatusListener - Twitter status with the text elitsitconguemassaadipiscingcongueLoremMicroservicessedipsumconsectetuerporttitoradipiscing
2022-08-17 01:05:05 [pool-1-thread-1] INFO  c.z.t.t.k.s.l.TwitterKafkaStatusListener - Twitter status with the text malesuadaconguepuruspurusLoremMaecenasMicroservicespurusMaecenasliberoadipiscingFusce
2022-08-17 01:05:15 [pool-1-thread-1] INFO  c.z.t.t.k.s.l.TwitterKafkaStatusListener - Twitter status with the text massaFusceelitadipiscingelitLoremMicroservicesipsumadipiscingliberolectuspurus
2022-08-17 01:05:25 [pool-1-thread-1] INFO  c.z.t.t.k.s.l.TwitterKafkaStatusListener - Twitter status with the text pulvinarametmalesuadaMaecenasMicroservicesmalesuadaFusce
2022-08-17 01:05:35 [pool-1-thread-1] INFO  c.z.t.t.k.s.l.TwitterKafkaStatusListener - Twitter status with the text ametFusceliberoconguedolorFusceMicroservicessitLoremmalesuadamalesuada
2022-08-17 01:05:45 [pool-1-thread-1] INFO  c.z.t.t.k.s.l.TwitterKafkaStatusListener - Twitter status with the text ametsedpulvinarmagnaMicroservicesliberoMaecenaspurus
2022-08-17 01:05:55 [pool-1-thread-1] INFO  c.z.t.t.k.s.l.TwitterKafkaStatusListener - Twitter status with the text dolorsedLoremsitpulvinarposuereMicroservicessitmalesuadaelitmassadolor
2022-08-17 01:06:05 [pool-1-thread-1] INFO  c.z.t.t.k.s.l.TwitterKafkaStatusListener - Twitter status with the text sedposuereadipiscingpulvinarliberoMicroservicespulvinarelitdoloripsum
2022-08-17 01:06:15 [pool-1-thread-1] INFO  c.z.t.t.k.s.l.TwitterKafkaStatusListener - Twitter status with the text sitporttitorlectussedelitconsectetueradipiscingFusceMicroservicesliberoconsectetueradipiscingporttitorsedmassapulvinar
2022-08-17 01:06:25 [pool-1-thread-1] INFO  c.z.t.t.k.s.l.TwitterKafkaStatusListener - Twitter status with the text FuscemassaametpurusMaecenasmagnaMicroservicespulvinarpurusmassaipsumamet
2022-08-17 01:06:35 [pool-1-thread-1] INFO  c.z.t.t.k.s.l.TwitterKafkaStatusListener - Twitter status with the text malesuadaconguecongueMaecenasultricieselitMicroservicesadipiscingadipiscingelitadipiscing
2022-08-17 01:06:45 [pool-1-thread-1] INFO  c.z.t.t.k.s.l.TwitterKafkaStatusListener - Twitter status with the text LoremposueremagnaMaecenasMicroserviceselitlibero
2022-08-17 01:06:55 [pool-1-thread-1] INFO  c.z.t.t.k.s.l.TwitterKafkaStatusListener - Twitter status with the text posuereadipiscingadipiscingMicroservicesporttitorultricies
2022-08-17 01:07:05 [pool-1-thread-1] INFO  c.z.t.t.k.s.l.TwitterKafkaStatusListener - Twitter status with the text magnaposueredolorultriciespulvinarMicroservicesadipiscingMaecenasipsumelit
2022-08-17 01:07:15 [pool-1-thread-1] INFO  c.z.t.t.k.s.l.TwitterKafkaStatusListener - Twitter status with the text posuereametconsectetuerliberodolorpurusMicroservicessitLoremametmalesuadaFusce
2022-08-17 01:07:25 [pool-1-thread-1] INFO  c.z.t.t.k.s.l.TwitterKafkaStatusListener - Twitter status with the text porttitorporttitorliberoultriciesdolorposuereMicroservicessitsedlectusametdolor
2022-08-17 01:07:35 [pool-1-thread-1] INFO  c.z.t.t.k.s.l.TwitterKafkaStatusListener - Twitter status with the text FuscemalesuadaMaecenasdolorMicroservicesconguemalesuada
2022-08-17 01:07:45 [pool-1-thread-1] INFO  c.z.t.t.k.s.l.TwitterKafkaStatusListener - Twitter status with the text porttitorLoremdolorelitliberoMicroservicesmassaelitmagnapurus
2022-08-17 01:07:55 [pool-1-thread-1] INFO  c.z.t.t.k.s.l.TwitterKafkaStatusListener - Twitter status with the text MaecenasametposuereipsumelitMicroservicesdolorpulvinarcongue
2022-08-17 01:08:05 [pool-1-thread-1] INFO  c.z.t.t.k.s.l.TwitterKafkaStatusListener - Twitter status with the text sitpulvinarpuruslectussedcongueMicroservicesliberoFuscelectuslibero
2022-08-17 01:08:15 [pool-1-thread-1] INFO  c.z.t.t.k.s.l.TwitterKafkaStatusListener - Twitter status with the text adipiscingsitmassalectusmassaMicroservicesliberomagnased
2022-08-17 01:08:25 [pool-1-thread-1] INFO  c.z.t.t.k.s.l.TwitterKafkaStatusListener - Twitter status with the text MaecenasdolormagnapulvinarposuerecongueMicroservicesadipiscingFusceposuereipsumMaecenas
2022-08-17 01:08:35 [pool-1-thread-1] INFO  c.z.t.t.k.s.l.TwitterKafkaStatusListener - Twitter status with the text LoremconsectetuerpulvinarMicroservicesporttitorFusce
2022-08-17 01:08:45 [pool-1-thread-1] INFO  c.z.t.t.k.s.l.TwitterKafkaStatusListener - Twitter status with the text sedliberoconsectetuermagnadolormalesuadamagnaMicroservicesultricieslectusconsectetueradipiscingliberoultricies
2022-08-17 01:08:55 [pool-1-thread-1] INFO  c.z.t.t.k.s.l.TwitterKafkaStatusListener - Twitter status with the text lectuslectusadipiscingliberoelitMicroservicesmalesuadaametcongue
2022-08-17 01:09:05 [pool-1-thread-1] INFO  c.z.t.t.k.s.l.TwitterKafkaStatusListener - Twitter status with the text ipsumsitdolorlectusmalesuadalectusMicroservicesultriciesFuscepuruselitmalesuada
2022-08-17 01:09:15 [pool-1-thread-1] INFO  c.z.t.t.k.s.l.TwitterKafkaStatusListener - Twitter status with the text FusceposuereLoremmassaipsumametcongueametMicroservicesipsumpurusmagnaametipsumLoremLorem
2022-08-17 01:09:25 [pool-1-thread-1] INFO  c.z.t.t.k.s.l.TwitterKafkaStatusListener - Twitter status with the text LoremmagnalectuspulvinarMicroservicesmagnaconsectetuermassa
2022-08-17 01:09:35 [pool-1-thread-1] INFO  c.z.t.t.k.s.l.TwitterKafkaStatusListener - Twitter status with the text massaFuscemalesuadaposuereametporttitorconsectetuerMicroservicesLoremsedliberoametconguedolor
2022-08-17 01:09:45 [pool-1-thread-1] INFO  c.z.t.t.k.s.l.TwitterKafkaStatusListener - Twitter status with the text malesuadaelitsitporttitorMicroservicespulvinarsedlibero
2022-08-17 01:09:55 [pool-1-thread-1] INFO  c.z.t.t.k.s.l.TwitterKafkaStatusListener - Twitter status with the text consectetueradipiscingliberoFuscelectuspulvinarporttitorconsectetuerMicroservicesametsedFusceposuereporttitorMaecenas
2022-08-17 01:10:05 [pool-1-thread-1] INFO  c.z.t.t.k.s.l.TwitterKafkaStatusListener - Twitter status with the text porttitordolorsedmagnamalesuadapulvinarliberomalesuadaMicroservicesMaecenassedcongueconsectetuerpurusultriciesipsum
2022-08-17 01:10:15 [pool-1-thread-1] INFO  c.z.t.t.k.s.l.TwitterKafkaStatusListener - Twitter status with the text liberoposuereconsectetuerposueremagnaMicroserviceslectusmalesuadaamet
2022-08-17 01:10:25 [pool-1-thread-1] INFO  c.z.t.t.k.s.l.TwitterKafkaStatusListener - Twitter status with the text sitpulvinarLoremliberopulvinarsedMicroservicespulvinarcongueLoremlibero
2022-08-17 01:10:35 [pool-1-thread-1] INFO  c.z.t.t.k.s.l.TwitterKafkaStatusListener - Twitter status with the text pulvinarmassaposuereporttitorelitmagnaMicroservicespurusposuereametadipiscingmalesuada
2022-08-17 01:10:45 [pool-1-thread-1] INFO  c.z.t.t.k.s.l.TwitterKafkaStatusListener - Twitter status with the text lectusmassadolorMaecenasMicroservicesmagnaposuere
2022-08-17 01:10:55 [pool-1-thread-1] INFO  c.z.t.t.k.s.l.TwitterKafkaStatusListener - Twitter status with the text ametliberoconsectetuerMaecenasmagnapulvinarMicroservicesdolorpurusporttitorsit
2022-08-17 01:11:05 [pool-1-thread-1] INFO  c.z.t.t.k.s.l.TwitterKafkaStatusListener - Twitter status with the text conguepurusadipiscingpurusMicroservicesliberosed
2022-08-17 01:11:15 [pool-1-thread-1] INFO  c.z.t.t.k.s.l.TwitterKafkaStatusListener - Twitter status with the text ultriciescongueipsumconsectetuerelitcongueporttitorMicroservicesMaecenasadipiscingporttitorFusceposuere
2022-08-17 01:11:25 [pool-1-thread-1] INFO  c.z.t.t.k.s.l.TwitterKafkaStatusListener - Twitter status with the text sedconsectetuerconsectetuerdolorpurusmalesuadaconsectetuerMicroservicesmalesuadaultriciespurusconsectetuerultricies
2022-08-17 01:11:35 [pool-1-thread-1] INFO  c.z.t.t.k.s.l.TwitterKafkaStatusListener - Twitter status with the text consectetuerdolorLoremsedadipiscingsedultriciesMicroservicesporttitorLoremposueremagnaconsectetuer
2022-08-17 01:11:45 [pool-1-thread-1] INFO  c.z.t.t.k.s.l.TwitterKafkaStatusListener - Twitter status with the text congueporttitoradipiscingultriciesposuereporttitormagnaMicroservicesipsumconsectetuerlectusipsumporttitorsed
2022-08-17 01:11:55 [pool-1-thread-1] INFO  c.z.t.t.k.s.l.TwitterKafkaStatusListener - Twitter status with the text congueadipiscingultriciesametametsitcongueMicroservicesmagnaconsectetuerposuereMaecenasmalesuadaLorem
