2022-07-18 00:00:05 [pool-1-thread-1] INFO  c.z.t.t.k.s.l.TwitterKafkaStatusListener - Twitter status with the text sedipsumultriciescongueliberoMicroservicesmalesuadaliberoadipiscing
2022-07-18 00:00:15 [pool-1-thread-1] INFO  c.z.t.t.k.s.l.TwitterKafkaStatusListener - Twitter status with the text ultriciesporttitorLoremFusceMicroservicesmassaconguemassa
2022-07-18 00:00:25 [pool-1-thread-1] INFO  c.z.t.t.k.s.l.TwitterKafkaStatusListener - Twitter status with the text consectetuerLoremporttitordolorMicroservicesametsitporttitor
2022-07-18 00:00:35 [pool-1-thread-1] INFO  c.z.t.t.k.s.l.TwitterKafkaStatusListener - Twitter status with the text massaelitliberoelitLoremultriciesultriciessedMicroservicespurusposueresedipsumpurusadipiscingultricies
2022-07-18 00:00:45 [pool-1-thread-1] INFO  c.z.t.t.k.s.l.TwitterKafkaStatusListener - Twitter status with the text FuscepulvinarsedLoremsedposuerecongueMicroservicesliberomalesuadaipsumLoremFuscepulvinar
2022-07-18 00:00:55 [pool-1-thread-1] INFO  c.z.t.t.k.s.l.TwitterKafkaStatusListener - Twitter status with the text elitmassaporttitorpuruslectusMicroservicesFusceelitmassa
2022-07-18 00:01:05 [pool-1-thread-1] INFO  c.z.t.t.k.s.l.TwitterKafkaStatusListener - Twitter status with the text lectussedpulvinarmassasedMicroservicesliberopulvinarsitelit
2022-07-18 00:01:15 [pool-1-thread-1] INFO  c.z.t.t.k.s.l.TwitterKafkaStatusListener - Twitter status with the text ametpurusdolorelitposuereconguepulvinarMaecenasMicroservicesporttitorposuereadipiscingsitsedmalesuadaposuere
2022-07-18 00:01:25 [pool-1-thread-1] INFO  c.z.t.t.k.s.l.TwitterKafkaStatusListener - Twitter status with the text liberoultriciesliberoelitadipiscingMicroservicesultriciesmassapurus
2022-07-18 00:01:35 [pool-1-thread-1] INFO  c.z.t.t.k.s.l.TwitterKafkaStatusListener - Twitter status with the text MaecenasmalesuadaFusceconsectetuerultriciesMicroservicesFusceFusceelitlectus
2022-07-18 00:01:45 [pool-1-thread-1] INFO  c.z.t.t.k.s.l.TwitterKafkaStatusListener - Twitter status with the text magnaLoremconsectetuerliberoipsumlectusmassaMicroservicessitipsumsitdolorliberomagna
2022-07-18 00:01:55 [pool-1-thread-1] INFO  c.z.t.t.k.s.l.TwitterKafkaStatusListener - Twitter status with the text FuscemassaipsumsitpulvinarelitMicroservicescongueposueresitposuereipsum
2022-07-18 00:02:05 [pool-1-thread-1] INFO  c.z.t.t.k.s.l.TwitterKafkaStatusListener - Twitter status with the text porttitorsedmassaMicroserviceselitLorem
2022-07-18 00:02:15 [pool-1-thread-1] INFO  c.z.t.t.k.s.l.TwitterKafkaStatusListener - Twitter status with the text congueFuscepulvinarsitLoremipsumsedMicroservicesadipiscingultriciescongueconsectetuerpurusadipiscing
2022-07-18 00:02:25 [pool-1-thread-1] INFO  c.z.t.t.k.s.l.TwitterKafkaStatusListener - Twitter status with the text magnaFuscepulvinarposuereipsumultriciesMicroservicespurusMaecenasadipiscingadipiscing
2022-07-18 00:02:35 [pool-1-thread-1] INFO  c.z.t.t.k.s.l.TwitterKafkaStatusListener - Twitter status with the text adipiscingliberopuruspuruslectusultricieslectusMicroservicesLoremconsectetuerposuereFuscelibero
2022-07-18 00:02:45 [pool-1-thread-1] INFO  c.z.t.t.k.s.l.TwitterKafkaStatusListener - Twitter status with the text pulvinarultriciesdolorliberomagnaadipiscingMicroservicesconguesitelitsitelit
2022-07-18 00:02:55 [pool-1-thread-1] INFO  c.z.t.t.k.s.l.TwitterKafkaStatusListener - Twitter status with the text pulvinarpurusporttitorMaecenasdolorliberoametMicroservicesliberoconsectetuerliberoametcongueultricies
2022-07-18 00:03:05 [pool-1-thread-1] INFO  c.z.t.t.k.s.l.TwitterKafkaStatusListener - Twitter status with the text magnaipsumdolorposuereametposuereMicroservicespurusconsectetuerLoremcongue
2022-07-18 00:03:15 [pool-1-thread-1] INFO  c.z.t.t.k.s.l.TwitterKafkaStatusListener - Twitter status with the text malesuadaametmalesuadamassaadipiscingametlectusmalesuadaMicroservicesmagnaadipiscingultriciesporttitorlectusLorem
2022-07-18 00:03:25 [pool-1-thread-1] INFO  c.z.t.t.k.s.l.TwitterKafkaStatusListener - Twitter status with the text magnaultricieslectusmassaadipiscingMicroservicesMaecenaslectuspulvinaripsum
2022-07-18 00:03:35 [pool-1-thread-1] INFO  c.z.t.t.k.s.l.TwitterKafkaStatusListener - Twitter status with the text ametconsectetuersitadipiscingmagnamalesuadasedipsumMicroservicesFusceliberodolorpulvinarmassadolor
2022-07-18 00:03:45 [pool-1-thread-1] INFO  c.z.t.t.k.s.l.TwitterKafkaStatusListener - Twitter status with the text massaFusceipsumMicroservicesametipsum
2022-07-18 00:03:55 [pool-1-thread-1] INFO  c.z.t.t.k.s.l.TwitterKafkaStatusListener - Twitter status with the text ipsumconsectetuerametelitpurusLorempurusMicroservicesporttitorporttitoradipiscingsedposuere
2022-07-18 00:04:05 [pool-1-thread-1] INFO  c.z.t.t.k.s.l.TwitterKafkaStatusListener - Twitter status with the text congueLoremmassaposuereadipiscingMicroservicesdolorultriciesmagna
2022-07-18 00:04:15 [pool-1-thread-1] INFO  c.z.t.t.k.s.l.TwitterKafkaStatusListener - Twitter status with the text posuereultriciespurusametMicroservicescongueadipiscing
2022-07-18 00:04:25 [pool-1-thread-1] INFO  c.z.t.t.k.s.l.TwitterKafkaStatusListener - Twitter status with the text conguesedMaecenasipsumposuereFusceipsumMicroservicesmassaelitpurusametpurusLorem
2022-07-18 00:04:35 [pool-1-thread-1] INFO  c.z.t.t.k.s.l.TwitterKafkaStatusListener - Twitter status with the text adipiscingmagnalectusmassapulvinarliberoposuereMicroservicesultriciessitMaecenasconsectetuerelitFusce
2022-07-18 00:04:45 [pool-1-thread-1] INFO  c.z.t.t.k.s.l.TwitterKafkaStatusListener - Twitter status with the text sedposuereMaecenaspurusmalesuadacongueMicroservicesmagnalectusipsummagnapurus
2022-07-18 00:04:55 [pool-1-thread-1] INFO  c.z.t.t.k.s.l.TwitterKafkaStatusListener - Twitter status with the text pulvinarporttitorporttitoradipiscingMicroservicesmagnadoloripsum
2022-07-18 00:05:05 [pool-1-thread-1] INFO  c.z.t.t.k.s.l.TwitterKafkaStatusListener - Twitter status with the text massapurusmagnadolorMicroservicesFusceelitmalesuada
2022-07-18 00:05:16 [pool-1-thread-1] INFO  c.z.t.t.k.s.l.TwitterKafkaStatusListener - Twitter status with the text MaecenasposuereLoremdolorMaecenasipsumconsectetuerMicroservicespuruslectusultriciesmalesuadaMaecenasamet
2022-07-18 00:05:26 [pool-1-thread-1] INFO  c.z.t.t.k.s.l.TwitterKafkaStatusListener - Twitter status with the text puruslectusposuerelectusMicroservicesFusceconsectetuer
2022-07-18 00:05:36 [pool-1-thread-1] INFO  c.z.t.t.k.s.l.TwitterKafkaStatusListener - Twitter status with the text sedelitliberoMicroservicesultriciespurus
2022-07-18 00:05:46 [pool-1-thread-1] INFO  c.z.t.t.k.s.l.TwitterKafkaStatusListener - Twitter status with the text malesuadadolorposueresitposuereMicroservicessitsitelit
2022-07-18 00:05:56 [pool-1-thread-1] INFO  c.z.t.t.k.s.l.TwitterKafkaStatusListener - Twitter status with the text malesuadadolorFusceporttitorposuereultricieslectusametMicroservicesporttitorcongueconguepuruspulvinarlectus
2022-07-18 00:06:06 [pool-1-thread-1] INFO  c.z.t.t.k.s.l.TwitterKafkaStatusListener - Twitter status with the text purusposuereultriciesmassaporttitorametmassaMicroservicesmalesuadaMaecenasdolorLoremmagna
2022-07-18 00:06:16 [pool-1-thread-1] INFO  c.z.t.t.k.s.l.TwitterKafkaStatusListener - Twitter status with the text ultriciessedultriciesposuereFuscepulvinarMicroservicesadipiscingultriciesLoremmassaadipiscing
2022-07-18 00:06:26 [pool-1-thread-1] INFO  c.z.t.t.k.s.l.TwitterKafkaStatusListener - Twitter status with the text FuscepulvinarLoremelitpurusMicroservicesseddolormagnamassa
2022-07-18 00:06:36 [pool-1-thread-1] INFO  c.z.t.t.k.s.l.TwitterKafkaStatusListener - Twitter status with the text lectussitultriciessitMicroserviceselitlectusipsum
2022-07-18 00:06:46 [pool-1-thread-1] INFO  c.z.t.t.k.s.l.TwitterKafkaStatusListener - Twitter status with the text lectusadipiscingliberoMaecenasporttitorultriciessitsitMicroservicesporttitoripsumLoremconsectetuerametposuerecongue
2022-07-18 00:06:56 [pool-1-thread-1] INFO  c.z.t.t.k.s.l.TwitterKafkaStatusListener - Twitter status with the text ultriciessitliberoMicroservicesmagnamassa
2022-07-18 00:07:06 [pool-1-thread-1] INFO  c.z.t.t.k.s.l.TwitterKafkaStatusListener - Twitter status with the text MaecenasultriciesposuerepurusposueremalesuadaultriciesametMicroservicesposuereliberoporttitorsitsedporttitormalesuada
2022-07-18 00:07:16 [pool-1-thread-1] INFO  c.z.t.t.k.s.l.TwitterKafkaStatusListener - Twitter status with the text pulvinarFusceMaecenaspurusposuereipsummagnaMicroservicessitLoremsedcongueLoremLorem
2022-07-18 00:07:26 [pool-1-thread-1] INFO  c.z.t.t.k.s.l.TwitterKafkaStatusListener - Twitter status with the text porttitormassamassaLoremconsectetuerLoremconsectetuerMicroservicesipsumlectusMaecenasconguemagnalibero
2022-07-18 00:07:36 [pool-1-thread-1] INFO  c.z.t.t.k.s.l.TwitterKafkaStatusListener - Twitter status with the text ametdolormassaMicroservicesconguesit
2022-07-18 00:07:46 [pool-1-thread-1] INFO  c.z.t.t.k.s.l.TwitterKafkaStatusListener - Twitter status with the text FusceLoremMaecenasametmalesuadaMicroservicessitporttitorLorempulvinar
2022-07-18 00:07:56 [pool-1-thread-1] INFO  c.z.t.t.k.s.l.TwitterKafkaStatusListener - Twitter status with the text magnaametpurusmassasitlectuslectusporttitorMicroservicessitFuscemagnaMaecenasdolorporttitorlectus
2022-07-18 00:08:06 [pool-1-thread-1] INFO  c.z.t.t.k.s.l.TwitterKafkaStatusListener - Twitter status with the text LoremsitpuruspulvinarFusceMicroserviceslectusmagnamalesuadaultricies
2022-07-18 00:08:16 [pool-1-thread-1] INFO  c.z.t.t.k.s.l.TwitterKafkaStatusListener - Twitter status with the text dolorpurusmagnaMaecenasmagnaMicroservicesdolorsitelit
2022-07-18 00:08:26 [pool-1-thread-1] INFO  c.z.t.t.k.s.l.TwitterKafkaStatusListener - Twitter status with the text elitsedFusceporttitorMicroservicesMaecenaspulvinar
2022-07-18 00:08:36 [pool-1-thread-1] INFO  c.z.t.t.k.s.l.TwitterKafkaStatusListener - Twitter status with the text liberoFusceliberoMicroservicesmagnaMaecenas
2022-07-18 00:08:46 [pool-1-thread-1] INFO  c.z.t.t.k.s.l.TwitterKafkaStatusListener - Twitter status with the text lectusFuscemalesuadaametultriciesconsectetuerLoremmassaMicroserviceslectusdolorpurusipsumpulvinarmagna
2022-07-18 00:08:56 [pool-1-thread-1] INFO  c.z.t.t.k.s.l.TwitterKafkaStatusListener - Twitter status with the text FuscesedultriciesconsectetuerlectusconguesedMicroservicespulvinarametpulvinarsitposuere
2022-07-18 00:09:06 [pool-1-thread-1] INFO  c.z.t.t.k.s.l.TwitterKafkaStatusListener - Twitter status with the text posuerelectusMaecenasMicroservicescongueelit
2022-07-18 00:09:16 [pool-1-thread-1] INFO  c.z.t.t.k.s.l.TwitterKafkaStatusListener - Twitter status with the text dolorcongueelitconsectetuerMicroservicespulvinarlectusultricies
2022-07-18 00:09:26 [pool-1-thread-1] INFO  c.z.t.t.k.s.l.TwitterKafkaStatusListener - Twitter status with the text consectetueripsumpurusipsumpulvinarmagnaMicroserviceselitelitMaecenasipsum
2022-07-18 00:09:36 [pool-1-thread-1] INFO  c.z.t.t.k.s.l.TwitterKafkaStatusListener - Twitter status with the text magnapuruslectusposueremalesuadaFusceMicroservicesLoremlectusporttitoripsumpulvinar
2022-07-18 00:09:46 [pool-1-thread-1] INFO  c.z.t.t.k.s.l.TwitterKafkaStatusListener - Twitter status with the text pulvinarporttitormagnaporttitormassaMicroservicessitLoremconsectetuer
2022-07-18 00:09:56 [pool-1-thread-1] INFO  c.z.t.t.k.s.l.TwitterKafkaStatusListener - Twitter status with the text ultriciesLoremLoremLoremadipiscingFusceMicroservicesipsumLoremLoremsitelit
2022-07-18 00:10:06 [pool-1-thread-1] INFO  c.z.t.t.k.s.l.TwitterKafkaStatusListener - Twitter status with the text pulvinarLoremipsumlectuspurusconsectetuermalesuadaMicroservicesMaecenaspulvinarultricieslectusametelit
2022-07-18 00:10:16 [pool-1-thread-1] INFO  c.z.t.t.k.s.l.TwitterKafkaStatusListener - Twitter status with the text malesuadasedmagnaadipiscingpulvinarMicroservicessitMaecenasametporttitor
2022-07-18 00:10:26 [pool-1-thread-1] INFO  c.z.t.t.k.s.l.TwitterKafkaStatusListener - Twitter status with the text porttitormassaconsectetueradipiscingMicroservicesametpulvinaripsum
2022-07-18 00:10:36 [pool-1-thread-1] INFO  c.z.t.t.k.s.l.TwitterKafkaStatusListener - Twitter status with the text liberoelitametLoremconsectetuerlectusMicroserviceslectusametconsectetuermalesuadapulvinar
2022-07-18 00:10:46 [pool-1-thread-1] INFO  c.z.t.t.k.s.l.TwitterKafkaStatusListener - Twitter status with the text posuereposuereLoremlectusliberomalesuadaMicroservicesporttitormagnamalesuadaliberolibero
2022-07-18 00:10:56 [pool-1-thread-1] INFO  c.z.t.t.k.s.l.TwitterKafkaStatusListener - Twitter status with the text purussitcongueposuereporttitorMaecenaselitFusceMicroservicesLoremelitLoremadipiscingLoremipsumultricies
2022-07-18 00:11:06 [pool-1-thread-1] INFO  c.z.t.t.k.s.l.TwitterKafkaStatusListener - Twitter status with the text MaecenasadipiscingmagnaultriciesMicroservicesmagnaposuere
2022-07-18 00:11:16 [pool-1-thread-1] INFO  c.z.t.t.k.s.l.TwitterKafkaStatusListener - Twitter status with the text sedpurusipsumposuerecongueMicroservicesliberopulvinarcongueamet
2022-07-18 00:11:26 [pool-1-thread-1] INFO  c.z.t.t.k.s.l.TwitterKafkaStatusListener - Twitter status with the text LoremsedconguesitMicroservicescongueipsumsed
2022-07-18 00:11:36 [pool-1-thread-1] INFO  c.z.t.t.k.s.l.TwitterKafkaStatusListener - Twitter status with the text ipsumcongueFusceadipiscingmalesuadaFuscelectusMicroservicesconsectetuerFusceametlectusconsectetuer
2022-07-18 00:11:46 [pool-1-thread-1] INFO  c.z.t.t.k.s.l.TwitterKafkaStatusListener - Twitter status with the text massaconsectetuerliberoipsumcongueMicroserviceselitmassaLorem
2022-07-18 00:11:56 [pool-1-thread-1] INFO  c.z.t.t.k.s.l.TwitterKafkaStatusListener - Twitter status with the text dolorlectusLoremmassamalesuadaMicroservicesFusceFuscemagnased
2022-07-18 00:12:06 [pool-1-thread-1] INFO  c.z.t.t.k.s.l.TwitterKafkaStatusListener - Twitter status with the text massaelitconguemagnaLoremMicroservicespulvinarmassadolor
2022-07-18 00:12:16 [pool-1-thread-1] INFO  c.z.t.t.k.s.l.TwitterKafkaStatusListener - Twitter status with the text dolorultriciesposuereadipiscingFusceFusceMicroservicesporttitormalesuadaMaecenascongue
2022-07-18 00:12:26 [pool-1-thread-1] INFO  c.z.t.t.k.s.l.TwitterKafkaStatusListener - Twitter status with the text elitultricieselitipsumsitlectuspulvinarelitMicroservicesporttitorliberoadipiscingametliberoconsectetuer
2022-07-18 00:12:36 [pool-1-thread-1] INFO  c.z.t.t.k.s.l.TwitterKafkaStatusListener - Twitter status with the text purusmassapulvinaradipiscinglectussitsitMicroservicesFusceconguepulvinaradipiscingadipiscingmassa
2022-07-18 00:12:46 [pool-1-thread-1] INFO  c.z.t.t.k.s.l.TwitterKafkaStatusListener - Twitter status with the text ametpulvinarconsectetuercongueLoremposuereMicroservicessitametconguemassa
2022-07-18 00:12:56 [pool-1-thread-1] INFO  c.z.t.t.k.s.l.TwitterKafkaStatusListener - Twitter status with the text FusceametelitsitFusceMicroservicesmalesuadaLoremposuereconsectetuer
2022-07-18 00:13:06 [pool-1-thread-1] INFO  c.z.t.t.k.s.l.TwitterKafkaStatusListener - Twitter status with the text sitconguemagnamagnaliberoFuscecongueMicroservicesMaecenassitposueremassaLoremamet
2022-07-18 00:13:16 [pool-1-thread-1] INFO  c.z.t.t.k.s.l.TwitterKafkaStatusListener - Twitter status with the text posuereconguemassaporttitorMicroservicesMaecenasultricies
2022-07-18 00:13:26 [pool-1-thread-1] INFO  c.z.t.t.k.s.l.TwitterKafkaStatusListener - Twitter status with the text porttitorpulvinarmalesuadaadipiscingporttitorpulvinarMicroservicesipsumLorempurusmassa
2022-07-18 00:13:36 [pool-1-thread-1] INFO  c.z.t.t.k.s.l.TwitterKafkaStatusListener - Twitter status with the text FuscesedFuscepurussitMicroservicespurusipsumliberolibero
2022-07-18 00:13:46 [pool-1-thread-1] INFO  c.z.t.t.k.s.l.TwitterKafkaStatusListener - Twitter status with the text dolorsitmassaFuscepulvinarMicroserviceslectusultriciesFuscelibero
2022-07-18 00:13:56 [pool-1-thread-1] INFO  c.z.t.t.k.s.l.TwitterKafkaStatusListener - Twitter status with the text posuereLoremmassamassalectusMicroservicesmagnacongueFuscesed
2022-07-18 00:14:06 [pool-1-thread-1] INFO  c.z.t.t.k.s.l.TwitterKafkaStatusListener - Twitter status with the text consectetuermagnaporttitorametliberolectusposueremassaMicroservicesconguesitsitpulvinaripsumconsectetuer
2022-07-18 00:14:16 [pool-1-thread-1] INFO  c.z.t.t.k.s.l.TwitterKafkaStatusListener - Twitter status with the text magnaipsumlectusposuereMicroservicesmassaLorem
2022-07-18 00:14:26 [pool-1-thread-1] INFO  c.z.t.t.k.s.l.TwitterKafkaStatusListener - Twitter status with the text ametmagnamassaipsumipsumMicroservicesipsumdolordolorlibero
2022-07-18 00:14:36 [pool-1-thread-1] INFO  c.z.t.t.k.s.l.TwitterKafkaStatusListener - Twitter status with the text elitporttitorpurusFuscelectusametlectuselitMicroservicesipsumipsumlectusLoremipsumpurusmassa
2022-07-18 00:14:46 [pool-1-thread-1] INFO  c.z.t.t.k.s.l.TwitterKafkaStatusListener - Twitter status with the text sitpurussitLoremMicroservicesposuerelectussit
2022-07-18 00:14:56 [pool-1-thread-1] INFO  c.z.t.t.k.s.l.TwitterKafkaStatusListener - Twitter status with the text massapulvinarpulvinaradipiscingsedFusceadipiscingposuereMicroservicesconsectetuerporttitorpulvinarliberoametlibero
2022-07-18 00:15:06 [pool-1-thread-1] INFO  c.z.t.t.k.s.l.TwitterKafkaStatusListener - Twitter status with the text porttitorametLoremmalesuadamagnapurusMicroservicesposueremagnaLoremamet
2022-07-18 00:15:16 [pool-1-thread-1] INFO  c.z.t.t.k.s.l.TwitterKafkaStatusListener - Twitter status with the text lectusultriciesdolorcongueMicroservicesmagnaliberoamet
2022-07-18 00:15:26 [pool-1-thread-1] INFO  c.z.t.t.k.s.l.TwitterKafkaStatusListener - Twitter status with the text pulvinarporttitorlectusadipiscingadipiscingliberoFusceMicroservicessitLoremFusceipsumconsectetuerporttitor
2022-07-18 00:15:36 [pool-1-thread-1] INFO  c.z.t.t.k.s.l.TwitterKafkaStatusListener - Twitter status with the text ultriciessitametmalesuadasitconsectetuersitMicroservicessedpulvinarMaecenasliberomassa
2022-07-18 00:15:46 [pool-1-thread-1] INFO  c.z.t.t.k.s.l.TwitterKafkaStatusListener - Twitter status with the text liberoporttitorultriciessitMaecenasadipiscingposuereMicroservicesMaecenasposuereposueremagnaelit
2022-07-18 00:15:56 [pool-1-thread-1] INFO  c.z.t.t.k.s.l.TwitterKafkaStatusListener - Twitter status with the text doloradipiscinglectussitmagnaMicroservicespulvinarporttitordolorLorem
2022-07-18 00:16:06 [pool-1-thread-1] INFO  c.z.t.t.k.s.l.TwitterKafkaStatusListener - Twitter status with the text porttitorametLoremsedipsummagnadolorMicroserviceslectusMaecenascongueelitporttitorcongue
2022-07-18 00:22:40 [pool-1-thread-1] INFO  c.z.t.t.k.s.l.TwitterKafkaStatusListener - Twitter status with the text MaecenasametporttitorporttitormalesuadaelitFusceMicroservicesametmassaLoremdolorametFusce
2022-07-18 00:22:50 [pool-1-thread-1] INFO  c.z.t.t.k.s.l.TwitterKafkaStatusListener - Twitter status with the text LoremultriciesadipiscingposuereposuereMicroservicespurusametconsectetuerpulvinar
2022-07-18 00:23:00 [pool-1-thread-1] INFO  c.z.t.t.k.s.l.TwitterKafkaStatusListener - Twitter status with the text consectetuermassaultriciessitconsectetuerFusceMicroservicesdolorporttitorFusceadipiscinglectus
2022-07-18 00:23:10 [pool-1-thread-1] INFO  c.z.t.t.k.s.l.TwitterKafkaStatusListener - Twitter status with the text congueposuereelitLoremdolorlectussedlectusMicroserviceslectusliberomassaadipiscingpurusmagna
2022-07-18 00:23:20 [pool-1-thread-1] INFO  c.z.t.t.k.s.l.TwitterKafkaStatusListener - Twitter status with the text massasitFusceseddolorMaecenasmassaFusceMicroservicesultriciesultriciesadipiscingposuereametpurus
2022-07-18 00:23:30 [pool-1-thread-1] INFO  c.z.t.t.k.s.l.TwitterKafkaStatusListener - Twitter status with the text LoremsitadipiscingFuscemalesuadaMicroservicesametLoremcongue
2022-07-18 00:23:40 [pool-1-thread-1] INFO  c.z.t.t.k.s.l.TwitterKafkaStatusListener - Twitter status with the text magnaLorempulvinardolorMicroservicesmagnaelit
2022-07-18 00:23:50 [pool-1-thread-1] INFO  c.z.t.t.k.s.l.TwitterKafkaStatusListener - Twitter status with the text purusliberoelitconsectetuerFusceLoremliberoipsumMicroservicessedadipiscingdolorpurussedlectus
2022-07-18 00:24:00 [pool-1-thread-1] INFO  c.z.t.t.k.s.l.TwitterKafkaStatusListener - Twitter status with the text liberosedametsedMaecenasMicroservicespuruslectusadipiscinglibero
2022-07-18 00:24:10 [pool-1-thread-1] INFO  c.z.t.t.k.s.l.TwitterKafkaStatusListener - Twitter status with the text liberoelitsitdoloripsumpurusMicroservicesmagnaadipiscingporttitorultricies
2022-07-18 00:24:20 [pool-1-thread-1] INFO  c.z.t.t.k.s.l.TwitterKafkaStatusListener - Twitter status with the text ultriciespurusliberoametpurusMicroservicesconsectetueradipiscingLoremsed
2022-07-18 00:24:31 [pool-1-thread-1] INFO  c.z.t.t.k.s.l.TwitterKafkaStatusListener - Twitter status with the text liberoFuscemalesuadaporttitorMicroservicessitpurusamet
2022-07-18 00:24:41 [pool-1-thread-1] INFO  c.z.t.t.k.s.l.TwitterKafkaStatusListener - Twitter status with the text MaecenasipsumposuereelitMicroserviceselitelit
2022-07-18 00:24:51 [pool-1-thread-1] INFO  c.z.t.t.k.s.l.TwitterKafkaStatusListener - Twitter status with the text porttitorMaecenasametsedMicroservicesmagnalibero
2022-07-18 00:25:01 [pool-1-thread-1] INFO  c.z.t.t.k.s.l.TwitterKafkaStatusListener - Twitter status with the text ultriciesposuereametconguemalesuadaametMicroservicesporttitorMaecenassitametadipiscing
2022-07-18 00:25:11 [pool-1-thread-1] INFO  c.z.t.t.k.s.l.TwitterKafkaStatusListener - Twitter status with the text ametmassaipsumultriciesMicroservicesFuscepulvinarLorem
2022-07-18 00:25:21 [pool-1-thread-1] INFO  c.z.t.t.k.s.l.TwitterKafkaStatusListener - Twitter status with the text porttitorelitliberoipsumMicroservicesmagnaamet
2022-07-18 00:25:31 [pool-1-thread-1] INFO  c.z.t.t.k.s.l.TwitterKafkaStatusListener - Twitter status with the text purusipsumposuereMaecenasLorempulvinarsedMicroserviceselitFusceultriciesposueresit
2022-07-18 00:25:41 [pool-1-thread-1] INFO  c.z.t.t.k.s.l.TwitterKafkaStatusListener - Twitter status with the text ultriciessedultriciesametmalesuadaMicroservicesmagnaconguesed
2022-07-18 00:25:51 [pool-1-thread-1] INFO  c.z.t.t.k.s.l.TwitterKafkaStatusListener - Twitter status with the text sedconsectetuerpurusconsectetueripsumMicroservicessedelitipsumFusce
2022-07-18 00:26:01 [pool-1-thread-1] INFO  c.z.t.t.k.s.l.TwitterKafkaStatusListener - Twitter status with the text consectetuerelitadipiscingametMicroservicesdolorpulvinarultricies
2022-07-18 00:26:11 [pool-1-thread-1] INFO  c.z.t.t.k.s.l.TwitterKafkaStatusListener - Twitter status with the text malesuadapulvinarporttitorMaecenasadipiscingelitMaecenasMicroserviceslectusFusceliberoametcongue
2022-07-18 00:26:21 [pool-1-thread-1] INFO  c.z.t.t.k.s.l.TwitterKafkaStatusListener - Twitter status with the text porttitorsedpulvinarmalesuadaadipiscinglectuselitMaecenasMicroservicesmalesuadasedposuereporttitorametmassased
2022-07-18 00:26:31 [pool-1-thread-1] INFO  c.z.t.t.k.s.l.TwitterKafkaStatusListener - Twitter status with the text dolorliberomassasedmalesuadadolorporttitorMicroservicesmassaposuereposuereLorempulvinar
2022-07-18 00:26:41 [pool-1-thread-1] INFO  c.z.t.t.k.s.l.TwitterKafkaStatusListener - Twitter status with the text pulvinarultriciesliberoametLorempurusliberoMicroservicespurusconsectetuermassaMaecenasultricies
2022-07-18 00:26:51 [pool-1-thread-1] INFO  c.z.t.t.k.s.l.TwitterKafkaStatusListener - Twitter status with the text malesuadaporttitorlectusLoremsedliberoMicroservicesdolormagnamalesuadamalesuada
2022-07-18 00:27:01 [pool-1-thread-1] INFO  c.z.t.t.k.s.l.TwitterKafkaStatusListener - Twitter status with the text puruspurusMaecenasliberoMicroservicesadipiscingmassased
2022-07-18 00:27:11 [pool-1-thread-1] INFO  c.z.t.t.k.s.l.TwitterKafkaStatusListener - Twitter status with the text consectetuermagnaipsumMicroserviceslectusLorem
2022-07-18 00:27:21 [pool-1-thread-1] INFO  c.z.t.t.k.s.l.TwitterKafkaStatusListener - Twitter status with the text pulvinarmalesuadamagnapuruspurusposuereMicroservicesdolorMaecenasLoremametcongue
2022-07-18 00:27:31 [pool-1-thread-1] INFO  c.z.t.t.k.s.l.TwitterKafkaStatusListener - Twitter status with the text porttitorpulvinarFusceporttitormagnaporttitormagnaultriciesMicroservicesMaecenasLoremlectusadipiscingdoloripsumLorem
2022-07-18 00:27:41 [pool-1-thread-1] INFO  c.z.t.t.k.s.l.TwitterKafkaStatusListener - Twitter status with the text MaecenaspulvinarFuscesedpuruspulvinarporttitorMicroservicessitporttitorFusceelitmassaMaecenas
2022-07-18 00:27:51 [pool-1-thread-1] INFO  c.z.t.t.k.s.l.TwitterKafkaStatusListener - Twitter status with the text dolorelitFuscedolorsedelitMicroservicesMaecenasipsumultriciesultricieslectus
2022-07-18 00:28:01 [pool-1-thread-1] INFO  c.z.t.t.k.s.l.TwitterKafkaStatusListener - Twitter status with the text pulvinarposueremassaconguemalesuadaadipiscingMaecenasMicroservicesposuereMaecenasmalesuadaporttitorMaecenassit
2022-07-18 00:28:11 [pool-1-thread-1] INFO  c.z.t.t.k.s.l.TwitterKafkaStatusListener - Twitter status with the text puruspurusmassalectusLoremsitporttitorMicroservicesmassasitMaecenasposuereLorem
2022-07-18 00:28:21 [pool-1-thread-1] INFO  c.z.t.t.k.s.l.TwitterKafkaStatusListener - Twitter status with the text malesuadaLoremposuereipsumMicroservicesporttitorporttitoradipiscing
2022-07-18 00:28:31 [pool-1-thread-1] INFO  c.z.t.t.k.s.l.TwitterKafkaStatusListener - Twitter status with the text adipiscingpulvinardolorsitFusceconsectetuersitporttitorMicroservicesLoremadipiscingposuereametFuscesed
2022-07-18 00:28:41 [pool-1-thread-1] INFO  c.z.t.t.k.s.l.TwitterKafkaStatusListener - Twitter status with the text porttitorultriciesLorempurusconsectetuerposuerepurusliberoMicroservicesconsectetuerposuereLoremconsectetueradipiscingipsum
2022-07-18 00:28:51 [pool-1-thread-1] INFO  c.z.t.t.k.s.l.TwitterKafkaStatusListener - Twitter status with the text ametposuereliberoipsummassasitMicroservicesMaecenasametsedpulvinar
2022-07-18 00:29:01 [pool-1-thread-1] INFO  c.z.t.t.k.s.l.TwitterKafkaStatusListener - Twitter status with the text LoremipsumFuscemassamalesuadaMicroserviceselitcongueipsumlibero
2022-07-18 00:29:11 [pool-1-thread-1] INFO  c.z.t.t.k.s.l.TwitterKafkaStatusListener - Twitter status with the text pulvinarliberomassaipsumametMicroservicesporttitorlectusmagnacongue
2022-07-18 00:29:21 [pool-1-thread-1] INFO  c.z.t.t.k.s.l.TwitterKafkaStatusListener - Twitter status with the text sitLoremLorempurusametMicroservicesdolormalesuadadolorlibero
2022-07-18 00:29:31 [pool-1-thread-1] INFO  c.z.t.t.k.s.l.TwitterKafkaStatusListener - Twitter status with the text consectetuermalesuadaFusceFusceMicroservicesFusceultriciesipsum
2022-07-18 00:29:41 [pool-1-thread-1] INFO  c.z.t.t.k.s.l.TwitterKafkaStatusListener - Twitter status with the text magnaultriciesdolorLorempulvinaripsumMicroservicesmagnacongueelitmalesuada
2022-07-18 00:29:51 [pool-1-thread-1] INFO  c.z.t.t.k.s.l.TwitterKafkaStatusListener - Twitter status with the text lectusadipiscingmalesuadaipsumconsectetuerultriciesMicroserviceselitipsumconsectetueradipiscingipsum
2022-07-18 00:30:01 [pool-1-thread-1] INFO  c.z.t.t.k.s.l.TwitterKafkaStatusListener - Twitter status with the text FusceLorempurusmagnaMicroservicespulvinarmagna
2022-07-18 00:30:11 [pool-1-thread-1] INFO  c.z.t.t.k.s.l.TwitterKafkaStatusListener - Twitter status with the text LoremconsectetuerMaecenasposuereMicroservicesametFusce
2022-07-18 00:30:21 [pool-1-thread-1] INFO  c.z.t.t.k.s.l.TwitterKafkaStatusListener - Twitter status with the text ametliberoipsumpurusliberolectusFusceMicroservicespurusLoremdoloripsumsitadipiscing
2022-07-18 00:30:31 [pool-1-thread-1] INFO  c.z.t.t.k.s.l.TwitterKafkaStatusListener - Twitter status with the text lectusconsectetuerdolordolormagnamassaMicroservicesliberoultriciesposuereMaecenas
2022-07-18 00:30:41 [pool-1-thread-1] INFO  c.z.t.t.k.s.l.TwitterKafkaStatusListener - Twitter status with the text lectusipsumporttitorconsectetuermassaultriciesultriciesMicroservicesporttitorultriciesMaecenascongueipsum
2022-07-18 00:30:51 [pool-1-thread-1] INFO  c.z.t.t.k.s.l.TwitterKafkaStatusListener - Twitter status with the text FuscelectusmalesuadamassaMicroservicespulvinarconsectetuer
2022-07-18 00:31:01 [pool-1-thread-1] INFO  c.z.t.t.k.s.l.TwitterKafkaStatusListener - Twitter status with the text malesuadaMaecenasposuereporttitorpulvinarMicroservicesametsitmagnaconsectetuer
2022-07-18 00:31:11 [pool-1-thread-1] INFO  c.z.t.t.k.s.l.TwitterKafkaStatusListener - Twitter status with the text posuereultriciesposuereadipiscingMicroservicesLoremsedpulvinar
2022-07-18 00:31:21 [pool-1-thread-1] INFO  c.z.t.t.k.s.l.TwitterKafkaStatusListener - Twitter status with the text MaecenasporttitormagnaipsumconsectetuermalesuadaLoremMicroservicespurusadipiscingposuereelitsitporttitor
2022-07-18 00:31:31 [pool-1-thread-1] INFO  c.z.t.t.k.s.l.TwitterKafkaStatusListener - Twitter status with the text conguecongueposuereMaecenaspurusipsumMicroservicessedipsumconsectetuerpulvinarconsectetuer
2022-07-18 00:31:41 [pool-1-thread-1] INFO  c.z.t.t.k.s.l.TwitterKafkaStatusListener - Twitter status with the text ipsumconsectetuerdolorpulvinarposuereadipiscingadipiscingMicroservicesposuereadipiscingmagnamalesuadaadipiscing
2022-07-18 00:31:51 [pool-1-thread-1] INFO  c.z.t.t.k.s.l.TwitterKafkaStatusListener - Twitter status with the text adipiscingmagnasedmalesuadaposuereMicroservicesLorempurusmalesuada
2022-07-18 00:32:01 [pool-1-thread-1] INFO  c.z.t.t.k.s.l.TwitterKafkaStatusListener - Twitter status with the text ultriciessedmassaposueresitmalesuadaametsitMicroservicesposueremagnaconsectetuerMaecenasmassaelitadipiscing
2022-07-18 00:32:11 [pool-1-thread-1] INFO  c.z.t.t.k.s.l.TwitterKafkaStatusListener - Twitter status with the text liberodolorsedadipiscingFusceMicroservicesametmalesuadasit
2022-07-18 00:32:21 [pool-1-thread-1] INFO  c.z.t.t.k.s.l.TwitterKafkaStatusListener - Twitter status with the text consectetuerconguemassaFusceadipiscingpurusposuereMicroservicesliberoLoremLoremliberoconsectetuermalesuada
2022-07-18 00:32:31 [pool-1-thread-1] INFO  c.z.t.t.k.s.l.TwitterKafkaStatusListener - Twitter status with the text pulvinarametpulvinarmassaFusceposuereconsectetuerMicroservicesconsectetuerMaecenasdolormassaconsectetuermassa
2022-07-18 00:32:41 [pool-1-thread-1] INFO  c.z.t.t.k.s.l.TwitterKafkaStatusListener - Twitter status with the text purusadipiscingametliberoelitLoremLoremMicroservicesporttitorLoremultricieselitdolor
2022-07-18 00:32:51 [pool-1-thread-1] INFO  c.z.t.t.k.s.l.TwitterKafkaStatusListener - Twitter status with the text lectusconsectetuerelitmassaposuereMicroservicesipsumconsectetuerposuereconsectetuer
2022-07-18 00:33:01 [pool-1-thread-1] INFO  c.z.t.t.k.s.l.TwitterKafkaStatusListener - Twitter status with the text ipsumsedliberolectusmassaMicroservicescongueposueredolor
2022-07-18 00:33:11 [pool-1-thread-1] INFO  c.z.t.t.k.s.l.TwitterKafkaStatusListener - Twitter status with the text magnaultriciesmalesuadaametMicroservicesdolorFusce
2022-07-18 00:33:21 [pool-1-thread-1] INFO  c.z.t.t.k.s.l.TwitterKafkaStatusListener - Twitter status with the text conguecongueliberopurusconsectetueripsumipsumMicroservicesLoremdolormalesuadaLoremipsumsit
2022-07-18 00:33:31 [pool-1-thread-1] INFO  c.z.t.t.k.s.l.TwitterKafkaStatusListener - Twitter status with the text malesuadamalesuadaipsumMicroservicesconguesed
2022-07-18 00:33:41 [pool-1-thread-1] INFO  c.z.t.t.k.s.l.TwitterKafkaStatusListener - Twitter status with the text lectuspulvinarpulvinarporttitordolorpulvinarmagnaametMicroservicesmassaconsectetuersitpurussitmalesuadasit
2022-07-18 00:33:51 [pool-1-thread-1] INFO  c.z.t.t.k.s.l.TwitterKafkaStatusListener - Twitter status with the text congueametpulvinarpulvinarmagnaMicroservicesporttitormassasedlibero
2022-07-18 00:34:01 [pool-1-thread-1] INFO  c.z.t.t.k.s.l.TwitterKafkaStatusListener - Twitter status with the text ipsumultriciespurusporttitorultriciesipsumMicroservicespulvinarlectuspulvinarlectuspulvinar
2022-07-18 00:34:11 [pool-1-thread-1] INFO  c.z.t.t.k.s.l.TwitterKafkaStatusListener - Twitter status with the text ametmassadolorLoremMaecenascongueconsectetuerelitMicroservicesdolorsitlectusmalesuadacongueMaecenasLorem
2022-07-18 00:34:21 [pool-1-thread-1] INFO  c.z.t.t.k.s.l.TwitterKafkaStatusListener - Twitter status with the text pulvinarseddolorsedMicroservicesametelitmassa
2022-07-18 00:34:31 [pool-1-thread-1] INFO  c.z.t.t.k.s.l.TwitterKafkaStatusListener - Twitter status with the text malesuadamassaametliberoMicroservicescongueposuereadipiscing
2022-07-18 00:34:41 [pool-1-thread-1] INFO  c.z.t.t.k.s.l.TwitterKafkaStatusListener - Twitter status with the text sedsitLoremsedposuereposuereMicroservicespurussedliberoconsectetuer
2022-07-18 00:34:51 [pool-1-thread-1] INFO  c.z.t.t.k.s.l.TwitterKafkaStatusListener - Twitter status with the text purusdolormagnasitliberoMicroservicesFusceultriciesultricieselit
2022-07-18 00:35:01 [pool-1-thread-1] INFO  c.z.t.t.k.s.l.TwitterKafkaStatusListener - Twitter status with the text pulvinarmalesuadaporttitorliberodoloradipiscingpulvinarMicroservicessitposuereposuerepulvinarLoremmagna
2022-07-18 00:35:11 [pool-1-thread-1] INFO  c.z.t.t.k.s.l.TwitterKafkaStatusListener - Twitter status with the text pulvinarLoremLoremposuereFusceposuereMicroservicespulvinarliberositmagna
2022-07-18 00:35:21 [pool-1-thread-1] INFO  c.z.t.t.k.s.l.TwitterKafkaStatusListener - Twitter status with the text sedcongueametlectusMicroservicespulvinaradipiscingconsectetuer
2022-07-18 00:35:31 [pool-1-thread-1] INFO  c.z.t.t.k.s.l.TwitterKafkaStatusListener - Twitter status with the text MaecenaselitultriciesMicroservicesmalesuadaultricies
2022-07-18 00:35:41 [pool-1-thread-1] INFO  c.z.t.t.k.s.l.TwitterKafkaStatusListener - Twitter status with the text ultriciessedmagnaconsectetuerpulvinarMicroservicesametmagnaporttitor
2022-07-18 00:35:51 [pool-1-thread-1] INFO  c.z.t.t.k.s.l.TwitterKafkaStatusListener - Twitter status with the text congueLoremelitmagnamalesuadaipsumipsumMicroservicessitametsedliberoposuere
2022-07-18 00:36:01 [pool-1-thread-1] INFO  c.z.t.t.k.s.l.TwitterKafkaStatusListener - Twitter status with the text lectusametconguedolormassaMaecenasconsectetuerposuereMicroservicesmalesuadapurusdoloripsumconsectetuerultriciesdolor
2022-07-18 00:36:11 [pool-1-thread-1] INFO  c.z.t.t.k.s.l.TwitterKafkaStatusListener - Twitter status with the text doloradipiscingcongueMicroserviceslectusconsectetuer
2022-07-18 00:36:21 [pool-1-thread-1] INFO  c.z.t.t.k.s.l.TwitterKafkaStatusListener - Twitter status with the text ipsummalesuadapulvinarultriciessedsitsedMicroservicessitadipiscingadipiscingpurusadipiscingFusce
2022-07-18 00:36:31 [pool-1-thread-1] INFO  c.z.t.t.k.s.l.TwitterKafkaStatusListener - Twitter status with the text massapulvinarametconguecongueporttitoripsumsitMicroservicessitmagnaliberopurusametconsectetuer
2022-07-18 00:36:41 [pool-1-thread-1] INFO  c.z.t.t.k.s.l.TwitterKafkaStatusListener - Twitter status with the text ultriciesametdolorcongueFusceMicroservicesFusceliberodolor
2022-07-18 00:36:51 [pool-1-thread-1] INFO  c.z.t.t.k.s.l.TwitterKafkaStatusListener - Twitter status with the text sedadipiscinglectusmalesuadaMaecenasMicroservicesporttitorultriciessit
2022-07-18 00:37:01 [pool-1-thread-1] INFO  c.z.t.t.k.s.l.TwitterKafkaStatusListener - Twitter status with the text posueremalesuadadolorconsectetuerporttitoripsumultriciescongueMicroservicesipsumpurusametmalesuadaadipiscingporttitorlectus
2022-07-18 00:37:11 [pool-1-thread-1] INFO  c.z.t.t.k.s.l.TwitterKafkaStatusListener - Twitter status with the text sedporttitorelitMicroservicesMaecenaselit
2022-07-18 00:37:21 [pool-1-thread-1] INFO  c.z.t.t.k.s.l.TwitterKafkaStatusListener - Twitter status with the text purusposuereLoremsedcongueMicroservicespulvinarFusceporttitorporttitor
2022-07-18 00:37:31 [pool-1-thread-1] INFO  c.z.t.t.k.s.l.TwitterKafkaStatusListener - Twitter status with the text posuerelectusconguemassaFusceMicroservicesMaecenassitdolor
2022-07-18 00:37:41 [pool-1-thread-1] INFO  c.z.t.t.k.s.l.TwitterKafkaStatusListener - Twitter status with the text sitliberomalesuadasedultriciesporttitormassaMicroservicesipsumsedMaecenasmagnalibero
2022-07-18 00:37:51 [pool-1-thread-1] INFO  c.z.t.t.k.s.l.TwitterKafkaStatusListener - Twitter status with the text massaelitposuereporttitorelitMicroserviceslectusmalesuadaposuerepulvinar
2022-07-18 00:38:01 [pool-1-thread-1] INFO  c.z.t.t.k.s.l.TwitterKafkaStatusListener - Twitter status with the text ultriciesadipiscingporttitorpurusdolorsedMicroservicesliberoadipiscingposuereliberolibero
2022-07-18 00:38:11 [pool-1-thread-1] INFO  c.z.t.t.k.s.l.TwitterKafkaStatusListener - Twitter status with the text sedconsectetuerposuereconsectetuerMicroservicesconsectetuerpulvinar
2022-07-18 00:38:21 [pool-1-thread-1] INFO  c.z.t.t.k.s.l.TwitterKafkaStatusListener - Twitter status with the text posuerepulvinarMaecenasultriciesmassaMicroservicesmassamagnaelit
2022-07-18 00:38:31 [pool-1-thread-1] INFO  c.z.t.t.k.s.l.TwitterKafkaStatusListener - Twitter status with the text FusceultriciesconsectetuerelitelitadipiscingMicroservicesFusceametFusceFusce
2022-07-18 00:38:41 [pool-1-thread-1] INFO  c.z.t.t.k.s.l.TwitterKafkaStatusListener - Twitter status with the text porttitormagnaliberoipsumsitipsumMicroservicesFusceadipiscingmalesuadasitlectus
2022-07-18 00:38:51 [pool-1-thread-1] INFO  c.z.t.t.k.s.l.TwitterKafkaStatusListener - Twitter status with the text FuscesitadipiscingpulvinarsitposuereMicroservicesipsummagnadolormassa
2022-07-18 00:39:01 [pool-1-thread-1] INFO  c.z.t.t.k.s.l.TwitterKafkaStatusListener - Twitter status with the text liberoconsectetuerpurussitpurusametmalesuadaMicroservicesporttitorconguelectuspurusmagna
2022-07-18 00:39:11 [pool-1-thread-1] INFO  c.z.t.t.k.s.l.TwitterKafkaStatusListener - Twitter status with the text ametmagnaadipiscingdolorMicroservicesporttitorcongue
2022-07-18 00:39:21 [pool-1-thread-1] INFO  c.z.t.t.k.s.l.TwitterKafkaStatusListener - Twitter status with the text liberopulvinarpulvinarLoremsitliberomalesuadaporttitorMicroservicesconsectetuerLoremipsummagnasitmagnaconsectetuer
2022-07-18 00:39:31 [pool-1-thread-1] INFO  c.z.t.t.k.s.l.TwitterKafkaStatusListener - Twitter status with the text sitconsectetuerdolorMaecenasmagnaFusceLoremconsectetuerMicroservicesdolormagnacongueliberomassasit
2022-07-18 00:39:41 [pool-1-thread-1] INFO  c.z.t.t.k.s.l.TwitterKafkaStatusListener - Twitter status with the text porttitorelitadipiscingMicroserviceslectusmalesuada
2022-07-18 00:39:51 [pool-1-thread-1] INFO  c.z.t.t.k.s.l.TwitterKafkaStatusListener - Twitter status with the text puruslectuselitipsumLoremadipiscingmassamassaMicroserviceslectusmagnasitmagnaporttitorconguesed
2022-07-18 00:40:01 [pool-1-thread-1] INFO  c.z.t.t.k.s.l.TwitterKafkaStatusListener - Twitter status with the text dolorametultriciescongueliberomassaMicroservicesmagnaadipiscinglectusmassa
2022-07-18 00:40:11 [pool-1-thread-1] INFO  c.z.t.t.k.s.l.TwitterKafkaStatusListener - Twitter status with the text adipiscingdolormassaametsitpulvinaripsumMicroservicessedconsectetuersitpulvinarmassaamet
2022-07-18 00:40:21 [pool-1-thread-1] INFO  c.z.t.t.k.s.l.TwitterKafkaStatusListener - Twitter status with the text ametsitlectusametconsectetuerporttitorultriciesMicroservicesFusceporttitorFuscemagnapurusFusce
2022-07-18 00:40:31 [pool-1-thread-1] INFO  c.z.t.t.k.s.l.TwitterKafkaStatusListener - Twitter status with the text lectussedsitmalesuadamagnapulvinarMicroservicesmagnadolormalesuadasitFusce
2022-07-18 00:40:41 [pool-1-thread-1] INFO  c.z.t.t.k.s.l.TwitterKafkaStatusListener - Twitter status with the text LoremultriciesLoremmalesuadalectusmagnaporttitorMicroservicesLoremadipiscingdolorporttitorultricies
2022-07-18 00:40:51 [pool-1-thread-1] INFO  c.z.t.t.k.s.l.TwitterKafkaStatusListener - Twitter status with the text magnaporttitorposuereMaecenaspulvinarmagnaMicroservicesultriciesFusceporttitorconsectetuer
2022-07-18 00:41:01 [pool-1-thread-1] INFO  c.z.t.t.k.s.l.TwitterKafkaStatusListener - Twitter status with the text MaecenasconguesitmassapulvinarMicroservicespurusdolorlectusmagna
2022-07-18 00:41:11 [pool-1-thread-1] INFO  c.z.t.t.k.s.l.TwitterKafkaStatusListener - Twitter status with the text ipsumFusceconguemagnaMicroservicesLorempulvinar
2022-07-18 00:41:21 [pool-1-thread-1] INFO  c.z.t.t.k.s.l.TwitterKafkaStatusListener - Twitter status with the text ametconsectetuermassaliberolectusMicroservicesporttitorametconsectetuerdolor
2022-07-18 00:41:31 [pool-1-thread-1] INFO  c.z.t.t.k.s.l.TwitterKafkaStatusListener - Twitter status with the text magnaliberoliberoposuereconguesitpurusMicroservicesdolorpuruspuruspulvinardolorLorem
2022-07-18 00:41:41 [pool-1-thread-1] INFO  c.z.t.t.k.s.l.TwitterKafkaStatusListener - Twitter status with the text posuereporttitorporttitorelitlectusmalesuadaposuereultriciesMicroservicesadipiscingelitipsummalesuadacongueadipiscing
2022-07-18 00:41:51 [pool-1-thread-1] INFO  c.z.t.t.k.s.l.TwitterKafkaStatusListener - Twitter status with the text conguemagnaporttitorLoremMicroserviceslectussed
2022-07-18 00:42:01 [pool-1-thread-1] INFO  c.z.t.t.k.s.l.TwitterKafkaStatusListener - Twitter status with the text consectetuerMaecenasporttitorelitametdolorultriciesultriciesMicroservicesadipiscingconsectetuercongueMaecenaslectussed
2022-07-18 00:42:11 [pool-1-thread-1] INFO  c.z.t.t.k.s.l.TwitterKafkaStatusListener - Twitter status with the text ametipsumipsumsedMicroservicesLoremsit
2022-07-18 00:42:21 [pool-1-thread-1] INFO  c.z.t.t.k.s.l.TwitterKafkaStatusListener - Twitter status with the text congueMaecenassedFusceMicroserviceslectusporttitorultricies
2022-07-18 00:42:31 [pool-1-thread-1] INFO  c.z.t.t.k.s.l.TwitterKafkaStatusListener - Twitter status with the text sedpuruslectusMaecenasadipiscingipsumMicroservicesmalesuadaametLoremporttitorlectus
2022-07-18 00:42:41 [pool-1-thread-1] INFO  c.z.t.t.k.s.l.TwitterKafkaStatusListener - Twitter status with the text magnaadipiscingFusceultriciesdolorpulvinarMicroservicessedFusceLoremlectus
2022-07-18 00:42:51 [pool-1-thread-1] INFO  c.z.t.t.k.s.l.TwitterKafkaStatusListener - Twitter status with the text ipsumLoremultriciessedFuscesitMicroservicesmalesuadamalesuadaconsectetuerLoremmagna
2022-07-18 00:43:01 [pool-1-thread-1] INFO  c.z.t.t.k.s.l.TwitterKafkaStatusListener - Twitter status with the text congueporttitorporttitormassaMicroservicesMaecenaspulvinarsed
2022-07-18 00:43:11 [pool-1-thread-1] INFO  c.z.t.t.k.s.l.TwitterKafkaStatusListener - Twitter status with the text pulvinarposueremagnaMicroserviceselitmassa
2022-07-18 00:43:21 [pool-1-thread-1] INFO  c.z.t.t.k.s.l.TwitterKafkaStatusListener - Twitter status with the text MaecenascongueMaecenaslectusmagnaMicroservicesporttitoradipiscingdolor
2022-07-18 00:43:32 [pool-1-thread-1] INFO  c.z.t.t.k.s.l.TwitterKafkaStatusListener - Twitter status with the text dolorlectusFuscemagnapurusLoremMaecenascongueMicroservicesdoloradipiscingLorempulvinarpulvinarLoremmassa
2022-07-18 00:43:42 [pool-1-thread-1] INFO  c.z.t.t.k.s.l.TwitterKafkaStatusListener - Twitter status with the text LoremipsumliberomagnamagnamalesuadaadipiscingMicroservicesdolormagnacongueipsumultricies
2022-07-18 00:43:52 [pool-1-thread-1] INFO  c.z.t.t.k.s.l.TwitterKafkaStatusListener - Twitter status with the text lectuspulvinarametpurussedMaecenasmalesuadaMicroservicespuruscongueipsumsitipsumpulvinar
2022-07-18 00:44:02 [pool-1-thread-1] INFO  c.z.t.t.k.s.l.TwitterKafkaStatusListener - Twitter status with the text ultriciesmagnasitultriciesMicroservicespurusadipiscingamet
2022-07-18 00:44:12 [pool-1-thread-1] INFO  c.z.t.t.k.s.l.TwitterKafkaStatusListener - Twitter status with the text sitmassaelitultriciessedpulvinarMicroservicespurusadipiscingconsectetuerFuscesed
2022-07-18 00:44:22 [pool-1-thread-1] INFO  c.z.t.t.k.s.l.TwitterKafkaStatusListener - Twitter status with the text dolordolorFusceadipiscingconsectetuerultriciesultriciesMicroservicesadipiscingporttitorporttitorcongueadipiscingconsectetuer
2022-07-18 00:44:32 [pool-1-thread-1] INFO  c.z.t.t.k.s.l.TwitterKafkaStatusListener - Twitter status with the text dolorMaecenasmagnaametMicroservicesconsectetuersit
2022-07-18 00:44:42 [pool-1-thread-1] INFO  c.z.t.t.k.s.l.TwitterKafkaStatusListener - Twitter status with the text posueresedmassaLoremconsectetuercongueMaecenascongueMicroservicesconguedolorFuscelectuspulvinarconsectetuer
2022-07-18 00:44:52 [pool-1-thread-1] INFO  c.z.t.t.k.s.l.TwitterKafkaStatusListener - Twitter status with the text purusametmassaliberoMicroservicesmalesuadalectus
2022-07-18 00:45:02 [pool-1-thread-1] INFO  c.z.t.t.k.s.l.TwitterKafkaStatusListener - Twitter status with the text liberoadipiscingmassaMicroservicesMaecenaselit
2022-07-18 00:45:12 [pool-1-thread-1] INFO  c.z.t.t.k.s.l.TwitterKafkaStatusListener - Twitter status with the text malesuadamagnaFusceametporttitorFusceLoremsitMicroservicesdolorconsectetueripsumconsectetuerlectussitmalesuada
2022-07-18 00:45:22 [pool-1-thread-1] INFO  c.z.t.t.k.s.l.TwitterKafkaStatusListener - Twitter status with the text FusceporttitorsitipsumMaecenaspurusmagnaMicroservicesporttitorconguesedposueredolorMaecenas
2022-07-18 00:45:32 [pool-1-thread-1] INFO  c.z.t.t.k.s.l.TwitterKafkaStatusListener - Twitter status with the text sitposuerelectusmalesuadaconguesitMicroservicesliberomagnaelitsed
2022-07-18 00:45:42 [pool-1-thread-1] INFO  c.z.t.t.k.s.l.TwitterKafkaStatusListener - Twitter status with the text LoremporttitorametmassaMicroservicesLoremlectus
2022-07-18 00:45:52 [pool-1-thread-1] INFO  c.z.t.t.k.s.l.TwitterKafkaStatusListener - Twitter status with the text FusceconsectetuerultriciesFuscecongueFusceLoremMicroservicesmassaposuereLoremadipiscingdolorelit
2022-07-18 00:46:02 [pool-1-thread-1] INFO  c.z.t.t.k.s.l.TwitterKafkaStatusListener - Twitter status with the text sitsitliberoFusceadipiscingultriciesMicroservicespuruscongueipsumcongueelit
2022-07-18 00:46:12 [pool-1-thread-1] INFO  c.z.t.t.k.s.l.TwitterKafkaStatusListener - Twitter status with the text posuereLoremFuscesitMicroservicesconguelectus
2022-07-18 00:46:22 [pool-1-thread-1] INFO  c.z.t.t.k.s.l.TwitterKafkaStatusListener - Twitter status with the text congueconsectetuerMaecenasMaecenassitsedMicroservicesadipiscingFusceMaecenasMaecenas
2022-07-18 00:46:32 [pool-1-thread-1] INFO  c.z.t.t.k.s.l.TwitterKafkaStatusListener - Twitter status with the text LoremFusceadipiscingipsummassaelitsitMicroservicessedsedadipiscingmalesuadamagnaLorem
2022-07-18 00:46:42 [pool-1-thread-1] INFO  c.z.t.t.k.s.l.TwitterKafkaStatusListener - Twitter status with the text lectuspurussedposuereposuereseddolorpulvinarMicroservicesametsitcongueametdolorMaecenaspurus
2022-07-18 00:46:52 [pool-1-thread-1] INFO  c.z.t.t.k.s.l.TwitterKafkaStatusListener - Twitter status with the text ultriciesporttitorsitMaecenasMicroservicesdolorLorem
2022-07-18 00:47:02 [pool-1-thread-1] INFO  c.z.t.t.k.s.l.TwitterKafkaStatusListener - Twitter status with the text LoremultricieselitmagnapurusMicroservicesporttitorlectusporttitorporttitor
2022-07-18 00:47:12 [pool-1-thread-1] INFO  c.z.t.t.k.s.l.TwitterKafkaStatusListener - Twitter status with the text consectetuerpulvinarsitMicroservicespurusmagna
2022-07-18 00:47:22 [pool-1-thread-1] INFO  c.z.t.t.k.s.l.TwitterKafkaStatusListener - Twitter status with the text purusultriciesmagnasitmagnaelitFusceultriciesMicroservicesposuereipsumsedultriciesmassaposueredolor
2022-07-18 00:47:32 [pool-1-thread-1] INFO  c.z.t.t.k.s.l.TwitterKafkaStatusListener - Twitter status with the text LorempulvinarelitipsumcongueMaecenasFusceMicroservicesipsumcongueadipiscingipsumMaecenas
2022-07-18 00:47:42 [pool-1-thread-1] INFO  c.z.t.t.k.s.l.TwitterKafkaStatusListener - Twitter status with the text ipsumconsectetuerelitsitposuereconguesitMicroservicesliberoultriciesmalesuadaposuerepulvinaramet
2022-07-18 00:47:52 [pool-1-thread-1] INFO  c.z.t.t.k.s.l.TwitterKafkaStatusListener - Twitter status with the text magnaporttitorsedsitadipiscingporttitoripsumelitMicroservicesporttitormassamagnapulvinarmassamagnaultricies
2022-07-18 00:48:02 [pool-1-thread-1] INFO  c.z.t.t.k.s.l.TwitterKafkaStatusListener - Twitter status with the text consectetueradipiscingsitporttitorultriciesMaecenasliberoametMicroservicesmagnaconguesitmagnaposuereadipiscing
2022-07-18 00:48:12 [pool-1-thread-1] INFO  c.z.t.t.k.s.l.TwitterKafkaStatusListener - Twitter status with the text consectetueripsumpurusadipiscingsitposueredolorMicroservicesametadipiscingametipsumelit
2022-07-18 00:48:22 [pool-1-thread-1] INFO  c.z.t.t.k.s.l.TwitterKafkaStatusListener - Twitter status with the text porttitorposuereLoremdolorcongueconsectetuerconsectetuerporttitorMicroservicessedFusceporttitormalesuadaipsumsedpulvinar
2022-07-18 00:48:32 [pool-1-thread-1] INFO  c.z.t.t.k.s.l.TwitterKafkaStatusListener - Twitter status with the text adipiscingelitmassamassaultriciesMicroservicessedipsumposuereposuere
2022-07-18 00:48:42 [pool-1-thread-1] INFO  c.z.t.t.k.s.l.TwitterKafkaStatusListener - Twitter status with the text pulvinaradipiscingMaecenaspurusametMicroservicesultriciesliberoipsumMaecenas
2022-07-18 00:48:52 [pool-1-thread-1] INFO  c.z.t.t.k.s.l.TwitterKafkaStatusListener - Twitter status with the text pulvinarelitametdolorconguesedmagnaposuereMicroservicesposueresitadipiscingsitpurussedlibero
2022-07-18 00:49:02 [pool-1-thread-1] INFO  c.z.t.t.k.s.l.TwitterKafkaStatusListener - Twitter status with the text purusporttitormassaporttitorliberoLoremconguesedMicroservicesametipsumsitpulvinarpulvinarsit
2022-07-18 00:49:12 [pool-1-thread-1] INFO  c.z.t.t.k.s.l.TwitterKafkaStatusListener - Twitter status with the text liberoconguesedporttitorMicroservicespurusLoremporttitor
2022-07-18 00:49:22 [pool-1-thread-1] INFO  c.z.t.t.k.s.l.TwitterKafkaStatusListener - Twitter status with the text ametLoremelitdolormassaMicroservicesFusceposuereposuere
2022-07-18 00:49:32 [pool-1-thread-1] INFO  c.z.t.t.k.s.l.TwitterKafkaStatusListener - Twitter status with the text lectusdoloradipiscingipsumseddolorMicroservicesposuereelitLoremultriciescongue
2022-07-18 00:49:42 [pool-1-thread-1] INFO  c.z.t.t.k.s.l.TwitterKafkaStatusListener - Twitter status with the text puruspurusipsumelitconsectetuerMicroservicespurusmassaliberolectus
2022-07-18 00:49:52 [pool-1-thread-1] INFO  c.z.t.t.k.s.l.TwitterKafkaStatusListener - Twitter status with the text massaposuereliberomagnaelitipsumMicroservicessitipsumametelit
2022-07-18 00:50:02 [pool-1-thread-1] INFO  c.z.t.t.k.s.l.TwitterKafkaStatusListener - Twitter status with the text consectetuerposueresitadipiscingametmagnamagnaadipiscingMicroserviceselitpuruscongueipsumpuruspurussed
2022-07-18 00:50:12 [pool-1-thread-1] INFO  c.z.t.t.k.s.l.TwitterKafkaStatusListener - Twitter status with the text malesuadapulvinaripsumametsedultriciesliberoelitMicroservicesmagnaFusceametelitadipiscingultriciesporttitor
2022-07-18 00:50:22 [pool-1-thread-1] INFO  c.z.t.t.k.s.l.TwitterKafkaStatusListener - Twitter status with the text pulvinarametLoremametmassapulvinarpurusMicroserviceslectusipsumlectusametporttitor
2022-07-18 00:50:32 [pool-1-thread-1] INFO  c.z.t.t.k.s.l.TwitterKafkaStatusListener - Twitter status with the text ipsumpurusconsectetuerdolordolorcongueametMicroservicesametconguesitcongueipsum
2022-07-18 00:50:42 [pool-1-thread-1] INFO  c.z.t.t.k.s.l.TwitterKafkaStatusListener - Twitter status with the text congueporttitorlectusdolorliberoMicroservicesLoremlectusFuscelectus
2022-07-18 00:50:52 [pool-1-thread-1] INFO  c.z.t.t.k.s.l.TwitterKafkaStatusListener - Twitter status with the text magnaFusceadipiscingconsectetuermalesuadacongueelitMicroserviceselitametdolorLoremametdolor
2022-07-18 00:51:02 [pool-1-thread-1] INFO  c.z.t.t.k.s.l.TwitterKafkaStatusListener - Twitter status with the text malesuadamagnacongueMicroservicesLoremelit
2022-07-18 00:51:12 [pool-1-thread-1] INFO  c.z.t.t.k.s.l.TwitterKafkaStatusListener - Twitter status with the text purusMaecenaspulvinaripsumLoremFuscecongueMicroservicesametmalesuadamagnalectusmagna
2022-07-18 00:51:22 [pool-1-thread-1] INFO  c.z.t.t.k.s.l.TwitterKafkaStatusListener - Twitter status with the text ipsumadipiscingmassadolorlectusMicroservicesliberoipsumMaecenas
2022-07-18 00:51:32 [pool-1-thread-1] INFO  c.z.t.t.k.s.l.TwitterKafkaStatusListener - Twitter status with the text FuscemagnaposuerepulvinarMicroservicesliberoMaecenas
2022-07-18 00:51:42 [pool-1-thread-1] INFO  c.z.t.t.k.s.l.TwitterKafkaStatusListener - Twitter status with the text ipsumsitultriciespulvinarMicroservicespulvinarcongue
2022-07-18 00:51:52 [pool-1-thread-1] INFO  c.z.t.t.k.s.l.TwitterKafkaStatusListener - Twitter status with the text malesuadaliberoconsectetuerlectusadipiscingmassaMicroservicesmalesuadasitelitporttitorlibero
2022-07-18 00:52:02 [pool-1-thread-1] INFO  c.z.t.t.k.s.l.TwitterKafkaStatusListener - Twitter status with the text porttitorconguemagnaadipiscingpulvinarultricieslectusMicroservicesultriciesmassaposueresitMaecenas
2022-07-18 00:52:12 [pool-1-thread-1] INFO  c.z.t.t.k.s.l.TwitterKafkaStatusListener - Twitter status with the text ultriciesmagnacongueipsumpurusMicroserviceselitelitMaecenasipsum
2022-07-18 00:52:22 [pool-1-thread-1] INFO  c.z.t.t.k.s.l.TwitterKafkaStatusListener - Twitter status with the text consectetuerporttitorpuruspulvinarposuereadipiscingMicroservicesultriciespurusLoremelit
2022-07-18 00:52:32 [pool-1-thread-1] INFO  c.z.t.t.k.s.l.TwitterKafkaStatusListener - Twitter status with the text liberoliberoametposueremalesuadaconsectetuerMicroserviceslectuselitconguedolor
2022-07-18 00:52:42 [pool-1-thread-1] INFO  c.z.t.t.k.s.l.TwitterKafkaStatusListener - Twitter status with the text sedipsumcongueMaecenaselitmagnaLoremametMicroservicesmalesuadamagnaipsumsedlectusdolor
2022-07-18 00:52:52 [pool-1-thread-1] INFO  c.z.t.t.k.s.l.TwitterKafkaStatusListener - Twitter status with the text lectusposuereFusceFuscedolorMicroservicescongueconsectetuerpurusporttitor
2022-07-18 00:53:02 [pool-1-thread-1] INFO  c.z.t.t.k.s.l.TwitterKafkaStatusListener - Twitter status with the text liberocongueconguemassaadipiscingmalesuadaMicroservicesliberoadipiscingametporttitorlectus
2022-07-18 00:53:12 [pool-1-thread-1] INFO  c.z.t.t.k.s.l.TwitterKafkaStatusListener - Twitter status with the text pulvinarpurusdolorliberoMicroserviceselitmassa
2022-07-18 00:53:22 [pool-1-thread-1] INFO  c.z.t.t.k.s.l.TwitterKafkaStatusListener - Twitter status with the text MaecenasporttitormalesuadaelitporttitorMaecenasdolorcongueMicroservicesliberomalesuadaconguecongueporttitorposuereMaecenas
2022-07-18 00:53:32 [pool-1-thread-1] INFO  c.z.t.t.k.s.l.TwitterKafkaStatusListener - Twitter status with the text FuscemalesuadasedFusceultriciesMicroservicesmalesuadaametcongueposuere
2022-07-18 00:53:42 [pool-1-thread-1] INFO  c.z.t.t.k.s.l.TwitterKafkaStatusListener - Twitter status with the text congueconguemalesuadalectusconsectetuerliberoMicroservicesmalesuadaametsedpulvinarLorem
2022-07-18 00:53:52 [pool-1-thread-1] INFO  c.z.t.t.k.s.l.TwitterKafkaStatusListener - Twitter status with the text malesuadapurusconguelectusadipiscingliberoametMicroservicesconsectetuerpurusmalesuadamalesuadaamet
2022-07-18 00:54:02 [pool-1-thread-1] INFO  c.z.t.t.k.s.l.TwitterKafkaStatusListener - Twitter status with the text lectusliberoadipiscingametsedliberomassaMicroservicesmalesuadasitsedelitsed
2022-07-18 00:54:12 [pool-1-thread-1] INFO  c.z.t.t.k.s.l.TwitterKafkaStatusListener - Twitter status with the text ipsumultriciesmassaposuereporttitormalesuadapulvinarMicroserviceslectusconguemalesuadaposueresedsed
2022-07-18 00:54:22 [pool-1-thread-1] INFO  c.z.t.t.k.s.l.TwitterKafkaStatusListener - Twitter status with the text consectetuerLorempurusipsumelitelitpulvinarMicroservicesultriciesmassaliberopurusipsumlectus
2022-07-18 00:54:32 [pool-1-thread-1] INFO  c.z.t.t.k.s.l.TwitterKafkaStatusListener - Twitter status with the text sedpulvinarametconsectetuerliberomagnaMicroservicesMaecenasipsumconsectetuerpuruscongue
2022-07-18 00:54:42 [pool-1-thread-1] INFO  c.z.t.t.k.s.l.TwitterKafkaStatusListener - Twitter status with the text liberolectuspurusLoremmalesuadasedMicroservicesMaecenaslectuselitporttitor
2022-07-18 00:54:52 [pool-1-thread-1] INFO  c.z.t.t.k.s.l.TwitterKafkaStatusListener - Twitter status with the text ultriciespulvinarLoremporttitorpuruscongueposuereLoremMicroservicespulvinaradipiscingdolormagnaultriciesconsectetuer
2022-07-18 00:55:02 [pool-1-thread-1] INFO  c.z.t.t.k.s.l.TwitterKafkaStatusListener - Twitter status with the text ametultriciesdolorelitelitmagnaadipiscingMicroservicesliberoliberomalesuadadolorcongue
2022-07-18 00:55:12 [pool-1-thread-1] INFO  c.z.t.t.k.s.l.TwitterKafkaStatusListener - Twitter status with the text consectetuercongueporttitorametmalesuadaultriciescongueMicroservicesposueredolorliberositmalesuadaamet
2022-07-18 00:55:22 [pool-1-thread-1] INFO  c.z.t.t.k.s.l.TwitterKafkaStatusListener - Twitter status with the text ametMaecenasmagnaporttitorMicroservicespulvinarlectusconsectetuer
2022-07-18 00:55:32 [pool-1-thread-1] INFO  c.z.t.t.k.s.l.TwitterKafkaStatusListener - Twitter status with the text sedsedconguemalesuadaMicroserviceselitadipiscingultricies
2022-07-18 00:55:42 [pool-1-thread-1] INFO  c.z.t.t.k.s.l.TwitterKafkaStatusListener - Twitter status with the text porttitorelitsedMicroservicesipsumdolor
2022-07-18 00:55:52 [pool-1-thread-1] INFO  c.z.t.t.k.s.l.TwitterKafkaStatusListener - Twitter status with the text elitLoremsedultriciesipsumconsectetuerMicroserviceslectusporttitorelitMaecenaselit
2022-07-18 00:56:02 [pool-1-thread-1] INFO  c.z.t.t.k.s.l.TwitterKafkaStatusListener - Twitter status with the text congueametliberoultriciesMicroservicesliberocongueMaecenas
2022-07-18 00:56:12 [pool-1-thread-1] INFO  c.z.t.t.k.s.l.TwitterKafkaStatusListener - Twitter status with the text magnaFuscemagnamagnamalesuadaipsumMicroservicesametlectusmalesuadaadipiscingadipiscing
2022-07-18 00:56:22 [pool-1-thread-1] INFO  c.z.t.t.k.s.l.TwitterKafkaStatusListener - Twitter status with the text dolordolorlectusdolorliberomagnaMicroservicesmalesuadacongueconsectetuerpurus
2022-07-18 00:56:32 [pool-1-thread-1] INFO  c.z.t.t.k.s.l.TwitterKafkaStatusListener - Twitter status with the text sitsitconguesitposuereMicroserviceslectusliberomalesuadalectus
2022-07-18 00:56:42 [pool-1-thread-1] INFO  c.z.t.t.k.s.l.TwitterKafkaStatusListener - Twitter status with the text LoremametelitcongueMicroservicessedmagnalibero
2022-07-18 00:56:52 [pool-1-thread-1] INFO  c.z.t.t.k.s.l.TwitterKafkaStatusListener - Twitter status with the text LoremipsumadipiscingporttitoripsumsitMicroservicessitipsumconguecongueelit
2022-07-18 00:57:02 [pool-1-thread-1] INFO  c.z.t.t.k.s.l.TwitterKafkaStatusListener - Twitter status with the text liberoipsumdolorcongueMicroservicesMaecenaspulvinarmalesuada
2022-07-18 00:57:12 [pool-1-thread-1] INFO  c.z.t.t.k.s.l.TwitterKafkaStatusListener - Twitter status with the text posueredolorMaecenassitpulvinarliberositMicroservicesametlectusconguesitultricies
2022-07-18 00:57:22 [pool-1-thread-1] INFO  c.z.t.t.k.s.l.TwitterKafkaStatusListener - Twitter status with the text adipiscingdolorelitametLoremmassaFuscemassaMicroservicesmassalectusLoremelitelitFuscepulvinar
2022-07-18 00:57:32 [pool-1-thread-1] INFO  c.z.t.t.k.s.l.TwitterKafkaStatusListener - Twitter status with the text dolorsitadipiscingFusceametliberoametMicroservicesultriciesFusceporttitorMaecenasconsectetuer
2022-07-18 00:57:42 [pool-1-thread-1] INFO  c.z.t.t.k.s.l.TwitterKafkaStatusListener - Twitter status with the text congueposuereFusceporttitorlectusposuereultriciesMicroservicesliberolectusposuereLoremmalesuada
2022-07-18 00:57:52 [pool-1-thread-1] INFO  c.z.t.t.k.s.l.TwitterKafkaStatusListener - Twitter status with the text sedelitporttitorposuereMicroservicespurusMaecenas
2022-07-18 00:58:02 [pool-1-thread-1] INFO  c.z.t.t.k.s.l.TwitterKafkaStatusListener - Twitter status with the text malesuadaconsectetuerpulvinaradipiscingmassapulvinarMicroservicesmassapuruscongueconsectetuer
2022-07-18 00:58:12 [pool-1-thread-1] INFO  c.z.t.t.k.s.l.TwitterKafkaStatusListener - Twitter status with the text lectusmassacongueFusceMicroservicesmalesuadamassa
2022-07-18 00:58:22 [pool-1-thread-1] INFO  c.z.t.t.k.s.l.TwitterKafkaStatusListener - Twitter status with the text massamagnamagnamassasitliberomassaFusceMicroservicessedLoremliberomagnaconsectetuerdolor
2022-07-18 00:58:32 [pool-1-thread-1] INFO  c.z.t.t.k.s.l.TwitterKafkaStatusListener - Twitter status with the text purusconsectetuerLorempurusipsumametpurusMicroserviceselitipsumMaecenaspurusdolor
2022-07-18 00:58:42 [pool-1-thread-1] INFO  c.z.t.t.k.s.l.TwitterKafkaStatusListener - Twitter status with the text pulvinaripsumlectusMicroservicesadipiscinglectus
2022-07-18 00:58:52 [pool-1-thread-1] INFO  c.z.t.t.k.s.l.TwitterKafkaStatusListener - Twitter status with the text magnamassaLorempulvinarconsectetueradipiscingMicroservicespurussedmassaipsumlectus
2022-07-18 00:59:02 [pool-1-thread-1] INFO  c.z.t.t.k.s.l.TwitterKafkaStatusListener - Twitter status with the text posuereultriciesmagnaMaecenasmalesuadaposuerecongueMaecenasMicroservicesultriciessedmalesuadacongueametmassaamet
2022-07-18 00:59:12 [pool-1-thread-1] INFO  c.z.t.t.k.s.l.TwitterKafkaStatusListener - Twitter status with the text purusultriciesMaecenasLorempulvinarmalesuadaametporttitorMicroservicesipsumlectusporttitorposuereadipiscingMaecenasamet
2022-07-18 00:59:22 [pool-1-thread-1] INFO  c.z.t.t.k.s.l.TwitterKafkaStatusListener - Twitter status with the text LoremametultriciesMaecenasconsectetueradipiscingposuereMicroservicessitsedsitmagnacongueporttitor
2022-07-18 00:59:32 [pool-1-thread-1] INFO  c.z.t.t.k.s.l.TwitterKafkaStatusListener - Twitter status with the text posueremassamagnaMicroservicesmassased
2022-07-18 00:59:42 [pool-1-thread-1] INFO  c.z.t.t.k.s.l.TwitterKafkaStatusListener - Twitter status with the text adipiscingpulvinarmassaMicroservicesposuereLorem
2022-07-18 00:59:52 [pool-1-thread-1] INFO  c.z.t.t.k.s.l.TwitterKafkaStatusListener - Twitter status with the text pulvinarelitelitMaecenasMicroservicesdolorultricies
2022-07-18 01:00:02 [pool-1-thread-1] INFO  c.z.t.t.k.s.l.TwitterKafkaStatusListener - Twitter status with the text MaecenasdolorelitconguemagnasitipsumMicroservicesliberomagnaMaecenascongueFusce
2022-07-18 01:00:12 [pool-1-thread-1] INFO  c.z.t.t.k.s.l.TwitterKafkaStatusListener - Twitter status with the text dolormagnaLoremmassaFuscemalesuadaMicroservicesametlectusadipiscingconsectetuerpulvinar
2022-07-18 01:00:22 [pool-1-thread-1] INFO  c.z.t.t.k.s.l.TwitterKafkaStatusListener - Twitter status with the text adipiscingcongueFusceultriciesposuereMicroservicessitsitultriciesmassa
2022-07-18 01:00:32 [pool-1-thread-1] INFO  c.z.t.t.k.s.l.TwitterKafkaStatusListener - Twitter status with the text FusceipsumadipiscingMicroservicesliberoconsectetuer
2022-07-18 01:00:42 [pool-1-thread-1] INFO  c.z.t.t.k.s.l.TwitterKafkaStatusListener - Twitter status with the text magnaLoremultriciesposuereliberodolorporttitorMicroservicesmassaultriciessedposuereametsit
2022-07-18 01:00:52 [pool-1-thread-1] INFO  c.z.t.t.k.s.l.TwitterKafkaStatusListener - Twitter status with the text sitsitsedpulvinarFusceMaecenasFuscesedMicroservicespulvinarametMaecenasliberoFuscedolorsit
2022-07-18 01:01:02 [pool-1-thread-1] INFO  c.z.t.t.k.s.l.TwitterKafkaStatusListener - Twitter status with the text liberoametpulvinarporttitoripsumconguedolorMicroservicesmagnamalesuadaMaecenaspulvinarmagnaporttitor
2022-07-18 01:01:13 [pool-1-thread-1] INFO  c.z.t.t.k.s.l.TwitterKafkaStatusListener - Twitter status with the text ultriciespuruspulvinarconsectetuermassaipsumMicroservicesliberoposuereposuerecongueamet
2022-07-18 01:01:23 [pool-1-thread-1] INFO  c.z.t.t.k.s.l.TwitterKafkaStatusListener - Twitter status with the text porttitorporttitorametporttitormagnaMicroservicesadipiscingcongueadipiscingdolor
2022-07-18 01:01:33 [pool-1-thread-1] INFO  c.z.t.t.k.s.l.TwitterKafkaStatusListener - Twitter status with the text elitconguesitmalesuadaposueremassaMicroservicesposuereliberodolorporttitordolor
2022-07-18 01:01:43 [pool-1-thread-1] INFO  c.z.t.t.k.s.l.TwitterKafkaStatusListener - Twitter status with the text sedipsummagnaFusceametMicroservicesipsumpuruscongue
2022-07-18 01:01:53 [pool-1-thread-1] INFO  c.z.t.t.k.s.l.TwitterKafkaStatusListener - Twitter status with the text FuscesitcongueposueresedMicroservicescongueLoremipsumLorem
2022-07-18 01:02:03 [pool-1-thread-1] INFO  c.z.t.t.k.s.l.TwitterKafkaStatusListener - Twitter status with the text ametsedmalesuadamassasedMicroservicesposuereliberosit
2022-07-18 01:02:13 [pool-1-thread-1] INFO  c.z.t.t.k.s.l.TwitterKafkaStatusListener - Twitter status with the text posueredolorconguemagnaipsumMicroservicesdolorMaecenasamet
2022-07-18 01:02:23 [pool-1-thread-1] INFO  c.z.t.t.k.s.l.TwitterKafkaStatusListener - Twitter status with the text sitpurusLoremadipiscingMicroservicesFusceMaecenasultricies
2022-07-18 01:02:33 [pool-1-thread-1] INFO  c.z.t.t.k.s.l.TwitterKafkaStatusListener - Twitter status with the text porttitorliberomalesuadamalesuadaMicroservicesliberoconsectetuer
2022-07-18 01:02:43 [pool-1-thread-1] INFO  c.z.t.t.k.s.l.TwitterKafkaStatusListener - Twitter status with the text ipsumconsectetuerMaecenasliberoporttitormalesuadaadipiscingLoremMicroservicessitpulvinarLoremipsumpurusdolor
2022-07-18 01:02:53 [pool-1-thread-1] INFO  c.z.t.t.k.s.l.TwitterKafkaStatusListener - Twitter status with the text LoremporttitorcongueposuerelectusMicroservicesconsectetueradipiscingporttitor
2022-07-18 01:03:03 [pool-1-thread-1] INFO  c.z.t.t.k.s.l.TwitterKafkaStatusListener - Twitter status with the text liberomassapurusipsumMicroservicesametcongue
2022-07-18 01:03:13 [pool-1-thread-1] INFO  c.z.t.t.k.s.l.TwitterKafkaStatusListener - Twitter status with the text MaecenaspurusFuscecongueporttitorposueredolorMicroservicesconguepulvinaradipiscingmalesuadaultricieslibero
2022-07-18 01:03:23 [pool-1-thread-1] INFO  c.z.t.t.k.s.l.TwitterKafkaStatusListener - Twitter status with the text consectetuerporttitorporttitormassaultriciesmassaMicroserviceslectusultriciesametametMaecenas
2022-07-18 01:03:33 [pool-1-thread-1] INFO  c.z.t.t.k.s.l.TwitterKafkaStatusListener - Twitter status with the text adipiscingconsectetuerMaecenaselitMicroserviceselitMaecenas
2022-07-18 01:03:43 [pool-1-thread-1] INFO  c.z.t.t.k.s.l.TwitterKafkaStatusListener - Twitter status with the text LoremelitLoremporttitorsitipsumMicroservicesametconsectetueripsumcongueFusce
2022-07-18 01:03:53 [pool-1-thread-1] INFO  c.z.t.t.k.s.l.TwitterKafkaStatusListener - Twitter status with the text dolorsedFusceconsectetuerLoremMicroservicesMaecenassitelit
2022-07-18 01:04:03 [pool-1-thread-1] INFO  c.z.t.t.k.s.l.TwitterKafkaStatusListener - Twitter status with the text FuscepulvinarLoremadipiscingMicroservicesmagnaposuere
2022-07-18 01:04:13 [pool-1-thread-1] INFO  c.z.t.t.k.s.l.TwitterKafkaStatusListener - Twitter status with the text consectetuerpulvinaripsumadipiscingmassaMicroservicesadipiscingipsumlibero
2022-07-18 01:04:23 [pool-1-thread-1] INFO  c.z.t.t.k.s.l.TwitterKafkaStatusListener - Twitter status with the text massaadipiscingadipiscingMaecenasposuereMicroserviceselitsedpulvinar
2022-07-18 01:04:33 [pool-1-thread-1] INFO  c.z.t.t.k.s.l.TwitterKafkaStatusListener - Twitter status with the text malesuadasitmassapurusMicroservicesipsumpulvinarpurus
2022-07-18 01:04:43 [pool-1-thread-1] INFO  c.z.t.t.k.s.l.TwitterKafkaStatusListener - Twitter status with the text posueremassapulvinarmassaconsectetuerametpulvinarporttitorMicroservicesadipiscingultriciesipsumpurusliberodolordolor
2022-07-18 01:04:53 [pool-1-thread-1] INFO  c.z.t.t.k.s.l.TwitterKafkaStatusListener - Twitter status with the text consectetueradipiscingFuscedolorFuscedolorMicroservicessitcongueadipiscingultriciesMaecenas
2022-07-18 01:05:03 [pool-1-thread-1] INFO  c.z.t.t.k.s.l.TwitterKafkaStatusListener - Twitter status with the text ultriciesFuscemalesuadaadipiscingconsectetuerpulvinarMicroservicespurussedlectuslibero
2022-07-18 01:05:13 [pool-1-thread-1] INFO  c.z.t.t.k.s.l.TwitterKafkaStatusListener - Twitter status with the text FusceMaecenasmagnaadipiscingametipsumLoremMicroserviceslectusipsumLoremametlectuspulvinar
2022-07-18 01:05:23 [pool-1-thread-1] INFO  c.z.t.t.k.s.l.TwitterKafkaStatusListener - Twitter status with the text consectetuerLoremametconsectetuerMaecenasmagnamalesuadaposuereMicroservicesMaecenaspurusLoremdoloripsumlibero
2022-07-18 01:05:33 [pool-1-thread-1] INFO  c.z.t.t.k.s.l.TwitterKafkaStatusListener - Twitter status with the text posuereLorempulvinarultriciesmalesuadaipsumliberoMaecenasMicroservicesdolorFusceLorempurussedmagnaLorem
2022-07-18 01:05:43 [pool-1-thread-1] INFO  c.z.t.t.k.s.l.TwitterKafkaStatusListener - Twitter status with the text magnamagnamalesuadaipsumultriciesFuscesedMicroservicesconsectetuersitdolorlectusposuere
2022-07-18 01:05:53 [pool-1-thread-1] INFO  c.z.t.t.k.s.l.TwitterKafkaStatusListener - Twitter status with the text elitconsectetuerametsedMicroservicessitcongueultricies
2022-07-18 01:06:03 [pool-1-thread-1] INFO  c.z.t.t.k.s.l.TwitterKafkaStatusListener - Twitter status with the text LoremelitelitametipsumconsectetuersedMicroservicessitametmassaporttitorposuereultricies
2022-07-18 01:06:13 [pool-1-thread-1] INFO  c.z.t.t.k.s.l.TwitterKafkaStatusListener - Twitter status with the text consectetuermagnamagnaametmalesuadaMicroservicesmagnamalesuadapulvinar
2022-07-18 01:06:23 [pool-1-thread-1] INFO  c.z.t.t.k.s.l.TwitterKafkaStatusListener - Twitter status with the text elitultriciespurusMaecenasMicroservicesliberomalesuada
2022-07-18 01:06:33 [pool-1-thread-1] INFO  c.z.t.t.k.s.l.TwitterKafkaStatusListener - Twitter status with the text ultriciesmalesuadaipsumsitcongueMicroservicesFusceLoremultricies
2022-07-18 01:06:43 [pool-1-thread-1] INFO  c.z.t.t.k.s.l.TwitterKafkaStatusListener - Twitter status with the text sitadipiscingliberopulvinarultriciesultriciesMicroservicesadipiscingmalesuadamassapurus
2022-07-18 01:06:53 [pool-1-thread-1] INFO  c.z.t.t.k.s.l.TwitterKafkaStatusListener - Twitter status with the text consectetuerlectusliberoipsumMicroservicesconsectetuerultricies
2022-07-18 01:07:03 [pool-1-thread-1] INFO  c.z.t.t.k.s.l.TwitterKafkaStatusListener - Twitter status with the text malesuadaultriciesmassamassaametlectussedMicroservicesadipiscingconsectetuerlectusdolorcongue
2022-07-18 01:07:13 [pool-1-thread-1] INFO  c.z.t.t.k.s.l.TwitterKafkaStatusListener - Twitter status with the text adipiscingelitFusceconsectetueripsumMicroservicesametliberomagna
2022-07-18 01:07:23 [pool-1-thread-1] INFO  c.z.t.t.k.s.l.TwitterKafkaStatusListener - Twitter status with the text malesuadaliberoultricieselitporttitorMicroservicesFusceliberoporttitor
2022-07-18 01:07:33 [pool-1-thread-1] INFO  c.z.t.t.k.s.l.TwitterKafkaStatusListener - Twitter status with the text porttitormalesuadamalesuadaipsumsedconsectetuerMicroservicessedmagnamagnapurus
2022-07-18 01:07:43 [pool-1-thread-1] INFO  c.z.t.t.k.s.l.TwitterKafkaStatusListener - Twitter status with the text porttitorlectusconsectetuermassaMicroservicesporttitorelitdolor
2022-07-18 01:07:53 [pool-1-thread-1] INFO  c.z.t.t.k.s.l.TwitterKafkaStatusListener - Twitter status with the text ultriciespuruspuruselitconsectetuerametpurusMicroservicesdolordolorseddolorelitposuere
2022-07-18 01:08:03 [pool-1-thread-1] INFO  c.z.t.t.k.s.l.TwitterKafkaStatusListener - Twitter status with the text elitporttitoradipiscingcongueMaecenasMicroservicesametultriciesMaecenas
2022-07-18 01:08:13 [pool-1-thread-1] INFO  c.z.t.t.k.s.l.TwitterKafkaStatusListener - Twitter status with the text malesuadaconsectetuerMaecenaspulvinarconsectetuerLoremMicroservicesultriciesdolordolorpulvinar
2022-07-18 01:08:23 [pool-1-thread-1] INFO  c.z.t.t.k.s.l.TwitterKafkaStatusListener - Twitter status with the text ipsumconguepuruselitLoremposuerepurusMicroservicesconsectetuerLoremmalesuadaelitsed
2022-07-18 01:08:33 [pool-1-thread-1] INFO  c.z.t.t.k.s.l.TwitterKafkaStatusListener - Twitter status with the text elitpurusametadipiscingmalesuadalectusMicroservicesporttitorpuruslectusmagnamalesuada
2022-07-18 01:08:43 [pool-1-thread-1] INFO  c.z.t.t.k.s.l.TwitterKafkaStatusListener - Twitter status with the text porttitorliberomassapulvinarMicroservicesporttitorporttitorlectus
2022-07-18 01:08:53 [pool-1-thread-1] INFO  c.z.t.t.k.s.l.TwitterKafkaStatusListener - Twitter status with the text congueelitametliberoposueremassamalesuadaMicroservicesdolormalesuadaconguesedmagna
2022-07-18 01:09:03 [pool-1-thread-1] INFO  c.z.t.t.k.s.l.TwitterKafkaStatusListener - Twitter status with the text consectetuerliberoMaecenasadipiscingelitFusceposuereadipiscingMicroservicesMaecenasporttitorpurusmalesuadamagnaporttitor
2022-07-18 01:09:13 [pool-1-thread-1] INFO  c.z.t.t.k.s.l.TwitterKafkaStatusListener - Twitter status with the text ipsumconsectetuerMaecenasultriciesmagnamassaelitMicroservicesFusceMaecenaspurusmalesuadaliberoposuere
2022-07-18 01:09:23 [pool-1-thread-1] INFO  c.z.t.t.k.s.l.TwitterKafkaStatusListener - Twitter status with the text massaipsumLoremconsectetuerlectusporttitorultriciesametMicroservicessitlectusipsummagnalectusposuereelit
2022-07-18 01:09:33 [pool-1-thread-1] INFO  c.z.t.t.k.s.l.TwitterKafkaStatusListener - Twitter status with the text LoremsitmagnaMaecenasconsectetuerametelitMicroservicesporttitorseddolorpurusLorem
2022-07-18 01:09:43 [pool-1-thread-1] INFO  c.z.t.t.k.s.l.TwitterKafkaStatusListener - Twitter status with the text elitliberopuruslectusmassaMicroservicesconsectetuercongueporttitorcongue
2022-07-18 01:09:53 [pool-1-thread-1] INFO  c.z.t.t.k.s.l.TwitterKafkaStatusListener - Twitter status with the text elitmalesuadamalesuadaMicroservicesmagnaelit
2022-07-18 01:10:03 [pool-1-thread-1] INFO  c.z.t.t.k.s.l.TwitterKafkaStatusListener - Twitter status with the text dolordolordolorametpurusFusceMicroservicespurusmassaLoremadipiscing
2022-07-18 01:10:13 [pool-1-thread-1] INFO  c.z.t.t.k.s.l.TwitterKafkaStatusListener - Twitter status with the text sitporttitorametMaecenasMicroservicesLoremipsum
2022-07-18 01:10:23 [pool-1-thread-1] INFO  c.z.t.t.k.s.l.TwitterKafkaStatusListener - Twitter status with the text posuerelectussitmalesuadaipsumMicroservicesadipiscingelitmalesuadacongue
2022-07-18 01:10:33 [pool-1-thread-1] INFO  c.z.t.t.k.s.l.TwitterKafkaStatusListener - Twitter status with the text MaecenasmagnaelitlectusMicroservicesultriciespurus
2022-07-18 01:10:43 [pool-1-thread-1] INFO  c.z.t.t.k.s.l.TwitterKafkaStatusListener - Twitter status with the text elitporttitormalesuadaametlectusMicroservicesFuscesitpulvinarmalesuada
2022-07-18 01:10:53 [pool-1-thread-1] INFO  c.z.t.t.k.s.l.TwitterKafkaStatusListener - Twitter status with the text magnaametposuereLoremMaecenasMicroservicesmalesuadamassamagna
2022-07-18 01:11:03 [pool-1-thread-1] INFO  c.z.t.t.k.s.l.TwitterKafkaStatusListener - Twitter status with the text massaametmagnapulvinarconsectetuerFuscesitMicroservicesmalesuadalectuselitsitsitlibero
2022-07-18 01:11:13 [pool-1-thread-1] INFO  c.z.t.t.k.s.l.TwitterKafkaStatusListener - Twitter status with the text posuereporttitormalesuadapulvinarsedMicroserviceselitametposuerepurus
2022-07-18 01:11:23 [pool-1-thread-1] INFO  c.z.t.t.k.s.l.TwitterKafkaStatusListener - Twitter status with the text dolormalesuadamagnasedmassaMicroservicespuruspurusmagna
2022-07-18 01:11:33 [pool-1-thread-1] INFO  c.z.t.t.k.s.l.TwitterKafkaStatusListener - Twitter status with the text posuereelitMaecenasposuereLoremMicroservicesconsectetuermalesuadamassaadipiscing
2022-07-18 01:11:43 [pool-1-thread-1] INFO  c.z.t.t.k.s.l.TwitterKafkaStatusListener - Twitter status with the text malesuadaipsumliberoelitadipiscingmassaMicroservicesadipiscingFusceLoremmassa
2022-07-18 01:11:53 [pool-1-thread-1] INFO  c.z.t.t.k.s.l.TwitterKafkaStatusListener - Twitter status with the text pulvinarLoremconsectetuerlectusmassaposuereLoremsitMicroservicesdolorposuereipsummalesuadaultriciesadipiscing
2022-07-18 01:12:03 [pool-1-thread-1] INFO  c.z.t.t.k.s.l.TwitterKafkaStatusListener - Twitter status with the text adipiscingMaecenasadipiscingmalesuadaelitpulvinarlectusMicroservicesliberodolorsitMaecenasipsumpurus
2022-07-18 01:12:13 [pool-1-thread-1] INFO  c.z.t.t.k.s.l.TwitterKafkaStatusListener - Twitter status with the text magnaLorempulvinarLoremultriciesMicroservicesMaecenaslectusmagna
2022-07-18 01:12:23 [pool-1-thread-1] INFO  c.z.t.t.k.s.l.TwitterKafkaStatusListener - Twitter status with the text lectusporttitorultriciesFusceposueredoloripsumporttitorMicroservicesconsectetuerpulvinarsitLoremultriciesFusceconsectetuer
2022-07-18 01:12:33 [pool-1-thread-1] INFO  c.z.t.t.k.s.l.TwitterKafkaStatusListener - Twitter status with the text malesuadamassaconsectetuerdolorconsectetuerdolormassaMicroservicesconguemagnaconsectetuersitipsumsit
2022-07-18 01:12:43 [pool-1-thread-1] INFO  c.z.t.t.k.s.l.TwitterKafkaStatusListener - Twitter status with the text pulvinarsedultriciesMicroservicesmalesuadamalesuada
2022-07-18 01:12:53 [pool-1-thread-1] INFO  c.z.t.t.k.s.l.TwitterKafkaStatusListener - Twitter status with the text pulvinaradipiscingpurusdolorposuerepurusadipiscingmagnaMicroservicesadipiscingsedametcongueLoremadipiscing
2022-07-18 01:13:03 [pool-1-thread-1] INFO  c.z.t.t.k.s.l.TwitterKafkaStatusListener - Twitter status with the text sitporttitordolorMicroserviceslectusdolor
2022-07-18 01:13:13 [pool-1-thread-1] INFO  c.z.t.t.k.s.l.TwitterKafkaStatusListener - Twitter status with the text congueadipiscingpurusmalesuadapurusMicroservicespurusposueremagna
2022-07-18 01:13:23 [pool-1-thread-1] INFO  c.z.t.t.k.s.l.TwitterKafkaStatusListener - Twitter status with the text liberoliberoadipiscingFusceMicroservicesFusceMaecenas
2022-07-18 01:13:33 [pool-1-thread-1] INFO  c.z.t.t.k.s.l.TwitterKafkaStatusListener - Twitter status with the text ametadipiscingsedMaecenasdolorcongueMicroservicesmassaMaecenaselitLorem
2022-07-18 01:13:43 [pool-1-thread-1] INFO  c.z.t.t.k.s.l.TwitterKafkaStatusListener - Twitter status with the text posuereMaecenascongueultriciesLoremMicroservicescongueMaecenassedmassa
2022-07-18 01:13:53 [pool-1-thread-1] INFO  c.z.t.t.k.s.l.TwitterKafkaStatusListener - Twitter status with the text porttitorLoremFusceliberoelitliberoconsectetuerMicroservicescongueconsectetuerMaecenasametcongueposuere
2022-07-18 01:14:03 [pool-1-thread-1] INFO  c.z.t.t.k.s.l.TwitterKafkaStatusListener - Twitter status with the text magnaelitsitmassasedMicroservicesmassasedseddolor
2022-07-18 01:14:13 [pool-1-thread-1] INFO  c.z.t.t.k.s.l.TwitterKafkaStatusListener - Twitter status with the text puruslectusdolorconsectetuerdolorelitadipiscingMicroservicesultriciesmagnaipsumconsectetuerdolormalesuada
2022-07-18 01:14:23 [pool-1-thread-1] INFO  c.z.t.t.k.s.l.TwitterKafkaStatusListener - Twitter status with the text adipiscingliberopurusmagnaposuereMicroservicespulvinaradipiscingpulvinar
2022-07-18 01:14:33 [pool-1-thread-1] INFO  c.z.t.t.k.s.l.TwitterKafkaStatusListener - Twitter status with the text magnamalesuadaLoremipsumlectusultriciesmassamassaMicroservicescongueporttitorlectusultriciesporttitorametcongue
2022-07-18 01:14:43 [pool-1-thread-1] INFO  c.z.t.t.k.s.l.TwitterKafkaStatusListener - Twitter status with the text situltriciesliberomalesuadaLoremFusceMicroservicesconsectetuerultriciesliberomassaultricies
2022-07-18 01:14:53 [pool-1-thread-1] INFO  c.z.t.t.k.s.l.TwitterKafkaStatusListener - Twitter status with the text sedlectuselitmalesuadamalesuadaMicroservicesmassaametLoremsed
2022-07-18 01:15:03 [pool-1-thread-1] INFO  c.z.t.t.k.s.l.TwitterKafkaStatusListener - Twitter status with the text liberoposueremassasitpurusametelitMicroservicesmalesuadaadipiscingultriciespurusliberoadipiscing
2022-07-18 01:15:13 [pool-1-thread-1] INFO  c.z.t.t.k.s.l.TwitterKafkaStatusListener - Twitter status with the text liberomagnalectusadipiscingconguepulvinarsedmassaMicroservicesmassamagnaadipiscingporttitorFuscedolor
2022-07-18 01:15:23 [pool-1-thread-1] INFO  c.z.t.t.k.s.l.TwitterKafkaStatusListener - Twitter status with the text ametmagnamassapulvinarultriciesposuereFuscelectusMicroserviceselitpulvinarporttitorposueremalesuadapurusadipiscing
2022-07-18 01:15:33 [pool-1-thread-1] INFO  c.z.t.t.k.s.l.TwitterKafkaStatusListener - Twitter status with the text MaecenasliberoametdolorconsectetuersitMicroservicesporttitormalesuadalectusposuereconsectetuer
2022-07-18 01:15:43 [pool-1-thread-1] INFO  c.z.t.t.k.s.l.TwitterKafkaStatusListener - Twitter status with the text LoremconsectetuerconsectetuermalesuadaMicroservicesmagnalectus
2022-07-18 01:15:53 [pool-1-thread-1] INFO  c.z.t.t.k.s.l.TwitterKafkaStatusListener - Twitter status with the text purusmassalectuselitmalesuadaametpulvinarMicroserviceselitsedcongueametpulvinar
2022-07-18 01:16:03 [pool-1-thread-1] INFO  c.z.t.t.k.s.l.TwitterKafkaStatusListener - Twitter status with the text elitelitelitposuereporttitorMicroserviceslectusporttitoripsum
2022-07-18 01:16:13 [pool-1-thread-1] INFO  c.z.t.t.k.s.l.TwitterKafkaStatusListener - Twitter status with the text posuereelitipsummalesuadalectusMicroservicesmagnaadipiscingsit
2022-07-18 01:16:23 [pool-1-thread-1] INFO  c.z.t.t.k.s.l.TwitterKafkaStatusListener - Twitter status with the text malesuadaLoremmassaliberoelitMicroservicescongueLoremFusceelit
2022-07-18 01:16:33 [pool-1-thread-1] INFO  c.z.t.t.k.s.l.TwitterKafkaStatusListener - Twitter status with the text conguemassaFuscelectuslectusipsumametMicroservicesdoloradipiscingmalesuadasedadipiscing
2022-07-18 01:16:43 [pool-1-thread-1] INFO  c.z.t.t.k.s.l.TwitterKafkaStatusListener - Twitter status with the text pulvinarMaecenasLoremdolorporttitorametMicroservicesmassaipsumconsectetuerposuereamet
2022-07-18 01:16:53 [pool-1-thread-1] INFO  c.z.t.t.k.s.l.TwitterKafkaStatusListener - Twitter status with the text congueametmalesuadaMaecenaselitcongueMicroservicesFusceconguemagnaamet
2022-07-18 01:17:03 [pool-1-thread-1] INFO  c.z.t.t.k.s.l.TwitterKafkaStatusListener - Twitter status with the text sitporttitorsitelitsedporttitorMicroservicessitLoremametconguepulvinar
2022-07-18 01:17:13 [pool-1-thread-1] INFO  c.z.t.t.k.s.l.TwitterKafkaStatusListener - Twitter status with the text massamassamagnaFusceporttitorsitMicroservicesLoremmassaultriciesmalesuada
2022-07-18 01:17:23 [pool-1-thread-1] INFO  c.z.t.t.k.s.l.TwitterKafkaStatusListener - Twitter status with the text adipiscingpurusliberoFuscemalesuadaFusceMicroservicescongueMaecenassitadipiscing
2022-07-18 01:17:33 [pool-1-thread-1] INFO  c.z.t.t.k.s.l.TwitterKafkaStatusListener - Twitter status with the text liberoFusceliberoposueresedMicroservicesseddolorsitlibero
2022-07-18 01:17:43 [pool-1-thread-1] INFO  c.z.t.t.k.s.l.TwitterKafkaStatusListener - Twitter status with the text dolormagnamalesuadaposuereMicroservicessedFusceLorem
2022-07-18 01:17:53 [pool-1-thread-1] INFO  c.z.t.t.k.s.l.TwitterKafkaStatusListener - Twitter status with the text massamalesuadamassamassaLoremMicroservicesdolormalesuadaliberodolor
2022-07-18 01:18:03 [pool-1-thread-1] INFO  c.z.t.t.k.s.l.TwitterKafkaStatusListener - Twitter status with the text ultriciesconguesedFusceultriciesMicroservicesLoremmagnaMaecenasipsum
2022-07-18 01:18:13 [pool-1-thread-1] INFO  c.z.t.t.k.s.l.TwitterKafkaStatusListener - Twitter status with the text sedconsectetuerliberoMicroservicessedlibero
2022-07-18 01:18:23 [pool-1-thread-1] INFO  c.z.t.t.k.s.l.TwitterKafkaStatusListener - Twitter status with the text ipsumlectusadipiscingmalesuadaconguecongueelitliberoMicroservicesmagnamagnaelitliberoultricieslectusadipiscing
2022-07-18 01:18:33 [pool-1-thread-1] INFO  c.z.t.t.k.s.l.TwitterKafkaStatusListener - Twitter status with the text massaliberoultriciesMicroservicesLoremsit
2022-07-18 01:18:43 [pool-1-thread-1] INFO  c.z.t.t.k.s.l.TwitterKafkaStatusListener - Twitter status with the text MaecenasconguemalesuadaMicroservicesLoremmalesuada
2022-07-18 01:18:53 [pool-1-thread-1] INFO  c.z.t.t.k.s.l.TwitterKafkaStatusListener - Twitter status with the text doloradipiscingconguemassaporttitormagnaMaecenasipsumMicroservicesconguemassaposuerelectusmassapulvinar
2022-07-18 01:19:03 [pool-1-thread-1] INFO  c.z.t.t.k.s.l.TwitterKafkaStatusListener - Twitter status with the text LoremipsumLoremultriciesMicroservicesmalesuadaporttitorlibero
2022-07-18 01:19:13 [pool-1-thread-1] INFO  c.z.t.t.k.s.l.TwitterKafkaStatusListener - Twitter status with the text ultriciesconguesitpurusconsectetuerMicroservicesFusceporttitoripsumultricies
2022-07-18 01:19:23 [pool-1-thread-1] INFO  c.z.t.t.k.s.l.TwitterKafkaStatusListener - Twitter status with the text massaipsumsitultricieslectusMicroservicesliberoporttitorsitMaecenas
2022-07-18 01:19:33 [pool-1-thread-1] INFO  c.z.t.t.k.s.l.TwitterKafkaStatusListener - Twitter status with the text sedsedadipiscingMicroservicessedelit
2022-07-18 01:19:43 [pool-1-thread-1] INFO  c.z.t.t.k.s.l.TwitterKafkaStatusListener - Twitter status with the text malesuadaMaecenascongueametmalesuadaMaecenasipsumsitMicroservicesmagnaadipiscingliberomagnaipsumdolorlibero
2022-07-18 01:19:53 [pool-1-thread-1] INFO  c.z.t.t.k.s.l.TwitterKafkaStatusListener - Twitter status with the text malesuadasedporttitorposuereMicroservicesmassaamet
2022-07-18 01:20:04 [pool-1-thread-1] INFO  c.z.t.t.k.s.l.TwitterKafkaStatusListener - Twitter status with the text sedpulvinaripsumelitsedMicroservicespurusposuereposuere
2022-07-18 01:20:14 [pool-1-thread-1] INFO  c.z.t.t.k.s.l.TwitterKafkaStatusListener - Twitter status with the text magnamassasitipsumMicroservicesdolorMaecenasMaecenas
2022-07-18 01:20:24 [pool-1-thread-1] INFO  c.z.t.t.k.s.l.TwitterKafkaStatusListener - Twitter status with the text pulvinarametpurusipsumMicroservicesposueremassaelit
2022-07-18 01:20:34 [pool-1-thread-1] INFO  c.z.t.t.k.s.l.TwitterKafkaStatusListener - Twitter status with the text seddolorporttitoradipiscingelitsitMicroservicesmassaporttitorporttitorconsectetuer
2022-07-18 01:20:44 [pool-1-thread-1] INFO  c.z.t.t.k.s.l.TwitterKafkaStatusListener - Twitter status with the text FuscesedmalesuadamagnaposuereultriciesdolorultriciesMicroservicesconsectetuerametconsectetueripsumsitelit
2022-07-18 01:20:54 [pool-1-thread-1] INFO  c.z.t.t.k.s.l.TwitterKafkaStatusListener - Twitter status with the text ultriciesultricieslectuscongueposuereMicroservicesliberositmalesuada
2022-07-18 01:21:04 [pool-1-thread-1] INFO  c.z.t.t.k.s.l.TwitterKafkaStatusListener - Twitter status with the text ultriciespulvinarposuereposuerepurusLoremdolorporttitorMicroservicespurusFuscedolorMaecenasconsectetuerMaecenassed
2022-07-18 01:21:14 [pool-1-thread-1] INFO  c.z.t.t.k.s.l.TwitterKafkaStatusListener - Twitter status with the text dolorLoremmalesuadalectuspulvinarMicroservicesmalesuadasedametmagna
2022-07-18 01:21:24 [pool-1-thread-1] INFO  c.z.t.t.k.s.l.TwitterKafkaStatusListener - Twitter status with the text consectetuerlectusliberoMaecenasMicroservicesporttitorelit
2022-07-18 01:21:34 [pool-1-thread-1] INFO  c.z.t.t.k.s.l.TwitterKafkaStatusListener - Twitter status with the text posuereposueredoloradipiscingporttitorpulvinarametMicroservicesipsumconguepurusmalesuadaelitmalesuada
2022-07-18 01:21:44 [pool-1-thread-1] INFO  c.z.t.t.k.s.l.TwitterKafkaStatusListener - Twitter status with the text ametpurussedsitconsectetuerMicroservicesMaecenasipsumFusce
2022-07-18 01:21:54 [pool-1-thread-1] INFO  c.z.t.t.k.s.l.TwitterKafkaStatusListener - Twitter status with the text dolormalesuadamassaliberoporttitorLoremmagnaadipiscingMicroservicessedametcongueultricieslectusposuerepurus
2022-07-18 01:22:04 [pool-1-thread-1] INFO  c.z.t.t.k.s.l.TwitterKafkaStatusListener - Twitter status with the text dolorpurusMaecenasposueresedMicroservicesmagnamagnapulvinaripsum
2022-07-18 01:22:14 [pool-1-thread-1] INFO  c.z.t.t.k.s.l.TwitterKafkaStatusListener - Twitter status with the text magnaametmagnapulvinardolorMicroservicesdolorelitsitFusce
2022-07-18 01:22:24 [pool-1-thread-1] INFO  c.z.t.t.k.s.l.TwitterKafkaStatusListener - Twitter status with the text ametpulvinaradipiscinglectuspulvinarametporttitorpulvinarMicroservicesipsumipsumsitFusceametporttitor
2022-07-18 01:22:34 [pool-1-thread-1] INFO  c.z.t.t.k.s.l.TwitterKafkaStatusListener - Twitter status with the text ipsumFuscemassaultriciesconsectetuerMicroservicesmalesuadaconsectetuerMaecenasconsectetuer
2022-07-18 01:22:44 [pool-1-thread-1] INFO  c.z.t.t.k.s.l.TwitterKafkaStatusListener - Twitter status with the text congueadipiscingsitconsectetuerlectuselitMicroserviceselitametultriciespurus
2022-07-18 01:22:54 [pool-1-thread-1] INFO  c.z.t.t.k.s.l.TwitterKafkaStatusListener - Twitter status with the text sitMaecenasposuereconsectetuermagnaultriciesMicroservicesmalesuadasitporttitorposuere
2022-07-18 01:23:04 [pool-1-thread-1] INFO  c.z.t.t.k.s.l.TwitterKafkaStatusListener - Twitter status with the text ipsumametposuereMicroservicesmassaultricies
2022-07-18 01:23:14 [pool-1-thread-1] INFO  c.z.t.t.k.s.l.TwitterKafkaStatusListener - Twitter status with the text sedsitmalesuadaadipiscingMicroservicesconsectetuerMaecenasmalesuada
2022-07-18 01:23:24 [pool-1-thread-1] INFO  c.z.t.t.k.s.l.TwitterKafkaStatusListener - Twitter status with the text congueconsectetuerporttitorconguemalesuadaMicroservicescongueultriciesipsum
2022-07-18 01:23:34 [pool-1-thread-1] INFO  c.z.t.t.k.s.l.TwitterKafkaStatusListener - Twitter status with the text lectusLoremmagnaFuscepulvinarlectusMicroservicesmagnasedLoremsitdolor
2022-07-18 01:23:44 [pool-1-thread-1] INFO  c.z.t.t.k.s.l.TwitterKafkaStatusListener - Twitter status with the text pulvinarmagnaLorempulvinarconsectetuerMicroservicesconsectetuerMaecenaslibero
2022-07-18 01:23:54 [pool-1-thread-1] INFO  c.z.t.t.k.s.l.TwitterKafkaStatusListener - Twitter status with the text purusdolormagnaFusceMicroservicesametLorem
2022-07-18 01:24:04 [pool-1-thread-1] INFO  c.z.t.t.k.s.l.TwitterKafkaStatusListener - Twitter status with the text pulvinarconsectetuermagnapurussedMicroservicesmassaconguecongueFusce
2022-07-18 01:24:14 [pool-1-thread-1] INFO  c.z.t.t.k.s.l.TwitterKafkaStatusListener - Twitter status with the text posueresedcongueliberoipsumMicroservicesLoremelitmagnaamet
2022-07-18 01:24:24 [pool-1-thread-1] INFO  c.z.t.t.k.s.l.TwitterKafkaStatusListener - Twitter status with the text pulvinarliberosedliberomalesuadaadipiscingMicroservicesliberoipsumlectussed
2022-07-18 01:24:34 [pool-1-thread-1] INFO  c.z.t.t.k.s.l.TwitterKafkaStatusListener - Twitter status with the text MaecenassedsitmalesuadadoloradipiscingconsectetuerpulvinarMicroservicespuruspulvinarconsectetuerporttitorsedliberoFusce
2022-07-18 01:24:44 [pool-1-thread-1] INFO  c.z.t.t.k.s.l.TwitterKafkaStatusListener - Twitter status with the text ultriciesLoremconsectetuerelitsitLoremipsumMicroservicescongueametsitliberoultricies
2022-07-18 01:24:54 [pool-1-thread-1] INFO  c.z.t.t.k.s.l.TwitterKafkaStatusListener - Twitter status with the text sitLoremFuscepulvinarMicroservicesliberosed
2022-07-18 01:25:04 [pool-1-thread-1] INFO  c.z.t.t.k.s.l.TwitterKafkaStatusListener - Twitter status with the text sitconsectetuerMaecenaslectussedporttitorMicroservicesultriciessedultriciespulvinarultricies
2022-07-18 01:25:14 [pool-1-thread-1] INFO  c.z.t.t.k.s.l.TwitterKafkaStatusListener - Twitter status with the text ametLoremelitmagnalectusametpurusMicroservicesmagnamagnaconsectetuerelitdolorelit
2022-07-18 01:25:24 [pool-1-thread-1] INFO  c.z.t.t.k.s.l.TwitterKafkaStatusListener - Twitter status with the text malesuadaipsumconsectetuerultriciesLoremultriciesMicroservicesipsumdolorFusceconsectetuer
2022-07-18 01:25:34 [pool-1-thread-1] INFO  c.z.t.t.k.s.l.TwitterKafkaStatusListener - Twitter status with the text consectetuerultriciespurusconsectetuermalesuadapurusLoremMicroservicessitipsumultriciesametpulvinaripsum
2022-07-18 01:25:44 [pool-1-thread-1] INFO  c.z.t.t.k.s.l.TwitterKafkaStatusListener - Twitter status with the text lectusultriciesdolorFusceMicroservicessedporttitor
2022-07-18 01:25:54 [pool-1-thread-1] INFO  c.z.t.t.k.s.l.TwitterKafkaStatusListener - Twitter status with the text LoremconsectetuermassaFuscecongueipsumMicroserviceselitporttitorsitmagna
2022-07-18 01:26:04 [pool-1-thread-1] INFO  c.z.t.t.k.s.l.TwitterKafkaStatusListener - Twitter status with the text LoremmassaFusceMaecenasipsumliberoultriciesMicroservicesLorempulvinarconsectetueripsumsedlectus
2022-07-18 01:26:14 [pool-1-thread-1] INFO  c.z.t.t.k.s.l.TwitterKafkaStatusListener - Twitter status with the text liberoipsummalesuadacongueseddolorMaecenasMicroservicesposueremagnaLoremLoremMaecenas
2022-07-18 01:26:24 [pool-1-thread-1] INFO  c.z.t.t.k.s.l.TwitterKafkaStatusListener - Twitter status with the text liberolectusliberoMicroservicesconsectetuerultricies
2022-07-18 01:26:34 [pool-1-thread-1] INFO  c.z.t.t.k.s.l.TwitterKafkaStatusListener - Twitter status with the text dolorsitconguemalesuadaadipiscingpulvinarMicroservicessitlectusmalesuadaposuere
2022-07-18 01:26:44 [pool-1-thread-1] INFO  c.z.t.t.k.s.l.TwitterKafkaStatusListener - Twitter status with the text liberomalesuadapulvinarlectusmagnaLoremsitliberoMicroservicesLoremLoremporttitordoloradipiscingLoremlectus
2022-07-18 01:26:54 [pool-1-thread-1] INFO  c.z.t.t.k.s.l.TwitterKafkaStatusListener - Twitter status with the text porttitorconguesedsedMicroserviceslectussed
2022-07-18 01:27:04 [pool-1-thread-1] INFO  c.z.t.t.k.s.l.TwitterKafkaStatusListener - Twitter status with the text ultriciesdoloradipiscingultriciesmalesuadapurusadipiscingMicroservicesposueremagnaliberoultriciesametconsectetuer
2022-07-18 01:27:14 [pool-1-thread-1] INFO  c.z.t.t.k.s.l.TwitterKafkaStatusListener - Twitter status with the text malesuadasitpulvinarmagnapuruselitMicroservicessitultriciesdolordolor
2022-07-18 01:27:24 [pool-1-thread-1] INFO  c.z.t.t.k.s.l.TwitterKafkaStatusListener - Twitter status with the text ametmassaipsumposuereipsumlectusMicroservicespulvinarsitpuruscongue
2022-07-18 01:27:34 [pool-1-thread-1] INFO  c.z.t.t.k.s.l.TwitterKafkaStatusListener - Twitter status with the text sitmalesuadalectusconsectetuerMaecenasultriciesMicroservicessitadipiscingMaecenaselit
